<?xml version="1.0" encoding="UTF-8"?>
<coverage generated="1636856761999" clover="3.2.0">
  <project timestamp="1636856761999" name="All files">
    <metrics statements="854" coveredstatements="556" conditionals="264" coveredconditionals="130" methods="324" coveredmethods="166" elements="1442" coveredelements="852" complexity="0" loc="854" ncloc="854" packages="38" files="104" classes="104"/>
    <package name="src">
      <metrics statements="88" coveredstatements="9" conditionals="48" coveredconditionals="0" methods="31" coveredmethods="0"/>
      <file name="App.js" path="C:\web-dev\React\supreme-octo-guacamole-cloting-master\supreme-octo-guacamole-cloting\client\src\App.js">
        <metrics statements="14" coveredstatements="0" conditionals="2" coveredconditionals="0" methods="10" coveredmethods="0"/>
        <line num="17" count="0" type="stmt"/>
        <line num="18" count="0" type="stmt"/>
        <line num="19" count="0" type="stmt"/>
        <line num="20" count="0" type="stmt"/>
        <line num="21" count="0" type="stmt"/>
        <line num="23" count="0" type="stmt"/>
        <line num="26" count="0" type="stmt"/>
        <line num="28" count="0" type="stmt"/>
        <line num="29" count="0" type="stmt"/>
        <line num="31" count="0" type="stmt"/>
        <line num="45" count="0" type="cond" truecount="0" falsecount="2"/>
        <line num="57" count="0" type="stmt"/>
        <line num="60" count="0" type="stmt"/>
        <line num="61" count="0" type="stmt"/>
      </file>
      <file name="global.styles.js" path="C:\web-dev\React\supreme-octo-guacamole-cloting-master\supreme-octo-guacamole-cloting\client\src\global.styles.js">
        <metrics statements="9" coveredstatements="9" conditionals="0" coveredconditionals="0" methods="0" coveredmethods="0"/>
        <line num="3" count="15" type="stmt"/>
        <line num="4" count="15" type="stmt"/>
        <line num="5" count="15" type="stmt"/>
        <line num="7" count="15" type="stmt"/>
        <line num="13" count="15" type="stmt"/>
        <line num="22" count="15" type="stmt"/>
        <line num="29" count="15" type="stmt"/>
        <line num="37" count="15" type="stmt"/>
        <line num="54" count="15" type="stmt"/>
      </file>
      <file name="history.js" path="C:\web-dev\React\supreme-octo-guacamole-cloting-master\supreme-octo-guacamole-cloting\client\src\history.js">
        <metrics statements="0" coveredstatements="0" conditionals="0" coveredconditionals="0" methods="0" coveredmethods="0"/>
      </file>
      <file name="index.js" path="C:\web-dev\React\supreme-octo-guacamole-cloting-master\supreme-octo-guacamole-cloting\client\src\index.js">
        <metrics statements="2" coveredstatements="0" conditionals="0" coveredconditionals="0" methods="0" coveredmethods="0"/>
        <line num="12" count="0" type="stmt"/>
        <line num="23" count="0" type="stmt"/>
      </file>
      <file name="reportWebVitals.js" path="C:\web-dev\React\supreme-octo-guacamole-cloting-master\supreme-octo-guacamole-cloting\client\src\reportWebVitals.js">
        <metrics statements="8" coveredstatements="0" conditionals="4" coveredconditionals="0" methods="2" coveredmethods="0"/>
        <line num="1" count="0" type="stmt"/>
        <line num="2" count="0" type="cond" truecount="0" falsecount="4"/>
        <line num="3" count="0" type="stmt"/>
        <line num="4" count="0" type="stmt"/>
        <line num="5" count="0" type="stmt"/>
        <line num="6" count="0" type="stmt"/>
        <line num="7" count="0" type="stmt"/>
        <line num="8" count="0" type="stmt"/>
      </file>
      <file name="service-worker.js" path="C:\web-dev\React\supreme-octo-guacamole-cloting-master\supreme-octo-guacamole-cloting\client\src\service-worker.js">
        <metrics statements="16" coveredstatements="0" conditionals="10" coveredconditionals="0" methods="3" coveredmethods="0"/>
        <line num="16" count="0" type="stmt"/>
        <line num="22" count="0" type="stmt"/>
        <line num="27" count="0" type="stmt"/>
        <line num="28" count="0" type="stmt"/>
        <line num="32" count="0" type="cond" truecount="0" falsecount="2"/>
        <line num="33" count="0" type="stmt"/>
        <line num="36" count="0" type="cond" truecount="0" falsecount="2"/>
        <line num="37" count="0" type="stmt"/>
        <line num="40" count="0" type="cond" truecount="0" falsecount="2"/>
        <line num="41" count="0" type="stmt"/>
        <line num="44" count="0" type="stmt"/>
        <line num="52" count="0" type="stmt"/>
        <line num="53" count="0" type="stmt"/>
        <line num="67" count="0" type="stmt"/>
        <line num="68" count="0" type="cond" truecount="0" falsecount="4"/>
        <line num="69" count="0" type="stmt"/>
      </file>
      <file name="serviceWorkerRegistration.js" path="C:\web-dev\React\supreme-octo-guacamole-cloting-master\supreme-octo-guacamole-cloting\client\src\serviceWorkerRegistration.js">
        <metrics statements="39" coveredstatements="0" conditionals="32" coveredconditionals="0" methods="16" coveredmethods="0"/>
        <line num="13" count="0" type="stmt"/>
        <line num="22" count="0" type="cond" truecount="0" falsecount="4"/>
        <line num="24" count="0" type="stmt"/>
        <line num="25" count="0" type="cond" truecount="0" falsecount="2"/>
        <line num="29" count="0" type="stmt"/>
        <line num="32" count="0" type="stmt"/>
        <line num="33" count="0" type="stmt"/>
        <line num="35" count="0" type="cond" truecount="0" falsecount="2"/>
        <line num="37" count="0" type="stmt"/>
        <line num="41" count="0" type="stmt"/>
        <line num="42" count="0" type="stmt"/>
        <line num="49" count="0" type="stmt"/>
        <line num="56" count="0" type="stmt"/>
        <line num="59" count="0" type="stmt"/>
        <line num="60" count="0" type="stmt"/>
        <line num="61" count="0" type="cond" truecount="0" falsecount="2"/>
        <line num="62" count="0" type="stmt"/>
        <line num="64" count="0" type="stmt"/>
        <line num="65" count="0" type="cond" truecount="0" falsecount="2"/>
        <line num="66" count="0" type="cond" truecount="0" falsecount="2"/>
        <line num="70" count="0" type="stmt"/>
        <line num="76" count="0" type="cond" truecount="0" falsecount="4"/>
        <line num="77" count="0" type="stmt"/>
        <line num="83" count="0" type="stmt"/>
        <line num="86" count="0" type="cond" truecount="0" falsecount="4"/>
        <line num="87" count="0" type="stmt"/>
        <line num="95" count="0" type="stmt"/>
        <line num="101" count="0" type="stmt"/>
        <line num="106" count="0" type="stmt"/>
        <line num="107" count="0" type="cond" truecount="0" falsecount="2"/>
        <line num="112" count="0" type="stmt"/>
        <line num="113" count="0" type="stmt"/>
        <line num="114" count="0" type="stmt"/>
        <line num="119" count="0" type="stmt"/>
        <line num="123" count="0" type="stmt"/>
        <line num="128" count="0" type="cond" truecount="0" falsecount="2"/>
        <line num="129" count="0" type="stmt"/>
        <line num="131" count="0" type="stmt"/>
        <line num="134" count="0" type="stmt"/>
      </file>
    </package>
    <package name="src.components.cart-dropdown">
      <metrics statements="12" coveredstatements="11" conditionals="2" coveredconditionals="1" methods="4" coveredmethods="3"/>
      <file name="cart-dropdown.component.jsx" path="C:\web-dev\React\supreme-octo-guacamole-cloting-master\supreme-octo-guacamole-cloting\client\src\components\cart-dropdown\cart-dropdown.component.jsx">
        <metrics statements="7" coveredstatements="6" conditionals="2" coveredconditionals="1" methods="4" coveredmethods="3"/>
        <line num="17" count="2" type="stmt"/>
        <line num="18" count="1" type="stmt"/>
        <line num="19" count="1" type="stmt"/>
        <line num="22" count="4" type="stmt"/>
        <line num="27" count="0" type="stmt"/>
        <line num="34" count="1" type="stmt"/>
        <line num="41" count="2" type="stmt"/>
      </file>
      <file name="cart-dropdown.styles.jsx" path="C:\web-dev\React\supreme-octo-guacamole-cloting-master\supreme-octo-guacamole-cloting\client\src\components\cart-dropdown\cart-dropdown.styles.jsx">
        <metrics statements="5" coveredstatements="5" conditionals="0" coveredconditionals="0" methods="0" coveredmethods="0"/>
        <line num="5" count="2" type="stmt"/>
        <line num="14" count="2" type="stmt"/>
        <line num="21" count="2" type="stmt"/>
        <line num="24" count="2" type="stmt"/>
        <line num="26" count="2" type="stmt"/>
      </file>
    </package>
    <package name="src.components.cart-icon">
      <metrics statements="9" coveredstatements="8" conditionals="0" coveredconditionals="0" methods="3" coveredmethods="2"/>
      <file name="cart-icon.component.jsx" path="C:\web-dev\React\supreme-octo-guacamole-cloting-master\supreme-octo-guacamole-cloting\client\src\components\cart-icon\cart-icon.component.jsx">
        <metrics statements="4" coveredstatements="3" conditionals="0" coveredconditionals="0" methods="3" coveredmethods="2"/>
        <line num="14" count="5" type="stmt"/>
        <line num="21" count="3" type="stmt"/>
        <line num="22" count="0" type="stmt"/>
        <line num="25" count="2" type="stmt"/>
      </file>
      <file name="cart-icon.styles.jsx" path="C:\web-dev\React\supreme-octo-guacamole-cloting-master\supreme-octo-guacamole-cloting\client\src\components\cart-icon\cart-icon.styles.jsx">
        <metrics statements="5" coveredstatements="5" conditionals="0" coveredconditionals="0" methods="0" coveredmethods="0"/>
        <line num="4" count="2" type="stmt"/>
        <line num="5" count="2" type="stmt"/>
        <line num="35" count="2" type="stmt"/>
        <line num="36" count="2" type="stmt"/>
        <line num="41" count="2" type="stmt"/>
      </file>
    </package>
    <package name="src.components.cart-item">
      <metrics statements="4" coveredstatements="4" conditionals="0" coveredconditionals="0" methods="1" coveredmethods="1"/>
      <file name="cart-item.component.jsx" path="C:\web-dev\React\supreme-octo-guacamole-cloting-master\supreme-octo-guacamole-cloting\client\src\components\cart-item\cart-item.component.jsx">
        <metrics statements="1" coveredstatements="1" conditionals="0" coveredconditionals="0" methods="1" coveredmethods="1"/>
        <line num="10" count="1" type="stmt"/>
      </file>
      <file name="cart-item.styles.jsx" path="C:\web-dev\React\supreme-octo-guacamole-cloting-master\supreme-octo-guacamole-cloting\client\src\components\cart-item\cart-item.styles.jsx">
        <metrics statements="3" coveredstatements="3" conditionals="0" coveredconditionals="0" methods="0" coveredmethods="0"/>
        <line num="3" count="3" type="stmt"/>
        <line num="9" count="3" type="stmt"/>
        <line num="13" count="3" type="stmt"/>
      </file>
    </package>
    <package name="src.components.checkout-item">
      <metrics statements="23" coveredstatements="20" conditionals="4" coveredconditionals="2" methods="8" coveredmethods="5"/>
      <file name="checkout-item.component.jsx" path="C:\web-dev\React\supreme-octo-guacamole-cloting-master\supreme-octo-guacamole-cloting\client\src\components\checkout-item\checkout-item.component.jsx">
        <metrics statements="10" coveredstatements="7" conditionals="4" coveredconditionals="2" methods="8" coveredmethods="5"/>
        <line num="23" count="6" type="stmt"/>
        <line num="24" count="6" type="stmt"/>
        <line num="25" count="6" type="stmt"/>
        <line num="34" count="1" type="stmt"/>
        <line num="41" count="1" type="stmt"/>
        <line num="52" count="1" type="stmt"/>
        <line num="65" count="4" type="stmt"/>
        <line num="66" count="0" type="stmt"/>
        <line num="67" count="0" type="stmt"/>
        <line num="68" count="0" type="stmt"/>
      </file>
      <file name="checkout-item.styles.jsx" path="C:\web-dev\React\supreme-octo-guacamole-cloting-master\supreme-octo-guacamole-cloting\client\src\components\checkout-item\checkout-item.styles.jsx">
        <metrics statements="13" coveredstatements="13" conditionals="0" coveredconditionals="0" methods="0" coveredmethods="0"/>
        <line num="3" count="2" type="stmt"/>
        <line num="9" count="2" type="stmt"/>
        <line num="15" count="2" type="stmt"/>
        <line num="21" count="2" type="stmt"/>
        <line num="28" count="2" type="stmt"/>
        <line num="45" count="2" type="stmt"/>
        <line num="52" count="2" type="stmt"/>
        <line num="57" count="2" type="stmt"/>
        <line num="62" count="2" type="stmt"/>
        <line num="66" count="2" type="stmt"/>
        <line num="69" count="2" type="stmt"/>
        <line num="73" count="2" type="stmt"/>
        <line num="76" count="2" type="stmt"/>
      </file>
    </package>
    <package name="src.components.collection-item">
      <metrics statements="14" coveredstatements="13" conditionals="0" coveredconditionals="0" methods="5" coveredmethods="3"/>
      <file name="collection-item.component.jsx" path="C:\web-dev\React\supreme-octo-guacamole-cloting-master\supreme-octo-guacamole-cloting\client\src\components\collection-item\collection-item.component.jsx">
        <metrics statements="5" coveredstatements="4" conditionals="0" coveredconditionals="0" methods="4" coveredmethods="2"/>
        <line num="15" count="2" type="stmt"/>
        <line num="16" count="2" type="stmt"/>
        <line num="29" count="1" type="stmt"/>
        <line num="36" count="5" type="stmt"/>
        <line num="37" count="0" type="stmt"/>
      </file>
      <file name="collection-item.styles.jsx" path="C:\web-dev\React\supreme-octo-guacamole-cloting-master\supreme-octo-guacamole-cloting\client\src\components\collection-item\collection-item.styles.jsx">
        <metrics statements="9" coveredstatements="9" conditionals="0" coveredconditionals="0" methods="1" coveredmethods="1"/>
        <line num="7" count="5" type="stmt"/>
        <line num="8" count="2" type="stmt"/>
        <line num="11" count="5" type="stmt"/>
        <line num="46" count="5" type="stmt"/>
        <line num="58" count="5" type="stmt"/>
        <line num="66" count="5" type="stmt"/>
        <line num="70" count="5" type="stmt"/>
        <line num="74" count="5" type="stmt"/>
        <line num="85" count="5" type="stmt"/>
      </file>
    </package>
    <package name="src.components.collection-preview">
      <metrics statements="16" coveredstatements="9" conditionals="4" coveredconditionals="1" methods="7" coveredmethods="2"/>
      <file name="collection-preview.component.jsx" path="C:\web-dev\React\supreme-octo-guacamole-cloting-master\supreme-octo-guacamole-cloting\client\src\components\collection-preview\collection-preview.component.jsx">
        <metrics statements="13" coveredstatements="6" conditionals="4" coveredconditionals="1" methods="7" coveredmethods="2"/>
        <line num="13" count="2" type="stmt"/>
        <line num="14" count="2" type="stmt"/>
        <line num="15" count="2" type="stmt"/>
        <line num="16" count="0" type="stmt"/>
        <line num="17" count="0" type="stmt"/>
        <line num="19" count="2" type="stmt"/>
        <line num="20" count="0" type="stmt"/>
        <line num="21" count="0" type="stmt"/>
        <line num="23" count="2" type="stmt"/>
        <line num="27" count="1" type="stmt"/>
        <line num="33" count="0" type="stmt"/>
        <line num="35" count="0" type="stmt"/>
        <line num="42" count="0" type="cond" truecount="0" falsecount="2"/>
      </file>
      <file name="collection-preview.styles.jsx" path="C:\web-dev\React\supreme-octo-guacamole-cloting-master\supreme-octo-guacamole-cloting\client\src\components\collection-preview\collection-preview.styles.jsx">
        <metrics statements="3" coveredstatements="3" conditionals="0" coveredconditionals="0" methods="0" coveredmethods="0"/>
        <line num="3" count="3" type="stmt"/>
        <line num="10" count="3" type="stmt"/>
        <line num="18" count="3" type="stmt"/>
      </file>
    </package>
    <package name="src.components.collections-overview">
      <metrics statements="6" coveredstatements="5" conditionals="0" coveredconditionals="0" methods="2" coveredmethods="1"/>
      <file name="collections-overview.component.jsx" path="C:\web-dev\React\supreme-octo-guacamole-cloting-master\supreme-octo-guacamole-cloting\client\src\components\collections-overview\collections-overview.component.jsx">
        <metrics statements="3" coveredstatements="2" conditionals="0" coveredconditionals="0" methods="2" coveredmethods="1"/>
        <line num="13" count="2" type="stmt"/>
        <line num="16" count="0" type="stmt"/>
        <line num="22" count="2" type="stmt"/>
      </file>
      <file name="collections-overview.container.jsx" path="C:\web-dev\React\supreme-octo-guacamole-cloting-master\supreme-octo-guacamole-cloting\client\src\components\collections-overview\collections-overview.container.jsx">
        <metrics statements="2" coveredstatements="2" conditionals="0" coveredconditionals="0" methods="0" coveredmethods="0"/>
        <line num="9" count="1" type="stmt"/>
        <line num="13" count="1" type="stmt"/>
      </file>
      <file name="collections-overview.styles.jsx" path="C:\web-dev\React\supreme-octo-guacamole-cloting-master\supreme-octo-guacamole-cloting\client\src\components\collections-overview\collections-overview.styles.jsx">
        <metrics statements="1" coveredstatements="1" conditionals="0" coveredconditionals="0" methods="0" coveredmethods="0"/>
        <line num="3" count="2" type="stmt"/>
      </file>
    </package>
    <package name="src.components.custom-button">
      <metrics statements="9" coveredstatements="9" conditionals="4" coveredconditionals="4" methods="2" coveredmethods="2"/>
      <file name="custom-button.component.jsx" path="C:\web-dev\React\supreme-octo-guacamole-cloting-master\supreme-octo-guacamole-cloting\client\src\components\custom-button\custom-button.component.jsx">
        <metrics statements="1" coveredstatements="1" conditionals="0" coveredconditionals="0" methods="1" coveredmethods="1"/>
        <line num="6" count="39" type="stmt"/>
      </file>
      <file name="custom-button.styles.jsx" path="C:\web-dev\React\supreme-octo-guacamole-cloting-master\supreme-octo-guacamole-cloting\client\src\components\custom-button\custom-button.styles.jsx">
        <metrics statements="8" coveredstatements="8" conditionals="4" coveredconditionals="4" methods="1" coveredmethods="1"/>
        <line num="3" count="17" type="stmt"/>
        <line num="12" count="17" type="stmt"/>
        <line num="23" count="17" type="stmt"/>
        <line num="37" count="17" type="stmt"/>
        <line num="38" count="39" type="cond" truecount="2" falsecount="0"/>
        <line num="39" count="3" type="stmt"/>
        <line num="41" count="36" type="cond" truecount="2" falsecount="0"/>
        <line num="44" count="17" type="stmt"/>
      </file>
    </package>
    <package name="src.components.directory">
      <metrics statements="4" coveredstatements="3" conditionals="0" coveredconditionals="0" methods="2" coveredmethods="1"/>
      <file name="directory.component.jsx" path="C:\web-dev\React\supreme-octo-guacamole-cloting-master\supreme-octo-guacamole-cloting\client\src\components\directory\directory.component.jsx">
        <metrics statements="3" coveredstatements="2" conditionals="0" coveredconditionals="0" methods="2" coveredmethods="1"/>
        <line num="11" count="1" type="stmt"/>
        <line num="14" count="0" type="stmt"/>
        <line num="20" count="2" type="stmt"/>
      </file>
      <file name="directory.styles.jsx" path="C:\web-dev\React\supreme-octo-guacamole-cloting-master\supreme-octo-guacamole-cloting\client\src\components\directory\directory.styles.jsx">
        <metrics statements="1" coveredstatements="1" conditionals="0" coveredconditionals="0" methods="0" coveredmethods="0"/>
        <line num="3" count="2" type="stmt"/>
      </file>
    </package>
    <package name="src.components.error-boundary">
      <metrics statements="13" coveredstatements="9" conditionals="2" coveredconditionals="2" methods="6" coveredmethods="2"/>
      <file name="error-boundary.component.jsx" path="C:\web-dev\React\supreme-octo-guacamole-cloting-master\supreme-octo-guacamole-cloting\client\src\components\error-boundary\error-boundary.component.jsx">
        <metrics statements="8" coveredstatements="5" conditionals="2" coveredconditionals="2" methods="5" coveredmethods="2"/>
        <line num="14" count="1" type="stmt"/>
        <line num="15" count="1" type="stmt"/>
        <line num="21" count="0" type="stmt"/>
        <line num="25" count="0" type="stmt"/>
        <line num="28" count="2" type="cond" truecount="2" falsecount="0"/>
        <line num="29" count="1" type="stmt"/>
        <line num="41" count="0" type="stmt"/>
        <line num="49" count="1" type="stmt"/>
      </file>
      <file name="error-boundary.styles.jsx" path="C:\web-dev\React\supreme-octo-guacamole-cloting-master\supreme-octo-guacamole-cloting\client\src\components\error-boundary\error-boundary.styles.jsx">
        <metrics statements="5" coveredstatements="4" conditionals="0" coveredconditionals="0" methods="1" coveredmethods="0"/>
        <line num="3" count="1" type="stmt"/>
        <line num="23" count="1" type="stmt"/>
        <line num="25" count="0" type="stmt"/>
        <line num="32" count="1" type="stmt"/>
        <line num="36" count="1" type="stmt"/>
      </file>
    </package>
    <package name="src.components.form-input">
      <metrics statements="9" coveredstatements="9" conditionals="4" coveredconditionals="4" methods="1" coveredmethods="1"/>
      <file name="form-input.component.jsx" path="C:\web-dev\React\supreme-octo-guacamole-cloting-master\supreme-octo-guacamole-cloting\client\src\components\form-input\form-input.component.jsx">
        <metrics statements="1" coveredstatements="1" conditionals="4" coveredconditionals="4" methods="1" coveredmethods="1"/>
        <line num="10" count="108" type="stmt"/>
      </file>
      <file name="form-input.styles.jsx" path="C:\web-dev\React\supreme-octo-guacamole-cloting-master\supreme-octo-guacamole-cloting\client\src\components\form-input\form-input.styles.jsx">
        <metrics statements="8" coveredstatements="8" conditionals="0" coveredconditionals="0" methods="0" coveredmethods="0"/>
        <line num="3" count="6" type="stmt"/>
        <line num="4" count="6" type="stmt"/>
        <line num="6" count="6" type="stmt"/>
        <line num="17" count="6" type="stmt"/>
        <line num="25" count="6" type="stmt"/>
        <line num="46" count="6" type="stmt"/>
        <line num="48" count="6" type="stmt"/>
        <line num="61" count="6" type="stmt"/>
      </file>
    </package>
    <package name="src.components.header">
      <metrics statements="15" coveredstatements="13" conditionals="8" coveredconditionals="4" methods="5" coveredmethods="2"/>
      <file name="header.component.jsx" path="C:\web-dev\React\supreme-octo-guacamole-cloting-master\supreme-octo-guacamole-cloting\client\src\components\header\header.component.jsx">
        <metrics statements="9" coveredstatements="7" conditionals="8" coveredconditionals="4" methods="5" coveredmethods="2"/>
        <line num="23" count="3" type="stmt"/>
        <line num="24" count="3" type="stmt"/>
        <line num="25" count="0" type="cond" truecount="0" falsecount="2"/>
        <line num="27" count="3" type="stmt"/>
        <line num="28" count="3" type="stmt"/>
        <line num="30" count="3" type="stmt"/>
        <line num="62" count="1" type="stmt"/>
        <line num="67" count="1" type="stmt"/>
        <line num="68" count="0" type="stmt"/>
      </file>
      <file name="header.styles.jsx" path="C:\web-dev\React\supreme-octo-guacamole-cloting-master\supreme-octo-guacamole-cloting\client\src\components\header\header.styles.jsx">
        <metrics statements="6" coveredstatements="6" conditionals="0" coveredconditionals="0" methods="0" coveredmethods="0"/>
        <line num="5" count="1" type="stmt"/>
        <line num="25" count="1" type="stmt"/>
        <line num="39" count="1" type="stmt"/>
        <line num="55" count="1" type="stmt"/>
        <line num="66" count="1" type="stmt"/>
        <line num="76" count="1" type="stmt"/>
      </file>
    </package>
    <package name="src.components.menu-item">
      <metrics statements="12" coveredstatements="12" conditionals="2" coveredconditionals="1" methods="4" coveredmethods="4"/>
      <file name="menu-item.component.jsx" path="C:\web-dev\React\supreme-octo-guacamole-cloting-master\supreme-octo-guacamole-cloting\client\src\components\menu-item\menu-item.component.jsx">
        <metrics statements="3" coveredstatements="3" conditionals="0" coveredconditionals="0" methods="2" coveredmethods="2"/>
        <line num="12" count="3" type="stmt"/>
        <line num="20" count="2" type="stmt"/>
        <line num="23" count="1" type="stmt"/>
      </file>
      <file name="menu-item.styles.jsx" path="C:\web-dev\React\supreme-octo-guacamole-cloting-master\supreme-octo-guacamole-cloting\client\src\components\menu-item\menu-item.styles.jsx">
        <metrics statements="9" coveredstatements="9" conditionals="2" coveredconditionals="1" methods="2" coveredmethods="2"/>
        <line num="3" count="3" type="stmt"/>
        <line num="4" count="2" type="cond" truecount="1" falsecount="1"/>
        <line num="35" count="3" type="stmt"/>
        <line num="37" count="3" type="stmt"/>
        <line num="42" count="2" type="stmt"/>
        <line num="45" count="3" type="stmt"/>
        <line num="47" count="3" type="stmt"/>
        <line num="101" count="3" type="stmt"/>
        <line num="110" count="3" type="stmt"/>
      </file>
    </package>
    <package name="src.components.order-item">
      <metrics statements="22" coveredstatements="20" conditionals="0" coveredconditionals="0" methods="4" coveredmethods="2"/>
      <file name="order-item.component.jsx" path="C:\web-dev\React\supreme-octo-guacamole-cloting-master\supreme-octo-guacamole-cloting\client\src\components\order-item\order-item.component.jsx">
        <metrics statements="4" coveredstatements="2" conditionals="0" coveredconditionals="0" methods="3" coveredmethods="1"/>
        <line num="23" count="1" type="stmt"/>
        <line num="24" count="0" type="stmt"/>
        <line num="43" count="0" type="stmt"/>
        <line num="61" count="2" type="stmt"/>
      </file>
      <file name="order-item.container.jsx" path="C:\web-dev\React\supreme-octo-guacamole-cloting-master\supreme-octo-guacamole-cloting\client\src\components\order-item\order-item.container.jsx">
        <metrics statements="3" coveredstatements="3" conditionals="0" coveredconditionals="0" methods="1" coveredmethods="1"/>
        <line num="9" count="1" type="stmt"/>
        <line num="10" count="2" type="stmt"/>
        <line num="14" count="1" type="stmt"/>
      </file>
      <file name="order-item.styles.jsx" path="C:\web-dev\React\supreme-octo-guacamole-cloting-master\supreme-octo-guacamole-cloting\client\src\components\order-item\order-item.styles.jsx">
        <metrics statements="15" coveredstatements="15" conditionals="0" coveredconditionals="0" methods="0" coveredmethods="0"/>
        <line num="5" count="2" type="stmt"/>
        <line num="8" count="2" type="stmt"/>
        <line num="15" count="2" type="stmt"/>
        <line num="22" count="2" type="stmt"/>
        <line num="44" count="2" type="stmt"/>
        <line num="55" count="2" type="stmt"/>
        <line num="64" count="2" type="stmt"/>
        <line num="70" count="2" type="stmt"/>
        <line num="77" count="2" type="stmt"/>
        <line num="101" count="2" type="stmt"/>
        <line num="108" count="2" type="stmt"/>
        <line num="115" count="2" type="stmt"/>
        <line num="129" count="2" type="stmt"/>
        <line num="134" count="2" type="stmt"/>
        <line num="145" count="2" type="stmt"/>
      </file>
    </package>
    <package name="src.components.pop-up-msg">
      <metrics statements="6" coveredstatements="6" conditionals="0" coveredconditionals="0" methods="1" coveredmethods="1"/>
      <file name="pop-up-msg.component.jsx" path="C:\web-dev\React\supreme-octo-guacamole-cloting-master\supreme-octo-guacamole-cloting\client\src\components\pop-up-msg\pop-up-msg.component.jsx">
        <metrics statements="1" coveredstatements="1" conditionals="0" coveredconditionals="0" methods="1" coveredmethods="1"/>
        <line num="9" count="3" type="stmt"/>
      </file>
      <file name="pop-up-msg.styles.jsx" path="C:\web-dev\React\supreme-octo-guacamole-cloting-master\supreme-octo-guacamole-cloting\client\src\components\pop-up-msg\pop-up-msg.styles.jsx">
        <metrics statements="5" coveredstatements="5" conditionals="0" coveredconditionals="0" methods="0" coveredmethods="0"/>
        <line num="9" count="4" type="stmt"/>
        <line num="18" count="4" type="stmt"/>
        <line num="38" count="4" type="stmt"/>
        <line num="42" count="4" type="stmt"/>
        <line num="51" count="4" type="stmt"/>
      </file>
    </package>
    <package name="src.components.scroll-up-button">
      <metrics statements="5" coveredstatements="5" conditionals="0" coveredconditionals="0" methods="2" coveredmethods="2"/>
      <file name="scroll-up-button.component.jsx" path="C:\web-dev\React\supreme-octo-guacamole-cloting-master\supreme-octo-guacamole-cloting\client\src\components\scroll-up-button\scroll-up-button.component.jsx">
        <metrics statements="2" coveredstatements="2" conditionals="0" coveredconditionals="0" methods="2" coveredmethods="2"/>
        <line num="8" count="2" type="stmt"/>
        <line num="11" count="1" type="stmt"/>
      </file>
      <file name="scroll-up-button.styles.jsx" path="C:\web-dev\React\supreme-octo-guacamole-cloting-master\supreme-octo-guacamole-cloting\client\src\components\scroll-up-button\scroll-up-button.styles.jsx">
        <metrics statements="3" coveredstatements="3" conditionals="0" coveredconditionals="0" methods="0" coveredmethods="0"/>
        <line num="9" count="2" type="stmt"/>
        <line num="18" count="2" type="stmt"/>
        <line num="41" count="2" type="stmt"/>
      </file>
    </package>
    <package name="src.components.sign-in">
      <metrics statements="22" coveredstatements="15" conditionals="6" coveredconditionals="2" methods="8" coveredmethods="4"/>
      <file name="sign-in.component.jsx" path="C:\web-dev\React\supreme-octo-guacamole-cloting-master\supreme-octo-guacamole-cloting\client\src\components\sign-in\sign-in.component.jsx">
        <metrics statements="19" coveredstatements="12" conditionals="6" coveredconditionals="2" methods="8" coveredmethods="4"/>
        <line num="23" count="2" type="stmt"/>
        <line num="24" count="3" type="cond" truecount="1" falsecount="1"/>
        <line num="35" count="3" type="stmt"/>
        <line num="36" count="3" type="stmt"/>
        <line num="37" count="3" type="stmt"/>
        <line num="38" count="3" type="stmt"/>
        <line num="39" count="3" type="cond" truecount="1" falsecount="1"/>
        <line num="40" count="0" type="stmt"/>
        <line num="43" count="3" type="stmt"/>
        <line num="44" count="0" type="stmt"/>
        <line num="45" count="0" type="stmt"/>
        <line num="48" count="3" type="stmt"/>
        <line num="49" count="0" type="stmt"/>
        <line num="50" count="0" type="stmt"/>
        <line num="53" count="3" type="stmt"/>
        <line num="94" count="2" type="stmt"/>
        <line num="97" count="2" type="stmt"/>
        <line num="98" count="0" type="stmt"/>
        <line num="100" count="0" type="stmt"/>
      </file>
      <file name="sign-in.styles.jsx" path="C:\web-dev\React\supreme-octo-guacamole-cloting-master\supreme-octo-guacamole-cloting\client\src\components\sign-in\sign-in.styles.jsx">
        <metrics statements="3" coveredstatements="3" conditionals="0" coveredconditionals="0" methods="0" coveredmethods="0"/>
        <line num="3" count="2" type="stmt"/>
        <line num="13" count="2" type="stmt"/>
        <line num="17" count="2" type="stmt"/>
      </file>
    </package>
    <package name="src.components.sign-up">
      <metrics statements="49" coveredstatements="45" conditionals="40" coveredconditionals="23" methods="13" coveredmethods="10"/>
      <file name="sign-up.component.jsx" path="C:\web-dev\React\supreme-octo-guacamole-cloting-master\supreme-octo-guacamole-cloting\client\src\components\sign-up\sign-up.component.jsx">
        <metrics statements="40" coveredstatements="36" conditionals="40" coveredconditionals="23" methods="13" coveredmethods="10"/>
        <line num="19" count="2" type="stmt"/>
        <line num="20" count="12" type="cond" truecount="1" falsecount="1"/>
        <line num="26" count="2" type="stmt"/>
        <line num="27" count="12" type="cond" truecount="2" falsecount="0"/>
        <line num="33" count="2" type="stmt"/>
        <line num="35" count="2" type="stmt"/>
        <line num="36" count="12" type="stmt"/>
        <line num="37" count="12" type="stmt"/>
        <line num="38" count="12" type="stmt"/>
        <line num="39" count="12" type="stmt"/>
        <line num="40" count="12" type="stmt"/>
        <line num="41" count="12" type="cond" truecount="2" falsecount="0"/>
        <line num="63" count="12" type="stmt"/>
        <line num="69" count="12" type="stmt"/>
        <line num="70" count="12" type="stmt"/>
        <line num="71" count="12" type="stmt"/>
        <line num="72" count="12" type="stmt"/>
        <line num="73" count="5" type="cond" truecount="2" falsecount="0"/>
        <line num="74" count="1" type="stmt"/>
        <line num="75" count="1" type="stmt"/>
        <line num="76" count="4" type="cond" truecount="1" falsecount="1"/>
        <line num="77" count="4" type="stmt"/>
        <line num="80" count="12" type="stmt"/>
        <line num="81" count="3" type="cond" truecount="2" falsecount="2"/>
        <line num="82" count="0" type="stmt"/>
        <line num="85" count="12" type="stmt"/>
        <line num="86" count="1" type="stmt"/>
        <line num="87" count="1" type="stmt"/>
        <line num="89" count="1" type="stmt"/>
        <line num="92" count="12" type="stmt"/>
        <line num="93" count="4" type="stmt"/>
        <line num="94" count="4" type="stmt"/>
        <line num="97" count="12" type="stmt"/>
        <line num="98" count="24" type="cond" truecount="1" falsecount="1"/>
        <line num="100" count="0" type="stmt"/>
        <line num="104" count="0" type="stmt"/>
        <line num="108" count="12" type="stmt"/>
        <line num="174" count="2" type="stmt"/>
        <line num="177" count="2" type="stmt"/>
        <line num="178" count="0" type="stmt"/>
      </file>
      <file name="sign-up.styles.jsx" path="C:\web-dev\React\supreme-octo-guacamole-cloting-master\supreme-octo-guacamole-cloting\client\src\components\sign-up\sign-up.styles.jsx">
        <metrics statements="9" coveredstatements="9" conditionals="0" coveredconditionals="0" methods="0" coveredmethods="0"/>
        <line num="4" count="3" type="stmt"/>
        <line num="14" count="3" type="stmt"/>
        <line num="25" count="3" type="stmt"/>
        <line num="28" count="3" type="stmt"/>
        <line num="31" count="3" type="stmt"/>
        <line num="34" count="3" type="stmt"/>
        <line num="37" count="3" type="stmt"/>
        <line num="47" count="3" type="stmt"/>
        <line num="48" count="3" type="stmt"/>
      </file>
    </package>
    <package name="src.components.spinner">
      <metrics statements="4" coveredstatements="4" conditionals="0" coveredconditionals="0" methods="1" coveredmethods="1"/>
      <file name="spinner.component.jsx" path="C:\web-dev\React\supreme-octo-guacamole-cloting-master\supreme-octo-guacamole-cloting\client\src\components\spinner\spinner.component.jsx">
        <metrics statements="2" coveredstatements="2" conditionals="0" coveredconditionals="0" methods="1" coveredmethods="1"/>
        <line num="5" count="4" type="stmt"/>
        <line num="6" count="3" type="stmt"/>
      </file>
      <file name="spinner.styles.jsx" path="C:\web-dev\React\supreme-octo-guacamole-cloting-master\supreme-octo-guacamole-cloting\client\src\components\spinner\spinner.styles.jsx">
        <metrics statements="2" coveredstatements="2" conditionals="0" coveredconditionals="0" methods="0" coveredmethods="0"/>
        <line num="3" count="4" type="stmt"/>
        <line num="11" count="4" type="stmt"/>
      </file>
    </package>
    <package name="src.components.stripe-checkout">
      <metrics statements="46" coveredstatements="33" conditionals="25" coveredconditionals="16" methods="15" coveredmethods="6"/>
      <file name="stripe-checkout.component.jsx" path="C:\web-dev\React\supreme-octo-guacamole-cloting-master\supreme-octo-guacamole-cloting\client\src\components\stripe-checkout\stripe-checkout.component.jsx">
        <metrics statements="38" coveredstatements="25" conditionals="25" coveredconditionals="16" methods="15" coveredmethods="6"/>
        <line num="26" count="7" type="stmt"/>
        <line num="27" count="7" type="stmt"/>
        <line num="28" count="7" type="stmt"/>
        <line num="29" count="7" type="stmt"/>
        <line num="34" count="7" type="stmt"/>
        <line num="41" count="7" type="stmt"/>
        <line num="42" count="7" type="stmt"/>
        <line num="43" count="7" type="cond" truecount="2" falsecount="0"/>
        <line num="44" count="6" type="stmt"/>
        <line num="45" count="1" type="cond" truecount="1" falsecount="1"/>
        <line num="50" count="0" type="stmt"/>
        <line num="53" count="0" type="cond" truecount="0" falsecount="2"/>
        <line num="57" count="0" type="stmt"/>
        <line num="69" count="7" type="stmt"/>
        <line num="70" count="1" type="stmt"/>
        <line num="71" count="1" type="stmt"/>
        <line num="75" count="1" type="stmt"/>
        <line num="82" count="1" type="cond" truecount="1" falsecount="1"/>
        <line num="83" count="0" type="stmt"/>
        <line num="84" count="1" type="cond" truecount="1" falsecount="1"/>
        <line num="88" count="1" type="stmt"/>
        <line num="89" count="1" type="stmt"/>
        <line num="99" count="7" type="stmt"/>
        <line num="100" count="7" type="stmt"/>
        <line num="109" count="7" type="stmt"/>
        <line num="118" count="0" type="stmt"/>
        <line num="129" count="0" type="stmt"/>
        <line num="140" count="0" type="stmt"/>
        <line num="147" count="7" type="stmt"/>
        <line num="156" count="0" type="stmt"/>
        <line num="166" count="0" type="stmt"/>
        <line num="177" count="0" type="stmt"/>
        <line num="187" count="0" type="stmt"/>
        <line num="193" count="7" type="cond" truecount="1" falsecount="1"/>
        <line num="201" count="0" type="stmt"/>
        <line num="203" count="0" type="stmt"/>
        <line num="207" count="7" type="stmt"/>
        <line num="209" count="1" type="stmt"/>
      </file>
      <file name="stripe-checkout.styles.jsx" path="C:\web-dev\React\supreme-octo-guacamole-cloting-master\supreme-octo-guacamole-cloting\client\src\components\stripe-checkout\stripe-checkout.styles.jsx">
        <metrics statements="8" coveredstatements="8" conditionals="0" coveredconditionals="0" methods="0" coveredmethods="0"/>
        <line num="7" count="2" type="stmt"/>
        <line num="32" count="2" type="stmt"/>
        <line num="33" count="2" type="stmt"/>
        <line num="35" count="2" type="stmt"/>
        <line num="39" count="2" type="stmt"/>
        <line num="54" count="2" type="stmt"/>
        <line num="64" count="2" type="stmt"/>
        <line num="72" count="2" type="stmt"/>
      </file>
    </package>
    <package name="src.components.stripe-payments">
      <metrics statements="15" coveredstatements="11" conditionals="8" coveredconditionals="8" methods="7" coveredmethods="2"/>
      <file name="stripe-payments.component.jsx" path="C:\web-dev\React\supreme-octo-guacamole-cloting-master\supreme-octo-guacamole-cloting\client\src\components\stripe-payments\stripe-payments.component.jsx">
        <metrics statements="13" coveredstatements="9" conditionals="8" coveredconditionals="8" methods="7" coveredmethods="2"/>
        <line num="21" count="1" type="stmt"/>
        <line num="37" count="3" type="stmt"/>
        <line num="38" count="3" type="cond" truecount="4" falsecount="0"/>
        <line num="39" count="1" type="stmt"/>
        <line num="40" count="2" type="cond" truecount="4" falsecount="0"/>
        <line num="41" count="1" type="stmt"/>
        <line num="54" count="3" type="stmt"/>
        <line num="73" count="1" type="stmt"/>
        <line num="82" count="1" type="stmt"/>
        <line num="84" count="0" type="stmt"/>
        <line num="86" count="0" type="stmt"/>
        <line num="88" count="0" type="stmt"/>
        <line num="90" count="0" type="stmt"/>
      </file>
      <file name="stripe-payments.styles.jsx" path="C:\web-dev\React\supreme-octo-guacamole-cloting-master\supreme-octo-guacamole-cloting\client\src\components\stripe-payments\stripe-payments.styles.jsx">
        <metrics statements="2" coveredstatements="2" conditionals="0" coveredconditionals="0" methods="0" coveredmethods="0"/>
        <line num="2" count="1" type="stmt"/>
        <line num="10" count="1" type="stmt"/>
      </file>
    </package>
    <package name="src.components.with-spinner">
      <metrics statements="5" coveredstatements="3" conditionals="2" coveredconditionals="2" methods="2" coveredmethods="2"/>
      <file name="with-spinner.component.jsx" path="C:\web-dev\React\supreme-octo-guacamole-cloting-master\supreme-octo-guacamole-cloting\client\src\components\with-spinner\with-spinner.component.jsx">
        <metrics statements="3" coveredstatements="3" conditionals="2" coveredconditionals="2" methods="2" coveredmethods="2"/>
        <line num="6" count="3" type="stmt"/>
        <line num="7" count="3" type="stmt"/>
        <line num="8" count="7" type="cond" truecount="2" falsecount="0"/>
      </file>
      <file name="with-spinner.styles.jsx" path="C:\web-dev\React\supreme-octo-guacamole-cloting-master\supreme-octo-guacamole-cloting\client\src\components\with-spinner\with-spinner.styles.jsx">
        <metrics statements="2" coveredstatements="0" conditionals="0" coveredconditionals="0" methods="0" coveredmethods="0"/>
        <line num="3" count="0" type="stmt"/>
        <line num="11" count="0" type="stmt"/>
      </file>
    </package>
    <package name="src.firebase">
      <metrics statements="54" coveredstatements="18" conditionals="6" coveredconditionals="0" methods="13" coveredmethods="3"/>
      <file name="firebase.utils.js" path="C:\web-dev\React\supreme-octo-guacamole-cloting-master\supreme-octo-guacamole-cloting\client\src\firebase\firebase.utils.js">
        <metrics statements="54" coveredstatements="18" conditionals="6" coveredconditionals="0" methods="13" coveredmethods="3"/>
        <line num="21" count="6" type="stmt"/>
        <line num="31" count="6" type="stmt"/>
        <line num="32" count="6" type="stmt"/>
        <line num="33" count="6" type="stmt"/>
        <line num="35" count="6" type="stmt"/>
        <line num="36" count="0" type="stmt"/>
        <line num="40" count="0" type="stmt"/>
        <line num="41" count="0" type="cond" truecount="0" falsecount="2"/>
        <line num="42" count="0" type="stmt"/>
        <line num="43" count="0" type="stmt"/>
        <line num="47" count="0" type="stmt"/>
        <line num="49" count="0" type="stmt"/>
        <line num="53" count="6" type="stmt"/>
        <line num="54" count="0" type="cond" truecount="0" falsecount="2"/>
        <line num="55" count="0" type="stmt"/>
        <line num="57" count="0" type="stmt"/>
        <line num="58" count="0" type="stmt"/>
        <line num="60" count="0" type="cond" truecount="0" falsecount="2"/>
        <line num="61" count="0" type="stmt"/>
        <line num="62" count="0" type="stmt"/>
        <line num="63" count="0" type="stmt"/>
        <line num="64" count="0" type="stmt"/>
        <line num="65" count="0" type="stmt"/>
        <line num="71" count="0" type="stmt"/>
        <line num="74" count="0" type="stmt"/>
        <line num="77" count="6" type="stmt"/>
        <line num="78" count="0" type="stmt"/>
        <line num="80" count="0" type="stmt"/>
        <line num="81" count="0" type="stmt"/>
        <line num="82" count="0" type="stmt"/>
        <line num="83" count="0" type="stmt"/>
        <line num="86" count="0" type="stmt"/>
        <line num="89" count="6" type="stmt"/>
        <line num="90" count="0" type="stmt"/>
        <line num="91" count="0" type="stmt"/>
        <line num="92" count="0" type="stmt"/>
        <line num="99" count="0" type="stmt"/>
        <line num="100" count="0" type="stmt"/>
        <line num="101" count="0" type="stmt"/>
        <line num="105" count="6" type="stmt"/>
        <line num="106" count="0" type="stmt"/>
        <line num="107" count="0" type="stmt"/>
        <line num="108" count="0" type="stmt"/>
        <line num="110" count="6" type="stmt"/>
        <line num="111" count="3" type="stmt"/>
        <line num="112" count="3" type="stmt"/>
        <line num="115" count="3" type="stmt"/>
        <line num="116" count="3" type="stmt"/>
        <line num="123" count="6" type="stmt"/>
        <line num="124" count="0" type="stmt"/>
        <line num="126" count="6" type="stmt"/>
        <line num="127" count="6" type="stmt"/>
        <line num="129" count="6" type="stmt"/>
        <line num="130" count="0" type="stmt"/>
      </file>
    </package>
    <package name="src.pages.checkout">
      <metrics statements="30" coveredstatements="26" conditionals="12" coveredconditionals="6" methods="11" coveredmethods="5"/>
      <file name="checkout.component.jsx" path="C:\web-dev\React\supreme-octo-guacamole-cloting-master\supreme-octo-guacamole-cloting\client\src\pages\checkout\checkout.component.jsx">
        <metrics statements="21" coveredstatements="17" conditionals="12" coveredconditionals="6" methods="11" coveredmethods="5"/>
        <line num="29" count="1" type="stmt"/>
        <line num="30" count="0" type="stmt"/>
        <line num="40" count="2" type="stmt"/>
        <line num="41" count="2" type="stmt"/>
        <line num="42" count="1" type="cond" truecount="1" falsecount="1"/>
        <line num="47" count="2" type="stmt"/>
        <line num="48" count="2" type="stmt"/>
        <line num="49" count="2" type="stmt"/>
        <line num="67" count="2" type="cond" truecount="1" falsecount="1"/>
        <line num="68" count="2" type="stmt"/>
        <line num="69" count="4" type="stmt"/>
        <line num="72" count="2" type="cond" truecount="1" falsecount="1"/>
        <line num="80" count="2" type="cond" truecount="1" falsecount="1"/>
        <line num="85" count="1" type="stmt"/>
        <line num="91" count="2" type="cond" truecount="1" falsecount="1"/>
        <line num="93" count="0" type="stmt"/>
        <line num="95" count="0" type="stmt"/>
        <line num="100" count="2" type="stmt"/>
        <line num="118" count="1" type="stmt"/>
        <line num="125" count="1" type="stmt"/>
        <line num="126" count="0" type="stmt"/>
      </file>
      <file name="checkout.styles.jsx" path="C:\web-dev\React\supreme-octo-guacamole-cloting-master\supreme-octo-guacamole-cloting\client\src\pages\checkout\checkout.styles.jsx">
        <metrics statements="9" coveredstatements="9" conditionals="0" coveredconditionals="0" methods="0" coveredmethods="0"/>
        <line num="5" count="1" type="stmt"/>
        <line num="13" count="1" type="stmt"/>
        <line num="14" count="1" type="stmt"/>
        <line num="16" count="1" type="stmt"/>
        <line num="30" count="1" type="stmt"/>
        <line num="47" count="1" type="stmt"/>
        <line num="58" count="1" type="stmt"/>
        <line num="70" count="1" type="stmt"/>
        <line num="75" count="1" type="stmt"/>
      </file>
    </package>
    <package name="src.pages.collection">
      <metrics statements="10" coveredstatements="6" conditionals="0" coveredconditionals="0" methods="4" coveredmethods="1"/>
      <file name="collection.component.jsx" path="C:\web-dev\React\supreme-octo-guacamole-cloting-master\supreme-octo-guacamole-cloting\client\src\pages\collection\collection.component.jsx">
        <metrics statements="4" coveredstatements="3" conditionals="0" coveredconditionals="0" methods="3" coveredmethods="1"/>
        <line num="15" count="1" type="stmt"/>
        <line num="16" count="1" type="stmt"/>
        <line num="21" count="0" type="stmt"/>
        <line num="28" count="1" type="stmt"/>
      </file>
      <file name="collection.container.jsx" path="C:\web-dev\React\supreme-octo-guacamole-cloting-master\supreme-octo-guacamole-cloting\client\src\pages\collection\collection.container.jsx">
        <metrics statements="3" coveredstatements="0" conditionals="0" coveredconditionals="0" methods="1" coveredmethods="0"/>
        <line num="9" count="0" type="stmt"/>
        <line num="10" count="0" type="stmt"/>
        <line num="13" count="0" type="stmt"/>
      </file>
      <file name="collection.styles.jsx" path="C:\web-dev\React\supreme-octo-guacamole-cloting-master\supreme-octo-guacamole-cloting\client\src\pages\collection\collection.styles.jsx">
        <metrics statements="3" coveredstatements="3" conditionals="0" coveredconditionals="0" methods="0" coveredmethods="0"/>
        <line num="3" count="1" type="stmt"/>
        <line num="9" count="1" type="stmt"/>
        <line num="14" count="1" type="stmt"/>
      </file>
    </package>
    <package name="src.pages.homepage">
      <metrics statements="2" coveredstatements="2" conditionals="0" coveredconditionals="0" methods="1" coveredmethods="1"/>
      <file name="homepage.component.jsx" path="C:\web-dev\React\supreme-octo-guacamole-cloting-master\supreme-octo-guacamole-cloting\client\src\pages\homepage\homepage.component.jsx">
        <metrics statements="1" coveredstatements="1" conditionals="0" coveredconditionals="0" methods="1" coveredmethods="1"/>
        <line num="7" count="1" type="stmt"/>
      </file>
      <file name="homepage.styles.jsx" path="C:\web-dev\React\supreme-octo-guacamole-cloting-master\supreme-octo-guacamole-cloting\client\src\pages\homepage\homepage.styles.jsx">
        <metrics statements="1" coveredstatements="1" conditionals="0" coveredconditionals="0" methods="0" coveredmethods="0"/>
        <line num="3" count="1" type="stmt"/>
      </file>
    </package>
    <package name="src.pages.invoice">
      <metrics statements="6" coveredstatements="5" conditionals="0" coveredconditionals="0" methods="4" coveredmethods="2"/>
      <file name="invoice.component.jsx" path="C:\web-dev\React\supreme-octo-guacamole-cloting-master\supreme-octo-guacamole-cloting\client\src\pages\invoice\invoice.component.jsx">
        <metrics statements="6" coveredstatements="5" conditionals="0" coveredconditionals="0" methods="4" coveredmethods="2"/>
        <line num="9" count="2" type="stmt"/>
        <line num="10" count="2" type="stmt"/>
        <line num="11" count="2" type="stmt"/>
        <line num="13" count="2" type="stmt"/>
        <line num="18" count="1" type="stmt"/>
        <line num="19" count="0" type="stmt"/>
      </file>
    </package>
    <package name="src.pages.shop">
      <metrics statements="11" coveredstatements="9" conditionals="0" coveredconditionals="0" methods="6" coveredmethods="3"/>
      <file name="shop.component.jsx" path="C:\web-dev\React\supreme-octo-guacamole-cloting-master\supreme-octo-guacamole-cloting\client\src\pages\shop\shop.component.jsx">
        <metrics statements="10" coveredstatements="8" conditionals="0" coveredconditionals="0" methods="6" coveredmethods="3"/>
        <line num="12" count="1" type="stmt"/>
        <line num="13" count="1" type="stmt"/>
        <line num="16" count="1" type="stmt"/>
        <line num="17" count="0" type="stmt"/>
        <line num="21" count="2" type="stmt"/>
        <line num="23" count="2" type="stmt"/>
        <line num="24" count="2" type="stmt"/>
        <line num="26" count="2" type="stmt"/>
        <line num="43" count="1" type="stmt"/>
        <line num="44" count="0" type="stmt"/>
      </file>
      <file name="shop.styles.jsx" path="C:\web-dev\React\supreme-octo-guacamole-cloting-master\supreme-octo-guacamole-cloting\client\src\pages\shop\shop.styles.jsx">
        <metrics statements="1" coveredstatements="1" conditionals="0" coveredconditionals="0" methods="0" coveredmethods="0"/>
        <line num="3" count="1" type="stmt"/>
      </file>
    </package>
    <package name="src.pages.sign-in-and-sign-up">
      <metrics statements="25" coveredstatements="14" conditionals="16" coveredconditionals="2" methods="7" coveredmethods="4"/>
      <file name="sign-in-and-sign-up.component.jsx" path="C:\web-dev\React\supreme-octo-guacamole-cloting-master\supreme-octo-guacamole-cloting\client\src\pages\sign-in-and-sign-up\sign-in-and-sign-up.component.jsx">
        <metrics statements="24" coveredstatements="13" conditionals="16" coveredconditionals="2" methods="7" coveredmethods="4"/>
        <line num="9" count="1" type="stmt"/>
        <line num="10" count="1" type="stmt"/>
        <line num="11" count="1" type="stmt"/>
        <line num="12" count="1" type="stmt"/>
        <line num="13" count="1" type="stmt"/>
        <line num="14" count="0" type="cond" truecount="0" falsecount="2"/>
        <line num="15" count="0" type="stmt"/>
        <line num="16" count="0" type="stmt"/>
        <line num="17" count="0" type="cond" truecount="0" falsecount="2"/>
        <line num="22" count="1" type="cond" truecount="1" falsecount="1"/>
        <line num="27" count="0" type="stmt"/>
        <line num="29" count="1" type="stmt"/>
        <line num="31" count="1" type="stmt"/>
        <line num="32" count="1" type="stmt"/>
        <line num="35" count="1" type="stmt"/>
        <line num="36" count="1" type="cond" truecount="1" falsecount="1"/>
        <line num="37" count="1" type="stmt"/>
        <line num="43" count="0" type="cond" truecount="0" falsecount="4"/>
        <line num="44" count="0" type="stmt"/>
        <line num="49" count="0" type="stmt"/>
        <line num="55" count="0" type="cond" truecount="0" falsecount="4"/>
        <line num="56" count="0" type="stmt"/>
        <line num="59" count="0" type="stmt"/>
        <line num="66" count="1" type="stmt"/>
      </file>
      <file name="sign-in-and-sign-up.styles.jsx" path="C:\web-dev\React\supreme-octo-guacamole-cloting-master\supreme-octo-guacamole-cloting\client\src\pages\sign-in-and-sign-up\sign-in-and-sign-up.styles.jsx">
        <metrics statements="1" coveredstatements="1" conditionals="0" coveredconditionals="0" methods="0" coveredmethods="0"/>
        <line num="4" count="1" type="stmt"/>
      </file>
    </package>
    <package name="src.redux">
      <metrics statements="22" coveredstatements="8" conditionals="8" coveredconditionals="1" methods="5" coveredmethods="2"/>
      <file name="mockStore.js" path="C:\web-dev\React\supreme-octo-guacamole-cloting-master\supreme-octo-guacamole-cloting\client\src\redux\mockStore.js">
        <metrics statements="3" coveredstatements="3" conditionals="0" coveredconditionals="0" methods="1" coveredmethods="1"/>
        <line num="4" count="6" type="stmt"/>
        <line num="5" count="6" type="stmt"/>
        <line num="9" count="6" type="stmt"/>
      </file>
      <file name="root-reducer.js" path="C:\web-dev\React\supreme-octo-guacamole-cloting-master\supreme-octo-guacamole-cloting\client\src\redux\root-reducer.js">
        <metrics statements="6" coveredstatements="5" conditionals="2" coveredconditionals="1" methods="1" coveredmethods="1"/>
        <line num="13" count="6" type="stmt"/>
        <line num="18" count="6" type="stmt"/>
        <line num="27" count="6" type="stmt"/>
        <line num="28" count="12" type="cond" truecount="1" falsecount="1"/>
        <line num="29" count="0" type="stmt"/>
        <line num="31" count="12" type="stmt"/>
      </file>
      <file name="root-saga.js" path="C:\web-dev\React\supreme-octo-guacamole-cloting-master\supreme-octo-guacamole-cloting\client\src\redux\root-saga.js">
        <metrics statements="1" coveredstatements="0" conditionals="0" coveredconditionals="0" methods="1" coveredmethods="0"/>
        <line num="11" count="0" type="stmt"/>
      </file>
      <file name="saga-testing.utils.js" path="C:\web-dev\React\supreme-octo-guacamole-cloting-master\supreme-octo-guacamole-cloting\client\src\redux\saga-testing.utils.js">
        <metrics statements="4" coveredstatements="0" conditionals="0" coveredconditionals="0" methods="2" coveredmethods="0"/>
        <line num="4" count="0" type="stmt"/>
        <line num="6" count="0" type="stmt"/>
        <line num="8" count="0" type="stmt"/>
        <line num="14" count="0" type="stmt"/>
      </file>
      <file name="store.js" path="C:\web-dev\React\supreme-octo-guacamole-cloting-master\supreme-octo-guacamole-cloting\client\src\redux\store.js">
        <metrics statements="8" coveredstatements="0" conditionals="6" coveredconditionals="0" methods="0" coveredmethods="0"/>
        <line num="9" count="0" type="stmt"/>
        <line num="11" count="0" type="stmt"/>
        <line num="13" count="0" type="cond" truecount="0" falsecount="4"/>
        <line num="17" count="0" type="cond" truecount="0" falsecount="2"/>
        <line num="18" count="0" type="stmt"/>
        <line num="20" count="0" type="stmt"/>
        <line num="25" count="0" type="stmt"/>
        <line num="27" count="0" type="stmt"/>
      </file>
    </package>
    <package name="src.redux.cart">
      <metrics statements="60" coveredstatements="41" conditionals="18" coveredconditionals="14" methods="29" coveredmethods="19"/>
      <file name="cart.actions.js" path="C:\web-dev\React\supreme-octo-guacamole-cloting-master\supreme-octo-guacamole-cloting\client\src\redux\cart\cart.actions.js">
        <metrics statements="8" coveredstatements="8" conditionals="0" coveredconditionals="0" methods="6" coveredmethods="6"/>
        <line num="3" count="13" type="stmt"/>
        <line num="4" count="2" type="stmt"/>
        <line num="9" count="13" type="stmt"/>
        <line num="10" count="1" type="stmt"/>
        <line num="16" count="13" type="stmt"/>
        <line num="21" count="13" type="stmt"/>
        <line num="26" count="13" type="stmt"/>
        <line num="29" count="13" type="stmt"/>
      </file>
      <file name="cart.reducer.js" path="C:\web-dev\React\supreme-octo-guacamole-cloting-master\supreme-octo-guacamole-cloting\client\src\redux\cart\cart.reducer.js">
        <metrics statements="11" coveredstatements="11" conditionals="8" coveredconditionals="8" methods="2" coveredmethods="2"/>
        <line num="4" count="7" type="stmt"/>
        <line num="10" count="7" type="cond" truecount="1" falsecount="0"/>
        <line num="11" count="37" type="cond" truecount="7" falsecount="0"/>
        <line num="13" count="1" type="stmt"/>
        <line num="18" count="1" type="stmt"/>
        <line num="23" count="1" type="stmt"/>
        <line num="28" count="1" type="stmt"/>
        <line num="31" count="2" type="stmt"/>
        <line num="36" count="1" type="stmt"/>
        <line num="38" count="1" type="stmt"/>
        <line num="43" count="31" type="stmt"/>
      </file>
      <file name="cart.sagas.js" path="C:\web-dev\React\supreme-octo-guacamole-cloting-master\supreme-octo-guacamole-cloting\client\src\redux\cart\cart.sagas.js">
        <metrics statements="15" coveredstatements="2" conditionals="2" coveredconditionals="0" methods="7" coveredmethods="2"/>
        <line num="15" count="1" type="stmt"/>
        <line num="19" count="0" type="stmt"/>
        <line num="20" count="0" type="cond" truecount="0" falsecount="2"/>
        <line num="21" count="0" type="stmt"/>
        <line num="22" count="0" type="stmt"/>
        <line num="23" count="0" type="stmt"/>
        <line num="24" count="0" type="stmt"/>
        <line num="26" count="0" type="stmt"/>
        <line num="32" count="0" type="stmt"/>
        <line num="33" count="0" type="stmt"/>
        <line num="34" count="0" type="stmt"/>
        <line num="38" count="1" type="stmt"/>
        <line num="42" count="0" type="stmt"/>
        <line num="46" count="0" type="stmt"/>
        <line num="57" count="0" type="stmt"/>
      </file>
      <file name="cart.selector.js" path="C:\web-dev\React\supreme-octo-guacamole-cloting-master\supreme-octo-guacamole-cloting\client\src\redux\cart\cart.selector.js">
        <metrics statements="11" coveredstatements="7" conditionals="0" coveredconditionals="0" methods="7" coveredmethods="3"/>
        <line num="3" count="6" type="stmt"/>
        <line num="4" count="6" type="stmt"/>
        <line num="6" count="1" type="stmt"/>
        <line num="8" count="6" type="stmt"/>
        <line num="10" count="0" type="stmt"/>
        <line num="12" count="6" type="stmt"/>
        <line num="15" count="1" type="stmt"/>
        <line num="16" count="0" type="stmt"/>
        <line num="20" count="6" type="stmt"/>
        <line num="21" count="0" type="stmt"/>
        <line num="22" count="0" type="stmt"/>
      </file>
      <file name="cart.types.js" path="C:\web-dev\React\supreme-octo-guacamole-cloting-master\supreme-octo-guacamole-cloting\client\src\redux\cart\cart.types.js">
        <metrics statements="1" coveredstatements="1" conditionals="0" coveredconditionals="0" methods="0" coveredmethods="0"/>
        <line num="1" count="17" type="stmt"/>
      </file>
      <file name="cart.utils.js" path="C:\web-dev\React\supreme-octo-guacamole-cloting-master\supreme-octo-guacamole-cloting\client\src\redux\cart\cart.utils.js">
        <metrics statements="14" coveredstatements="12" conditionals="8" coveredconditionals="6" methods="7" coveredmethods="6"/>
        <line num="1" count="7" type="stmt"/>
        <line num="2" count="1" type="stmt"/>
        <line num="3" count="1" type="stmt"/>
        <line num="6" count="1" type="cond" truecount="1" falsecount="1"/>
        <line num="7" count="1" type="stmt"/>
        <line num="8" count="2" type="cond" truecount="2" falsecount="0"/>
        <line num="14" count="0" type="stmt"/>
        <line num="17" count="7" type="stmt"/>
        <line num="18" count="1" type="stmt"/>
        <line num="19" count="1" type="stmt"/>
        <line num="22" count="1" type="cond" truecount="1" falsecount="1"/>
        <line num="23" count="0" type="stmt"/>
        <line num="26" count="1" type="stmt"/>
        <line num="27" count="2" type="cond" truecount="2" falsecount="0"/>
      </file>
    </package>
    <package name="src.redux.checkout">
      <metrics statements="33" coveredstatements="20" conditionals="8" coveredconditionals="7" methods="14" coveredmethods="9"/>
      <file name="checkout.actions.js" path="C:\web-dev\React\supreme-octo-guacamole-cloting-master\supreme-octo-guacamole-cloting\client\src\redux\checkout\checkout.actions.js">
        <metrics statements="7" coveredstatements="7" conditionals="0" coveredconditionals="0" methods="7" coveredmethods="7"/>
        <line num="3" count="4" type="stmt"/>
        <line num="7" count="4" type="stmt"/>
        <line num="11" count="4" type="stmt"/>
        <line num="15" count="4" type="stmt"/>
        <line num="19" count="4" type="stmt"/>
        <line num="23" count="4" type="stmt"/>
        <line num="27" count="4" type="stmt"/>
      </file>
      <file name="checkout.reducer.js" path="C:\web-dev\React\supreme-octo-guacamole-cloting-master\supreme-octo-guacamole-cloting\client\src\redux\checkout\checkout.reducer.js">
        <metrics statements="10" coveredstatements="9" conditionals="8" coveredconditionals="7" methods="1" coveredmethods="1"/>
        <line num="3" count="7" type="stmt"/>
        <line num="8" count="7" type="cond" truecount="1" falsecount="0"/>
        <line num="9" count="36" type="cond" truecount="6" falsecount="1"/>
        <line num="11" count="1" type="stmt"/>
        <line num="13" count="1" type="stmt"/>
        <line num="15" count="1" type="stmt"/>
        <line num="17" count="1" type="stmt"/>
        <line num="19" count="1" type="stmt"/>
        <line num="24" count="0" type="stmt"/>
        <line num="29" count="31" type="stmt"/>
      </file>
      <file name="checkout.sagas.js" path="C:\web-dev\React\supreme-octo-guacamole-cloting-master\supreme-octo-guacamole-cloting\client\src\redux\checkout\checkout.sagas.js">
        <metrics statements="12" coveredstatements="1" conditionals="0" coveredconditionals="0" methods="4" coveredmethods="1"/>
        <line num="15" count="0" type="stmt"/>
        <line num="16" count="0" type="stmt"/>
        <line num="17" count="0" type="stmt"/>
        <line num="23" count="0" type="stmt"/>
        <line num="24" count="0" type="stmt"/>
        <line num="31" count="0" type="stmt"/>
        <line num="32" count="0" type="stmt"/>
        <line num="33" count="0" type="stmt"/>
        <line num="35" count="0" type="stmt"/>
        <line num="36" count="0" type="stmt"/>
        <line num="41" count="1" type="stmt"/>
        <line num="45" count="0" type="stmt"/>
      </file>
      <file name="checkout.selectors.js" path="C:\web-dev\React\supreme-octo-guacamole-cloting-master\supreme-octo-guacamole-cloting\client\src\redux\checkout\checkout.selectors.js">
        <metrics statements="3" coveredstatements="2" conditionals="0" coveredconditionals="0" methods="2" coveredmethods="0"/>
        <line num="3" count="2" type="stmt"/>
        <line num="4" count="2" type="stmt"/>
        <line num="6" count="0" type="stmt"/>
      </file>
      <file name="checkout.types.js" path="C:\web-dev\React\supreme-octo-guacamole-cloting-master\supreme-octo-guacamole-cloting\client\src\redux\checkout\checkout.types.js">
        <metrics statements="1" coveredstatements="1" conditionals="0" coveredconditionals="0" methods="0" coveredmethods="0"/>
        <line num="1" count="10" type="stmt"/>
      </file>
    </package>
    <package name="src.redux.directory">
      <metrics statements="7" coveredstatements="6" conditionals="2" coveredconditionals="2" methods="3" coveredmethods="1"/>
      <file name="directory.reducer.js" path="C:\web-dev\React\supreme-octo-guacamole-cloting-master\supreme-octo-guacamole-cloting\client\src\redux\directory\directory.reducer.js">
        <metrics statements="4" coveredstatements="4" conditionals="2" coveredconditionals="2" methods="1" coveredmethods="1"/>
        <line num="1" count="7" type="stmt"/>
        <line num="38" count="7" type="cond" truecount="1" falsecount="0"/>
        <line num="39" count="31" type="cond" truecount="1" falsecount="0"/>
        <line num="41" count="31" type="stmt"/>
      </file>
      <file name="directory.selectors.js" path="C:\web-dev\React\supreme-octo-guacamole-cloting-master\supreme-octo-guacamole-cloting\client\src\redux\directory\directory.selectors.js">
        <metrics statements="3" coveredstatements="2" conditionals="0" coveredconditionals="0" methods="2" coveredmethods="0"/>
        <line num="3" count="2" type="stmt"/>
        <line num="5" count="2" type="stmt"/>
        <line num="7" count="0" type="stmt"/>
      </file>
    </package>
    <package name="src.redux.order">
      <metrics statements="22" coveredstatements="16" conditionals="5" coveredconditionals="5" methods="10" coveredmethods="7"/>
      <file name="order.actions.js" path="C:\web-dev\React\supreme-octo-guacamole-cloting-master\supreme-octo-guacamole-cloting\client\src\redux\order\order.actions.js">
        <metrics statements="3" coveredstatements="3" conditionals="0" coveredconditionals="0" methods="3" coveredmethods="3"/>
        <line num="3" count="3" type="stmt"/>
        <line num="8" count="3" type="stmt"/>
        <line num="13" count="3" type="stmt"/>
      </file>
      <file name="order.reducer.js" path="C:\web-dev\React\supreme-octo-guacamole-cloting-master\supreme-octo-guacamole-cloting\client\src\redux\order\order.reducer.js">
        <metrics statements="7" coveredstatements="7" conditionals="5" coveredconditionals="5" methods="1" coveredmethods="1"/>
        <line num="3" count="7" type="stmt"/>
        <line num="9" count="7" type="cond" truecount="1" falsecount="0"/>
        <line num="10" count="34" type="cond" truecount="4" falsecount="0"/>
        <line num="12" count="1" type="stmt"/>
        <line num="14" count="1" type="stmt"/>
        <line num="16" count="1" type="stmt"/>
        <line num="18" count="31" type="stmt"/>
      </file>
      <file name="order.sagas.js" path="C:\web-dev\React\supreme-octo-guacamole-cloting-master\supreme-octo-guacamole-cloting\client\src\redux\order\order.sagas.js">
        <metrics statements="6" coveredstatements="1" conditionals="0" coveredconditionals="0" methods="3" coveredmethods="1"/>
        <line num="10" count="0" type="stmt"/>
        <line num="11" count="0" type="stmt"/>
        <line num="12" count="0" type="stmt"/>
        <line num="14" count="0" type="stmt"/>
        <line num="19" count="1" type="stmt"/>
        <line num="23" count="0" type="stmt"/>
      </file>
      <file name="order.selectors.js" path="C:\web-dev\React\supreme-octo-guacamole-cloting-master\supreme-octo-guacamole-cloting\client\src\redux\order\order.selectors.js">
        <metrics statements="5" coveredstatements="4" conditionals="0" coveredconditionals="0" methods="3" coveredmethods="2"/>
        <line num="3" count="2" type="stmt"/>
        <line num="5" count="2" type="stmt"/>
        <line num="7" count="0" type="stmt"/>
        <line num="10" count="2" type="stmt"/>
        <line num="12" count="1" type="stmt"/>
      </file>
      <file name="order.types.js" path="C:\web-dev\React\supreme-octo-guacamole-cloting-master\supreme-octo-guacamole-cloting\client\src\redux\order\order.types.js">
        <metrics statements="1" coveredstatements="1" conditionals="0" coveredconditionals="0" methods="0" coveredmethods="0"/>
        <line num="1" count="9" type="stmt"/>
      </file>
    </package>
    <package name="src.redux.shop">
      <metrics statements="39" coveredstatements="32" conditionals="9" coveredconditionals="6" methods="19" coveredmethods="12"/>
      <file name="shop.actions.js" path="C:\web-dev\React\supreme-octo-guacamole-cloting-master\supreme-octo-guacamole-cloting\client\src\redux\shop\shop.actions.js">
        <metrics statements="11" coveredstatements="8" conditionals="0" coveredconditionals="0" methods="7" coveredmethods="5"/>
        <line num="10" count="3" type="stmt"/>
        <line num="14" count="3" type="stmt"/>
        <line num="19" count="3" type="stmt"/>
        <line num="23" count="3" type="stmt"/>
        <line num="24" count="1" type="stmt"/>
        <line num="25" count="1" type="stmt"/>
        <line num="26" count="1" type="stmt"/>
        <line num="28" count="1" type="stmt"/>
        <line num="30" count="0" type="stmt"/>
        <line num="31" count="0" type="stmt"/>
        <line num="33" count="0" type="stmt"/>
      </file>
      <file name="shop.reducer.js" path="C:\web-dev\React\supreme-octo-guacamole-cloting-master\supreme-octo-guacamole-cloting\client\src\redux\shop\shop.reducer.js">
        <metrics statements="7" coveredstatements="7" conditionals="5" coveredconditionals="5" methods="1" coveredmethods="1"/>
        <line num="3" count="7" type="stmt"/>
        <line num="9" count="7" type="cond" truecount="1" falsecount="0"/>
        <line num="10" count="34" type="cond" truecount="4" falsecount="0"/>
        <line num="12" count="1" type="stmt"/>
        <line num="14" count="1" type="stmt"/>
        <line num="16" count="1" type="stmt"/>
        <line num="18" count="31" type="stmt"/>
      </file>
      <file name="shop.sagas.js" path="C:\web-dev\React\supreme-octo-guacamole-cloting-master\supreme-octo-guacamole-cloting\client\src\redux\shop\shop.sagas.js">
        <metrics statements="8" coveredstatements="7" conditionals="0" coveredconditionals="0" methods="3" coveredmethods="2"/>
        <line num="17" count="2" type="stmt"/>
        <line num="18" count="2" type="stmt"/>
        <line num="19" count="2" type="stmt"/>
        <line num="20" count="1" type="stmt"/>
        <line num="24" count="1" type="stmt"/>
        <line num="26" count="1" type="stmt"/>
        <line num="31" count="1" type="stmt"/>
        <line num="38" count="0" type="stmt"/>
      </file>
      <file name="shop.selectors.js" path="C:\web-dev\React\supreme-octo-guacamole-cloting-master\supreme-octo-guacamole-cloting\client\src\redux\shop\shop.selectors.js">
        <metrics statements="12" coveredstatements="9" conditionals="4" coveredconditionals="1" methods="8" coveredmethods="4"/>
        <line num="3" count="3" type="stmt"/>
        <line num="5" count="3" type="stmt"/>
        <line num="7" count="1" type="stmt"/>
        <line num="9" count="3" type="stmt"/>
        <line num="12" count="1" type="cond" truecount="1" falsecount="1"/>
        <line num="14" count="3" type="stmt"/>
        <line num="15" count="0" type="stmt"/>
        <line num="16" count="0" type="cond" truecount="0" falsecount="2"/>
        <line num="19" count="3" type="stmt"/>
        <line num="21" count="1" type="stmt"/>
        <line num="23" count="3" type="stmt"/>
        <line num="25" count="0" type="stmt"/>
      </file>
      <file name="shop.types.js" path="C:\web-dev\React\supreme-octo-guacamole-cloting-master\supreme-octo-guacamole-cloting\client\src\redux\shop\shop.types.js">
        <metrics statements="1" coveredstatements="1" conditionals="0" coveredconditionals="0" methods="0" coveredmethods="0"/>
        <line num="1" count="9" type="stmt"/>
      </file>
    </package>
    <package name="src.redux.stripe">
      <metrics statements="69" coveredstatements="35" conditionals="12" coveredconditionals="9" methods="35" coveredmethods="21"/>
      <file name="stripe.actions.js" path="C:\web-dev\React\supreme-octo-guacamole-cloting-master\supreme-octo-guacamole-cloting\client\src\redux\stripe\stripe.actions.js">
        <metrics statements="17" coveredstatements="17" conditionals="0" coveredconditionals="0" methods="17" coveredmethods="16"/>
        <line num="2" count="3" type="stmt"/>
        <line num="7" count="3" type="stmt"/>
        <line num="12" count="3" type="stmt"/>
        <line num="17" count="3" type="stmt"/>
        <line num="22" count="3" type="stmt"/>
        <line num="26" count="3" type="stmt"/>
        <line num="30" count="3" type="stmt"/>
        <line num="34" count="3" type="stmt"/>
        <line num="39" count="3" type="stmt"/>
        <line num="44" count="3" type="stmt"/>
        <line num="49" count="3" type="stmt"/>
        <line num="53" count="3" type="stmt"/>
        <line num="57" count="3" type="stmt"/>
        <line num="62" count="3" type="stmt"/>
        <line num="67" count="3" type="stmt"/>
        <line num="72" count="3" type="stmt"/>
        <line num="75" count="3" type="stmt"/>
      </file>
      <file name="stripe.reducer.js" path="C:\web-dev\React\supreme-octo-guacamole-cloting-master\supreme-octo-guacamole-cloting\client\src\redux\stripe\stripe.reducer.js">
        <metrics statements="11" coveredstatements="10" conditionals="12" coveredconditionals="9" methods="1" coveredmethods="1"/>
        <line num="3" count="7" type="stmt"/>
        <line num="10" count="7" type="cond" truecount="1" falsecount="0"/>
        <line num="11" count="40" type="cond" truecount="8" falsecount="3"/>
        <line num="13" count="1" type="stmt"/>
        <line num="19" count="1" type="stmt"/>
        <line num="21" count="3" type="stmt"/>
        <line num="27" count="1" type="stmt"/>
        <line num="31" count="0" type="stmt"/>
        <line num="37" count="2" type="stmt"/>
        <line num="42" count="1" type="stmt"/>
        <line num="50" count="31" type="stmt"/>
      </file>
      <file name="stripe.sagas.js" path="C:\web-dev\React\supreme-octo-guacamole-cloting-master\supreme-octo-guacamole-cloting\client\src\redux\stripe\stripe.sagas.js">
        <metrics statements="35" coveredstatements="4" conditionals="0" coveredconditionals="0" methods="14" coveredmethods="4"/>
        <line num="24" count="0" type="stmt"/>
        <line num="25" count="0" type="stmt"/>
        <line num="26" count="0" type="stmt"/>
        <line num="28" count="0" type="stmt"/>
        <line num="33" count="0" type="stmt"/>
        <line num="34" count="0" type="stmt"/>
        <line num="35" count="0" type="stmt"/>
        <line num="37" count="0" type="stmt"/>
        <line num="42" count="0" type="stmt"/>
        <line num="43" count="0" type="stmt"/>
        <line num="44" count="0" type="stmt"/>
        <line num="45" count="0" type="stmt"/>
        <line num="54" count="0" type="stmt"/>
        <line num="57" count="0" type="stmt"/>
        <line num="58" count="0" type="stmt"/>
        <line num="60" count="0" type="stmt"/>
        <line num="61" count="0" type="stmt"/>
        <line num="62" count="0" type="stmt"/>
        <line num="64" count="0" type="stmt"/>
        <line num="69" count="1" type="stmt"/>
        <line num="76" count="0" type="stmt"/>
        <line num="77" count="0" type="stmt"/>
        <line num="86" count="0" type="stmt"/>
        <line num="88" count="0" type="stmt"/>
        <line num="90" count="0" type="stmt"/>
        <line num="95" count="1" type="stmt"/>
        <line num="102" count="0" type="stmt"/>
        <line num="103" count="0" type="stmt"/>
        <line num="110" count="0" type="stmt"/>
        <line num="111" count="0" type="stmt"/>
        <line num="113" count="0" type="stmt"/>
        <line num="118" count="1" type="stmt"/>
        <line num="125" count="0" type="stmt"/>
        <line num="129" count="1" type="stmt"/>
        <line num="133" count="0" type="stmt"/>
      </file>
      <file name="stripe.selectors.js" path="C:\web-dev\React\supreme-octo-guacamole-cloting-master\supreme-octo-guacamole-cloting\client\src\redux\stripe\stripe.selectors.js">
        <metrics statements="5" coveredstatements="3" conditionals="0" coveredconditionals="0" methods="3" coveredmethods="0"/>
        <line num="4" count="1" type="stmt"/>
        <line num="6" count="1" type="stmt"/>
        <line num="8" count="0" type="stmt"/>
        <line num="11" count="1" type="stmt"/>
        <line num="13" count="0" type="stmt"/>
      </file>
      <file name="stripe.types.js" path="C:\web-dev\React\supreme-octo-guacamole-cloting-master\supreme-octo-guacamole-cloting\client\src\redux\stripe\stripe.types.js">
        <metrics statements="1" coveredstatements="1" conditionals="0" coveredconditionals="0" methods="0" coveredmethods="0"/>
        <line num="1" count="9" type="stmt"/>
      </file>
    </package>
    <package name="src.redux.user">
      <metrics statements="56" coveredstatements="42" conditionals="9" coveredconditionals="8" methods="29" coveredmethods="17"/>
      <file name="user.actions.js" path="C:\web-dev\React\supreme-octo-guacamole-cloting-master\supreme-octo-guacamole-cloting\client\src\redux\user\user.actions.js">
        <metrics statements="11" coveredstatements="11" conditionals="0" coveredconditionals="0" methods="11" coveredmethods="3"/>
        <line num="3" count="5" type="stmt"/>
        <line num="7" count="5" type="stmt"/>
        <line num="12" count="5" type="stmt"/>
        <line num="17" count="5" type="stmt"/>
        <line num="22" count="5" type="stmt"/>
        <line num="26" count="5" type="stmt"/>
        <line num="30" count="5" type="stmt"/>
        <line num="34" count="5" type="stmt"/>
        <line num="39" count="5" type="stmt"/>
        <line num="44" count="5" type="stmt"/>
        <line num="49" count="5" type="stmt"/>
      </file>
      <file name="user.reducer.js" path="C:\web-dev\React\supreme-octo-guacamole-cloting-master\supreme-octo-guacamole-cloting\client\src\redux\user\user.reducer.js">
        <metrics statements="7" coveredstatements="7" conditionals="7" coveredconditionals="7" methods="1" coveredmethods="1"/>
        <line num="3" count="7" type="stmt"/>
        <line num="8" count="7" type="cond" truecount="1" falsecount="0"/>
        <line num="9" count="36" type="cond" truecount="6" falsecount="0"/>
        <line num="11" count="1" type="stmt"/>
        <line num="17" count="1" type="stmt"/>
        <line num="21" count="3" type="stmt"/>
        <line num="26" count="31" type="stmt"/>
      </file>
      <file name="user.sagas.js" path="C:\web-dev\React\supreme-octo-guacamole-cloting-master\supreme-octo-guacamole-cloting\client\src\redux\user\user.sagas.js">
        <metrics statements="32" coveredstatements="19" conditionals="2" coveredconditionals="1" methods="14" coveredmethods="11"/>
        <line num="27" count="1" type="stmt"/>
        <line num="32" count="0" type="stmt"/>
        <line num="36" count="0" type="stmt"/>
        <line num="37" count="0" type="stmt"/>
        <line num="38" count="0" type="stmt"/>
        <line num="40" count="0" type="stmt"/>
        <line num="45" count="0" type="stmt"/>
        <line num="46" count="0" type="stmt"/>
        <line num="47" count="0" type="stmt"/>
        <line num="48" count="0" type="stmt"/>
        <line num="50" count="0" type="stmt"/>
        <line num="55" count="2" type="stmt"/>
        <line num="56" count="2" type="stmt"/>
        <line num="57" count="1" type="cond" truecount="1" falsecount="1"/>
        <line num="58" count="1" type="stmt"/>
        <line num="60" count="1" type="stmt"/>
        <line num="65" count="2" type="stmt"/>
        <line num="66" count="2" type="stmt"/>
        <line num="67" count="1" type="stmt"/>
        <line num="69" count="1" type="stmt"/>
        <line num="74" count="1" type="stmt"/>
        <line num="75" count="1" type="stmt"/>
        <line num="80" count="0" type="stmt"/>
        <line num="86" count="0" type="stmt"/>
        <line num="91" count="1" type="stmt"/>
        <line num="95" count="1" type="stmt"/>
        <line num="99" count="1" type="stmt"/>
        <line num="103" count="1" type="stmt"/>
        <line num="107" count="1" type="stmt"/>
        <line num="111" count="1" type="stmt"/>
        <line num="115" count="1" type="stmt"/>
        <line num="119" count="0" type="stmt"/>
      </file>
      <file name="user.selector.js" path="C:\web-dev\React\supreme-octo-guacamole-cloting-master\supreme-octo-guacamole-cloting\client\src\redux\user\user.selector.js">
        <metrics statements="5" coveredstatements="4" conditionals="0" coveredconditionals="0" methods="3" coveredmethods="2"/>
        <line num="3" count="7" type="stmt"/>
        <line num="4" count="7" type="stmt"/>
        <line num="6" count="0" type="stmt"/>
        <line num="8" count="7" type="stmt"/>
        <line num="10" count="1" type="stmt"/>
      </file>
      <file name="user.types.js" path="C:\web-dev\React\supreme-octo-guacamole-cloting-master\supreme-octo-guacamole-cloting\client\src\redux\user\user.types.js">
        <metrics statements="1" coveredstatements="1" conditionals="0" coveredconditionals="0" methods="0" coveredmethods="0"/>
        <line num="1" count="11" type="stmt"/>
      </file>
    </package>
  </project>
</coverage>
