{"C:\\web-dev\\React\\supreme-octo-guacamole-cloting-master\\supreme-octo-guacamole-cloting\\client\\src\\App.js": {"path":"C:\\web-dev\\React\\supreme-octo-guacamole-cloting-master\\supreme-octo-guacamole-cloting\\client\\src\\App.js","statementMap":{"0":{"start":{"line":17,"column":17},"end":{"line":17,"column":74}},"1":{"start":{"line":17,"column":28},"end":{"line":17,"column":73}},"2":{"start":{"line":18,"column":17},"end":{"line":18,"column":66}},"3":{"start":{"line":18,"column":28},"end":{"line":18,"column":65}},"4":{"start":{"line":19,"column":21},"end":{"line":19,"column":78}},"5":{"start":{"line":19,"column":32},"end":{"line":19,"column":77}},"6":{"start":{"line":20,"column":28},"end":{"line":22,"column":1}},"7":{"start":{"line":21,"column":2},"end":{"line":21,"column":69}},"8":{"start":{"line":23,"column":20},"end":{"line":23,"column":75}},"9":{"start":{"line":23,"column":31},"end":{"line":23,"column":74}},"10":{"start":{"line":26,"column":44},"end":{"line":26,"column":49}},"11":{"start":{"line":28,"column":2},"end":{"line":30,"column":25}},"12":{"start":{"line":29,"column":4},"end":{"line":29,"column":23}},"13":{"start":{"line":31,"column":2},"end":{"line":55,"column":4}},"14":{"start":{"line":45,"column":18},"end":{"line":45,"column":77}},"15":{"start":{"line":57,"column":24},"end":{"line":59,"column":2}},"16":{"start":{"line":60,"column":27},"end":{"line":62,"column":2}},"17":{"start":{"line":60,"column":41},"end":{"line":62,"column":1}},"18":{"start":{"line":61,"column":26},"end":{"line":61,"column":53}}},"fnMap":{"0":{"name":"(anonymous_0)","decl":{"start":{"line":17,"column":22},"end":{"line":17,"column":23}},"loc":{"start":{"line":17,"column":28},"end":{"line":17,"column":73}},"line":17},"1":{"name":"(anonymous_1)","decl":{"start":{"line":18,"column":22},"end":{"line":18,"column":23}},"loc":{"start":{"line":18,"column":28},"end":{"line":18,"column":65}},"line":18},"2":{"name":"(anonymous_2)","decl":{"start":{"line":19,"column":26},"end":{"line":19,"column":27}},"loc":{"start":{"line":19,"column":32},"end":{"line":19,"column":77}},"line":19},"3":{"name":"(anonymous_3)","decl":{"start":{"line":20,"column":33},"end":{"line":20,"column":34}},"loc":{"start":{"line":21,"column":2},"end":{"line":21,"column":69}},"line":21},"4":{"name":"(anonymous_4)","decl":{"start":{"line":23,"column":25},"end":{"line":23,"column":26}},"loc":{"start":{"line":23,"column":31},"end":{"line":23,"column":74}},"line":23},"5":{"name":"App","decl":{"start":{"line":25,"column":9},"end":{"line":25,"column":12}},"loc":{"start":{"line":25,"column":20},"end":{"line":56,"column":1}},"line":25},"6":{"name":"(anonymous_6)","decl":{"start":{"line":28,"column":12},"end":{"line":28,"column":13}},"loc":{"start":{"line":28,"column":18},"end":{"line":30,"column":3}},"line":28},"7":{"name":"(anonymous_7)","decl":{"start":{"line":44,"column":24},"end":{"line":44,"column":25}},"loc":{"start":{"line":45,"column":18},"end":{"line":45,"column":77}},"line":45},"8":{"name":"(anonymous_8)","decl":{"start":{"line":60,"column":27},"end":{"line":60,"column":28}},"loc":{"start":{"line":60,"column":41},"end":{"line":62,"column":1}},"line":60},"9":{"name":"(anonymous_9)","decl":{"start":{"line":61,"column":20},"end":{"line":61,"column":21}},"loc":{"start":{"line":61,"column":26},"end":{"line":61,"column":53}},"line":61}},"branchMap":{"0":{"loc":{"start":{"line":45,"column":18},"end":{"line":45,"column":77}},"type":"cond-expr","locations":[{"start":{"line":45,"column":32},"end":{"line":45,"column":51}},{"start":{"line":45,"column":54},"end":{"line":45,"column":77}}],"line":45}},"s":{"0":0,"1":0,"2":0,"3":0,"4":0,"5":0,"6":0,"7":0,"8":0,"9":0,"10":0,"11":0,"12":0,"13":0,"14":0,"15":0,"16":0,"17":0,"18":0},"f":{"0":0,"1":0,"2":0,"3":0,"4":0,"5":0,"6":0,"7":0,"8":0,"9":0},"b":{"0":[0,0]}}
,"C:\\web-dev\\React\\supreme-octo-guacamole-cloting-master\\supreme-octo-guacamole-cloting\\client\\src\\global.styles.js": {"path":"C:\\web-dev\\React\\supreme-octo-guacamole-cloting-master\\supreme-octo-guacamole-cloting\\client\\src\\global.styles.js","statementMap":{"0":{"start":{"line":3,"column":41},"end":{"line":3,"column":42}},"1":{"start":{"line":4,"column":41},"end":{"line":4,"column":43}},"2":{"start":{"line":5,"column":36},"end":{"line":5,"column":38}},"3":{"start":{"line":7,"column":36},"end":{"line":12,"column":3}},"4":{"start":{"line":13,"column":39},"end":{"line":20,"column":3}},"5":{"start":{"line":22,"column":23},"end":{"line":27,"column":1}},"6":{"start":{"line":29,"column":28},"end":{"line":35,"column":1}},"7":{"start":{"line":37,"column":31},"end":{"line":52,"column":1}},"8":{"start":{"line":54,"column":28},"end":{"line":94,"column":1}}},"fnMap":{},"branchMap":{},"s":{"0":15,"1":15,"2":15,"3":15,"4":15,"5":15,"6":15,"7":15,"8":15},"f":{},"b":{},"_coverageSchema":"1a1c01bbd47fc00a2c39e90264f33305004495a9","hash":"6df41e7ac7b04257517bdc84636bad3d9ee09a2d"}
,"C:\\web-dev\\React\\supreme-octo-guacamole-cloting-master\\supreme-octo-guacamole-cloting\\client\\src\\history.js": {"path":"C:\\web-dev\\React\\supreme-octo-guacamole-cloting-master\\supreme-octo-guacamole-cloting\\client\\src\\history.js","statementMap":{},"fnMap":{},"branchMap":{},"s":{},"f":{},"b":{},"_coverageSchema":"1a1c01bbd47fc00a2c39e90264f33305004495a9","hash":"98f982c3c2873bb5b19feabfcd4d2e6900d6b172"}
,"C:\\web-dev\\React\\supreme-octo-guacamole-cloting-master\\supreme-octo-guacamole-cloting\\client\\src\\index.js": {"path":"C:\\web-dev\\React\\supreme-octo-guacamole-cloting-master\\supreme-octo-guacamole-cloting\\client\\src\\index.js","statementMap":{"0":{"start":{"line":12,"column":0},"end":{"line":21,"column":2}},"1":{"start":{"line":23,"column":0},"end":{"line":23,"column":37}}},"fnMap":{},"branchMap":{},"s":{"0":0,"1":0},"f":{},"b":{}}
,"C:\\web-dev\\React\\supreme-octo-guacamole-cloting-master\\supreme-octo-guacamole-cloting\\client\\src\\reportWebVitals.js": {"path":"C:\\web-dev\\React\\supreme-octo-guacamole-cloting-master\\supreme-octo-guacamole-cloting\\client\\src\\reportWebVitals.js","statementMap":{"0":{"start":{"line":1,"column":24},"end":{"line":11,"column":1}},"1":{"start":{"line":2,"column":2},"end":{"line":10,"column":3}},"2":{"start":{"line":3,"column":4},"end":{"line":9,"column":7}},"3":{"start":{"line":4,"column":6},"end":{"line":4,"column":26}},"4":{"start":{"line":5,"column":6},"end":{"line":5,"column":26}},"5":{"start":{"line":6,"column":6},"end":{"line":6,"column":26}},"6":{"start":{"line":7,"column":6},"end":{"line":7,"column":26}},"7":{"start":{"line":8,"column":6},"end":{"line":8,"column":27}}},"fnMap":{"0":{"name":"(anonymous_0)","decl":{"start":{"line":1,"column":24},"end":{"line":1,"column":25}},"loc":{"start":{"line":1,"column":41},"end":{"line":11,"column":1}},"line":1},"1":{"name":"(anonymous_1)","decl":{"start":{"line":3,"column":30},"end":{"line":3,"column":31}},"loc":{"start":{"line":3,"column":79},"end":{"line":9,"column":5}},"line":3}},"branchMap":{"0":{"loc":{"start":{"line":2,"column":2},"end":{"line":10,"column":3}},"type":"if","locations":[{"start":{"line":2,"column":2},"end":{"line":10,"column":3}},{"start":{},"end":{}}],"line":2},"1":{"loc":{"start":{"line":2,"column":6},"end":{"line":2,"column":52}},"type":"binary-expr","locations":[{"start":{"line":2,"column":6},"end":{"line":2,"column":17}},{"start":{"line":2,"column":21},"end":{"line":2,"column":52}}],"line":2}},"s":{"0":0,"1":0,"2":0,"3":0,"4":0,"5":0,"6":0,"7":0},"f":{"0":0,"1":0},"b":{"0":[0,0],"1":[0,0]}}
,"C:\\web-dev\\React\\supreme-octo-guacamole-cloting-master\\supreme-octo-guacamole-cloting\\client\\src\\service-worker.js": {"path":"C:\\web-dev\\React\\supreme-octo-guacamole-cloting-master\\supreme-octo-guacamole-cloting\\client\\src\\service-worker.js","statementMap":{"0":{"start":{"line":16,"column":0},"end":{"line":16,"column":15}},"1":{"start":{"line":22,"column":0},"end":{"line":22,"column":37}},"2":{"start":{"line":27,"column":28},"end":{"line":27,"column":58}},"3":{"start":{"line":28,"column":0},"end":{"line":47,"column":2}},"4":{"start":{"line":32,"column":4},"end":{"line":34,"column":5}},"5":{"start":{"line":33,"column":6},"end":{"line":33,"column":19}},"6":{"start":{"line":36,"column":4},"end":{"line":38,"column":5}},"7":{"start":{"line":37,"column":6},"end":{"line":37,"column":19}},"8":{"start":{"line":40,"column":4},"end":{"line":42,"column":5}},"9":{"start":{"line":41,"column":6},"end":{"line":41,"column":19}},"10":{"start":{"line":44,"column":4},"end":{"line":44,"column":16}},"11":{"start":{"line":52,"column":0},"end":{"line":63,"column":2}},"12":{"start":{"line":53,"column":19},"end":{"line":53,"column":50}},"13":{"start":{"line":67,"column":0},"end":{"line":71,"column":3}},"14":{"start":{"line":68,"column":2},"end":{"line":70,"column":3}},"15":{"start":{"line":69,"column":4},"end":{"line":69,"column":23}}},"fnMap":{"0":{"name":"(anonymous_0)","decl":{"start":{"line":30,"column":2},"end":{"line":30,"column":3}},"loc":{"start":{"line":30,"column":24},"end":{"line":45,"column":3}},"line":30},"1":{"name":"(anonymous_1)","decl":{"start":{"line":53,"column":2},"end":{"line":53,"column":3}},"loc":{"start":{"line":53,"column":19},"end":{"line":53,"column":50}},"line":53},"2":{"name":"(anonymous_2)","decl":{"start":{"line":67,"column":33},"end":{"line":67,"column":34}},"loc":{"start":{"line":67,"column":44},"end":{"line":71,"column":1}},"line":67}},"branchMap":{"0":{"loc":{"start":{"line":32,"column":4},"end":{"line":34,"column":5}},"type":"if","locations":[{"start":{"line":32,"column":4},"end":{"line":34,"column":5}},{"start":{},"end":{}}],"line":32},"1":{"loc":{"start":{"line":36,"column":4},"end":{"line":38,"column":5}},"type":"if","locations":[{"start":{"line":36,"column":4},"end":{"line":38,"column":5}},{"start":{},"end":{}}],"line":36},"2":{"loc":{"start":{"line":40,"column":4},"end":{"line":42,"column":5}},"type":"if","locations":[{"start":{"line":40,"column":4},"end":{"line":42,"column":5}},{"start":{},"end":{}}],"line":40},"3":{"loc":{"start":{"line":68,"column":2},"end":{"line":70,"column":3}},"type":"if","locations":[{"start":{"line":68,"column":2},"end":{"line":70,"column":3}},{"start":{},"end":{}}],"line":68},"4":{"loc":{"start":{"line":68,"column":6},"end":{"line":68,"column":54}},"type":"binary-expr","locations":[{"start":{"line":68,"column":6},"end":{"line":68,"column":16}},{"start":{"line":68,"column":20},"end":{"line":68,"column":54}}],"line":68}},"s":{"0":0,"1":0,"2":0,"3":0,"4":0,"5":0,"6":0,"7":0,"8":0,"9":0,"10":0,"11":0,"12":0,"13":0,"14":0,"15":0},"f":{"0":0,"1":0,"2":0},"b":{"0":[0,0],"1":[0,0],"2":[0,0],"3":[0,0],"4":[0,0]}}
,"C:\\web-dev\\React\\supreme-octo-guacamole-cloting-master\\supreme-octo-guacamole-cloting\\client\\src\\serviceWorkerRegistration.js": {"path":"C:\\web-dev\\React\\supreme-octo-guacamole-cloting-master\\supreme-octo-guacamole-cloting\\client\\src\\serviceWorkerRegistration.js","statementMap":{"0":{"start":{"line":13,"column":20},"end":{"line":19,"column":1}},"1":{"start":{"line":22,"column":2},"end":{"line":52,"column":3}},"2":{"start":{"line":24,"column":22},"end":{"line":24,"column":75}},"3":{"start":{"line":25,"column":4},"end":{"line":30,"column":5}},"4":{"start":{"line":29,"column":6},"end":{"line":29,"column":13}},"5":{"start":{"line":32,"column":4},"end":{"line":51,"column":7}},"6":{"start":{"line":33,"column":20},"end":{"line":33,"column":65}},"7":{"start":{"line":35,"column":6},"end":{"line":50,"column":7}},"8":{"start":{"line":37,"column":8},"end":{"line":37,"column":47}},"9":{"start":{"line":41,"column":8},"end":{"line":46,"column":11}},"10":{"start":{"line":42,"column":10},"end":{"line":45,"column":12}},"11":{"start":{"line":49,"column":8},"end":{"line":49,"column":39}},"12":{"start":{"line":56,"column":2},"end":{"line":96,"column":7}},"13":{"start":{"line":59,"column":6},"end":{"line":92,"column":8}},"14":{"start":{"line":60,"column":33},"end":{"line":60,"column":56}},"15":{"start":{"line":61,"column":8},"end":{"line":63,"column":9}},"16":{"start":{"line":62,"column":10},"end":{"line":62,"column":17}},"17":{"start":{"line":64,"column":8},"end":{"line":91,"column":10}},"18":{"start":{"line":65,"column":10},"end":{"line":90,"column":11}},"19":{"start":{"line":66,"column":12},"end":{"line":89,"column":13}},"20":{"start":{"line":70,"column":14},"end":{"line":73,"column":16}},"21":{"start":{"line":76,"column":14},"end":{"line":78,"column":15}},"22":{"start":{"line":77,"column":16},"end":{"line":77,"column":46}},"23":{"start":{"line":83,"column":14},"end":{"line":83,"column":64}},"24":{"start":{"line":86,"column":14},"end":{"line":88,"column":15}},"25":{"start":{"line":87,"column":16},"end":{"line":87,"column":47}},"26":{"start":{"line":95,"column":6},"end":{"line":95,"column":72}},"27":{"start":{"line":101,"column":2},"end":{"line":124,"column":7}},"28":{"start":{"line":106,"column":26},"end":{"line":106,"column":62}},"29":{"start":{"line":107,"column":6},"end":{"line":120,"column":7}},"30":{"start":{"line":112,"column":8},"end":{"line":116,"column":11}},"31":{"start":{"line":113,"column":10},"end":{"line":115,"column":13}},"32":{"start":{"line":114,"column":12},"end":{"line":114,"column":37}},"33":{"start":{"line":119,"column":8},"end":{"line":119,"column":39}},"34":{"start":{"line":123,"column":6},"end":{"line":123,"column":83}},"35":{"start":{"line":128,"column":2},"end":{"line":136,"column":3}},"36":{"start":{"line":129,"column":4},"end":{"line":135,"column":9}},"37":{"start":{"line":131,"column":8},"end":{"line":131,"column":34}},"38":{"start":{"line":134,"column":8},"end":{"line":134,"column":37}}},"fnMap":{"0":{"name":"register","decl":{"start":{"line":21,"column":16},"end":{"line":21,"column":24}},"loc":{"start":{"line":21,"column":33},"end":{"line":53,"column":1}},"line":21},"1":{"name":"(anonymous_1)","decl":{"start":{"line":32,"column":36},"end":{"line":32,"column":37}},"loc":{"start":{"line":32,"column":42},"end":{"line":51,"column":5}},"line":32},"2":{"name":"(anonymous_2)","decl":{"start":{"line":41,"column":43},"end":{"line":41,"column":44}},"loc":{"start":{"line":41,"column":49},"end":{"line":46,"column":9}},"line":41},"3":{"name":"registerValidSW","decl":{"start":{"line":55,"column":9},"end":{"line":55,"column":24}},"loc":{"start":{"line":55,"column":40},"end":{"line":97,"column":1}},"line":55},"4":{"name":"(anonymous_4)","decl":{"start":{"line":58,"column":10},"end":{"line":58,"column":11}},"loc":{"start":{"line":58,"column":28},"end":{"line":93,"column":5}},"line":58},"5":{"name":"(anonymous_5)","decl":{"start":{"line":59,"column":35},"end":{"line":59,"column":36}},"loc":{"start":{"line":59,"column":41},"end":{"line":92,"column":7}},"line":59},"6":{"name":"(anonymous_6)","decl":{"start":{"line":64,"column":41},"end":{"line":64,"column":42}},"loc":{"start":{"line":64,"column":47},"end":{"line":91,"column":9}},"line":64},"7":{"name":"(anonymous_7)","decl":{"start":{"line":94,"column":11},"end":{"line":94,"column":12}},"loc":{"start":{"line":94,"column":22},"end":{"line":96,"column":5}},"line":94},"8":{"name":"checkValidServiceWorker","decl":{"start":{"line":99,"column":9},"end":{"line":99,"column":32}},"loc":{"start":{"line":99,"column":48},"end":{"line":125,"column":1}},"line":99},"9":{"name":"(anonymous_9)","decl":{"start":{"line":104,"column":10},"end":{"line":104,"column":11}},"loc":{"start":{"line":104,"column":24},"end":{"line":121,"column":5}},"line":104},"10":{"name":"(anonymous_10)","decl":{"start":{"line":112,"column":43},"end":{"line":112,"column":44}},"loc":{"start":{"line":112,"column":61},"end":{"line":116,"column":9}},"line":112},"11":{"name":"(anonymous_11)","decl":{"start":{"line":113,"column":41},"end":{"line":113,"column":42}},"loc":{"start":{"line":113,"column":47},"end":{"line":115,"column":11}},"line":113},"12":{"name":"(anonymous_12)","decl":{"start":{"line":122,"column":11},"end":{"line":122,"column":12}},"loc":{"start":{"line":122,"column":17},"end":{"line":124,"column":5}},"line":122},"13":{"name":"unregister","decl":{"start":{"line":127,"column":16},"end":{"line":127,"column":26}},"loc":{"start":{"line":127,"column":29},"end":{"line":137,"column":1}},"line":127},"14":{"name":"(anonymous_14)","decl":{"start":{"line":130,"column":12},"end":{"line":130,"column":13}},"loc":{"start":{"line":130,"column":30},"end":{"line":132,"column":7}},"line":130},"15":{"name":"(anonymous_15)","decl":{"start":{"line":133,"column":13},"end":{"line":133,"column":14}},"loc":{"start":{"line":133,"column":24},"end":{"line":135,"column":7}},"line":133}},"branchMap":{"0":{"loc":{"start":{"line":14,"column":2},"end":{"line":18,"column":92}},"type":"binary-expr","locations":[{"start":{"line":14,"column":2},"end":{"line":14,"column":42}},{"start":{"line":16,"column":4},"end":{"line":16,"column":40}},{"start":{"line":18,"column":4},"end":{"line":18,"column":92}}],"line":14},"1":{"loc":{"start":{"line":22,"column":2},"end":{"line":52,"column":3}},"type":"if","locations":[{"start":{"line":22,"column":2},"end":{"line":52,"column":3}},{"start":{},"end":{}}],"line":22},"2":{"loc":{"start":{"line":22,"column":6},"end":{"line":22,"column":75}},"type":"binary-expr","locations":[{"start":{"line":22,"column":6},"end":{"line":22,"column":43}},{"start":{"line":22,"column":47},"end":{"line":22,"column":75}}],"line":22},"3":{"loc":{"start":{"line":25,"column":4},"end":{"line":30,"column":5}},"type":"if","locations":[{"start":{"line":25,"column":4},"end":{"line":30,"column":5}},{"start":{},"end":{}}],"line":25},"4":{"loc":{"start":{"line":35,"column":6},"end":{"line":50,"column":7}},"type":"if","locations":[{"start":{"line":35,"column":6},"end":{"line":50,"column":7}},{"start":{"line":47,"column":13},"end":{"line":50,"column":7}}],"line":35},"5":{"loc":{"start":{"line":61,"column":8},"end":{"line":63,"column":9}},"type":"if","locations":[{"start":{"line":61,"column":8},"end":{"line":63,"column":9}},{"start":{},"end":{}}],"line":61},"6":{"loc":{"start":{"line":65,"column":10},"end":{"line":90,"column":11}},"type":"if","locations":[{"start":{"line":65,"column":10},"end":{"line":90,"column":11}},{"start":{},"end":{}}],"line":65},"7":{"loc":{"start":{"line":66,"column":12},"end":{"line":89,"column":13}},"type":"if","locations":[{"start":{"line":66,"column":12},"end":{"line":89,"column":13}},{"start":{"line":79,"column":19},"end":{"line":89,"column":13}}],"line":66},"8":{"loc":{"start":{"line":76,"column":14},"end":{"line":78,"column":15}},"type":"if","locations":[{"start":{"line":76,"column":14},"end":{"line":78,"column":15}},{"start":{},"end":{}}],"line":76},"9":{"loc":{"start":{"line":76,"column":18},"end":{"line":76,"column":43}},"type":"binary-expr","locations":[{"start":{"line":76,"column":18},"end":{"line":76,"column":24}},{"start":{"line":76,"column":28},"end":{"line":76,"column":43}}],"line":76},"10":{"loc":{"start":{"line":86,"column":14},"end":{"line":88,"column":15}},"type":"if","locations":[{"start":{"line":86,"column":14},"end":{"line":88,"column":15}},{"start":{},"end":{}}],"line":86},"11":{"loc":{"start":{"line":86,"column":18},"end":{"line":86,"column":44}},"type":"binary-expr","locations":[{"start":{"line":86,"column":18},"end":{"line":86,"column":24}},{"start":{"line":86,"column":28},"end":{"line":86,"column":44}}],"line":86},"12":{"loc":{"start":{"line":107,"column":6},"end":{"line":120,"column":7}},"type":"if","locations":[{"start":{"line":107,"column":6},"end":{"line":120,"column":7}},{"start":{"line":117,"column":13},"end":{"line":120,"column":7}}],"line":107},"13":{"loc":{"start":{"line":108,"column":8},"end":{"line":109,"column":73}},"type":"binary-expr","locations":[{"start":{"line":108,"column":8},"end":{"line":108,"column":31}},{"start":{"line":109,"column":9},"end":{"line":109,"column":28}},{"start":{"line":109,"column":32},"end":{"line":109,"column":72}}],"line":108},"14":{"loc":{"start":{"line":128,"column":2},"end":{"line":136,"column":3}},"type":"if","locations":[{"start":{"line":128,"column":2},"end":{"line":136,"column":3}},{"start":{},"end":{}}],"line":128}},"s":{"0":0,"1":0,"2":0,"3":0,"4":0,"5":0,"6":0,"7":0,"8":0,"9":0,"10":0,"11":0,"12":0,"13":0,"14":0,"15":0,"16":0,"17":0,"18":0,"19":0,"20":0,"21":0,"22":0,"23":0,"24":0,"25":0,"26":0,"27":0,"28":0,"29":0,"30":0,"31":0,"32":0,"33":0,"34":0,"35":0,"36":0,"37":0,"38":0},"f":{"0":0,"1":0,"2":0,"3":0,"4":0,"5":0,"6":0,"7":0,"8":0,"9":0,"10":0,"11":0,"12":0,"13":0,"14":0,"15":0},"b":{"0":[0,0,0],"1":[0,0],"2":[0,0],"3":[0,0],"4":[0,0],"5":[0,0],"6":[0,0],"7":[0,0],"8":[0,0],"9":[0,0],"10":[0,0],"11":[0,0],"12":[0,0],"13":[0,0,0],"14":[0,0]}}
,"C:\\web-dev\\React\\supreme-octo-guacamole-cloting-master\\supreme-octo-guacamole-cloting\\client\\src\\components\\cart-dropdown\\cart-dropdown.component.jsx": {"path":"C:\\web-dev\\React\\supreme-octo-guacamole-cloting-master\\supreme-octo-guacamole-cloting\\client\\src\\components\\cart-dropdown\\cart-dropdown.component.jsx","statementMap":{"0":{"start":{"line":17,"column":27},"end":{"line":20,"column":1}},"1":{"start":{"line":18,"column":2},"end":{"line":18,"column":28}},"2":{"start":{"line":19,"column":2},"end":{"line":19,"column":31}},"3":{"start":{"line":22,"column":2},"end":{"line":39,"column":4}},"4":{"start":{"line":27,"column":12},"end":{"line":27,"column":58}},"5":{"start":{"line":34,"column":23},"end":{"line":34,"column":71}},"6":{"start":{"line":41,"column":24},"end":{"line":43,"column":2}}},"fnMap":{"0":{"name":"(anonymous_0)","decl":{"start":{"line":17,"column":27},"end":{"line":17,"column":28}},"loc":{"start":{"line":17,"column":50},"end":{"line":20,"column":1}},"line":17},"1":{"name":"CartDropdown","decl":{"start":{"line":21,"column":16},"end":{"line":21,"column":28}},"loc":{"start":{"line":21,"column":63},"end":{"line":40,"column":1}},"line":21},"2":{"name":"(anonymous_2)","decl":{"start":{"line":26,"column":24},"end":{"line":26,"column":25}},"loc":{"start":{"line":27,"column":12},"end":{"line":27,"column":58}},"line":27},"3":{"name":"(anonymous_3)","decl":{"start":{"line":34,"column":17},"end":{"line":34,"column":18}},"loc":{"start":{"line":34,"column":23},"end":{"line":34,"column":71}},"line":34}},"branchMap":{"0":{"loc":{"start":{"line":25,"column":9},"end":{"line":31,"column":9}},"type":"cond-expr","locations":[{"start":{"line":26,"column":10},"end":{"line":28,"column":12}},{"start":{"line":30,"column":10},"end":{"line":30,"column":63}}],"line":25}},"s":{"0":2,"1":1,"2":1,"3":4,"4":0,"5":1,"6":2},"f":{"0":1,"1":4,"2":0,"3":1},"b":{"0":[0,4]},"_coverageSchema":"1a1c01bbd47fc00a2c39e90264f33305004495a9","hash":"c18ab0add5f4185f178aad41ac539bc39f4e53f5"}
,"C:\\web-dev\\React\\supreme-octo-guacamole-cloting-master\\supreme-octo-guacamole-cloting\\client\\src\\components\\cart-dropdown\\cart-dropdown.styles.jsx": {"path":"C:\\web-dev\\React\\supreme-octo-guacamole-cloting-master\\supreme-octo-guacamole-cloting\\client\\src\\components\\cart-dropdown\\cart-dropdown.styles.jsx","statementMap":{"0":{"start":{"line":5,"column":37},"end":{"line":12,"column":1}},"1":{"start":{"line":14,"column":34},"end":{"line":19,"column":1}},"2":{"start":{"line":21,"column":29},"end":{"line":23,"column":1}},"3":{"start":{"line":24,"column":0},"end":{"line":24,"column":44}},"4":{"start":{"line":26,"column":31},"end":{"line":29,"column":1}}},"fnMap":{},"branchMap":{},"s":{"0":2,"1":2,"2":2,"3":2,"4":2},"f":{},"b":{},"_coverageSchema":"1a1c01bbd47fc00a2c39e90264f33305004495a9","hash":"57fa8734752abf55e3a792453be35d714b3ec527"}
,"C:\\web-dev\\React\\supreme-octo-guacamole-cloting-master\\supreme-octo-guacamole-cloting\\client\\src\\components\\cart-icon\\cart-icon.component.jsx": {"path":"C:\\web-dev\\React\\supreme-octo-guacamole-cloting-master\\supreme-octo-guacamole-cloting\\client\\src\\components\\cart-icon\\cart-icon.component.jsx","statementMap":{"0":{"start":{"line":14,"column":2},"end":{"line":19,"column":4}},"1":{"start":{"line":21,"column":27},"end":{"line":23,"column":2}},"2":{"start":{"line":21,"column":42},"end":{"line":23,"column":1}},"3":{"start":{"line":22,"column":26},"end":{"line":22,"column":54}},"4":{"start":{"line":25,"column":24},"end":{"line":27,"column":2}}},"fnMap":{"0":{"name":"CartIcon","decl":{"start":{"line":13,"column":16},"end":{"line":13,"column":24}},"loc":{"start":{"line":13,"column":58},"end":{"line":20,"column":1}},"line":13},"1":{"name":"(anonymous_1)","decl":{"start":{"line":21,"column":27},"end":{"line":21,"column":28}},"loc":{"start":{"line":21,"column":42},"end":{"line":23,"column":1}},"line":21},"2":{"name":"(anonymous_2)","decl":{"start":{"line":22,"column":20},"end":{"line":22,"column":21}},"loc":{"start":{"line":22,"column":26},"end":{"line":22,"column":54}},"line":22}},"branchMap":{},"s":{"0":5,"1":2,"2":3,"3":0,"4":2},"f":{"0":5,"1":3,"2":0},"b":{},"_coverageSchema":"1a1c01bbd47fc00a2c39e90264f33305004495a9","hash":"765061252f3bbc5ba504e5bb718ec1d22c1086ef"}
,"C:\\web-dev\\React\\supreme-octo-guacamole-cloting-master\\supreme-octo-guacamole-cloting\\client\\src\\components\\cart-icon\\cart-icon.styles.jsx": {"path":"C:\\web-dev\\React\\supreme-octo-guacamole-cloting-master\\supreme-octo-guacamole-cloting\\client\\src\\components\\cart-icon\\cart-icon.styles.jsx","statementMap":{"0":{"start":{"line":4,"column":23},"end":{"line":4,"column":61}},"1":{"start":{"line":5,"column":31},"end":{"line":34,"column":1}},"2":{"start":{"line":35,"column":0},"end":{"line":35,"column":48}},"3":{"start":{"line":36,"column":35},"end":{"line":39,"column":1}},"4":{"start":{"line":41,"column":32},"end":{"line":50,"column":1}}},"fnMap":{},"branchMap":{},"s":{"0":2,"1":2,"2":2,"3":2,"4":2},"f":{},"b":{},"_coverageSchema":"1a1c01bbd47fc00a2c39e90264f33305004495a9","hash":"00bac399ccda5dfe636c36b57d2329091c2087ea"}
,"C:\\web-dev\\React\\supreme-octo-guacamole-cloting-master\\supreme-octo-guacamole-cloting\\client\\src\\components\\cart-item\\cart-item.component.jsx": {"path":"C:\\web-dev\\React\\supreme-octo-guacamole-cloting-master\\supreme-octo-guacamole-cloting\\client\\src\\components\\cart-item\\cart-item.component.jsx","statementMap":{"0":{"start":{"line":10,"column":2},"end":{"line":20,"column":4}}},"fnMap":{"0":{"name":"CartItem","decl":{"start":{"line":9,"column":16},"end":{"line":9,"column":24}},"loc":{"start":{"line":9,"column":72},"end":{"line":21,"column":1}},"line":9}},"branchMap":{},"s":{"0":1},"f":{"0":1},"b":{},"_coverageSchema":"1a1c01bbd47fc00a2c39e90264f33305004495a9","hash":"26799b7ad028f151abe18e89715f571b18ccd39e"}
,"C:\\web-dev\\React\\supreme-octo-guacamole-cloting-master\\supreme-octo-guacamole-cloting\\client\\src\\components\\cart-item\\cart-item.styles.jsx": {"path":"C:\\web-dev\\React\\supreme-octo-guacamole-cloting-master\\supreme-octo-guacamole-cloting\\client\\src\\components\\cart-item\\cart-item.styles.jsx","statementMap":{"0":{"start":{"line":3,"column":33},"end":{"line":8,"column":1}},"1":{"start":{"line":9,"column":27},"end":{"line":12,"column":1}},"2":{"start":{"line":13,"column":36},"end":{"line":20,"column":1}}},"fnMap":{},"branchMap":{},"s":{"0":3,"1":3,"2":3},"f":{},"b":{},"_coverageSchema":"1a1c01bbd47fc00a2c39e90264f33305004495a9","hash":"e92552a63ca7c9c86ef6c8df42c0e84b01668ead"}
,"C:\\web-dev\\React\\supreme-octo-guacamole-cloting-master\\supreme-octo-guacamole-cloting\\client\\src\\components\\checkout-item\\checkout-item.component.jsx": {"path":"C:\\web-dev\\React\\supreme-octo-guacamole-cloting-master\\supreme-octo-guacamole-cloting\\client\\src\\components\\checkout-item\\checkout-item.component.jsx","statementMap":{"0":{"start":{"line":23,"column":22},"end":{"line":23,"column":45}},"1":{"start":{"line":24,"column":46},"end":{"line":24,"column":54}},"2":{"start":{"line":25,"column":2},"end":{"line":62,"column":4}},"3":{"start":{"line":34,"column":25},"end":{"line":34,"column":45}},"4":{"start":{"line":41,"column":25},"end":{"line":41,"column":42}},"5":{"start":{"line":52,"column":25},"end":{"line":52,"column":44}},"6":{"start":{"line":65,"column":27},"end":{"line":69,"column":2}},"7":{"start":{"line":65,"column":42},"end":{"line":69,"column":1}},"8":{"start":{"line":66,"column":23},"end":{"line":66,"column":56}},"9":{"start":{"line":67,"column":21},"end":{"line":67,"column":44}},"10":{"start":{"line":68,"column":24},"end":{"line":68,"column":50}}},"fnMap":{"0":{"name":"CheckoutItem","decl":{"start":{"line":22,"column":16},"end":{"line":22,"column":28}},"loc":{"start":{"line":22,"column":75},"end":{"line":63,"column":1}},"line":22},"1":{"name":"(anonymous_1)","decl":{"start":{"line":34,"column":19},"end":{"line":34,"column":20}},"loc":{"start":{"line":34,"column":25},"end":{"line":34,"column":45}},"line":34},"2":{"name":"(anonymous_2)","decl":{"start":{"line":41,"column":19},"end":{"line":41,"column":20}},"loc":{"start":{"line":41,"column":25},"end":{"line":41,"column":42}},"line":41},"3":{"name":"(anonymous_3)","decl":{"start":{"line":52,"column":19},"end":{"line":52,"column":20}},"loc":{"start":{"line":52,"column":25},"end":{"line":52,"column":44}},"line":52},"4":{"name":"(anonymous_4)","decl":{"start":{"line":65,"column":27},"end":{"line":65,"column":28}},"loc":{"start":{"line":65,"column":42},"end":{"line":69,"column":1}},"line":65},"5":{"name":"(anonymous_5)","decl":{"start":{"line":66,"column":13},"end":{"line":66,"column":14}},"loc":{"start":{"line":66,"column":23},"end":{"line":66,"column":56}},"line":66},"6":{"name":"(anonymous_6)","decl":{"start":{"line":67,"column":11},"end":{"line":67,"column":12}},"loc":{"start":{"line":67,"column":21},"end":{"line":67,"column":44}},"line":67},"7":{"name":"(anonymous_7)","decl":{"start":{"line":68,"column":14},"end":{"line":68,"column":15}},"loc":{"start":{"line":68,"column":24},"end":{"line":68,"column":50}},"line":68}},"branchMap":{"0":{"loc":{"start":{"line":47,"column":9},"end":{"line":47,"column":48}},"type":"cond-expr","locations":[{"start":{"line":47,"column":23},"end":{"line":47,"column":40}},{"start":{"line":47,"column":43},"end":{"line":47,"column":48}}],"line":47},"1":{"loc":{"start":{"line":54,"column":11},"end":{"line":58,"column":11}},"type":"cond-expr","locations":[{"start":{"line":55,"column":12},"end":{"line":55,"column":61}},{"start":{"line":57,"column":12},"end":{"line":57,"column":15}}],"line":54}},"s":{"0":6,"1":6,"2":6,"3":1,"4":1,"5":1,"6":2,"7":4,"8":0,"9":0,"10":0},"f":{"0":6,"1":1,"2":1,"3":1,"4":4,"5":0,"6":0,"7":0},"b":{"0":[0,6],"1":[0,6]},"_coverageSchema":"1a1c01bbd47fc00a2c39e90264f33305004495a9","hash":"e11fc0be268b0e787c47489d37d4ded30a67de49"}
,"C:\\web-dev\\React\\supreme-octo-guacamole-cloting-master\\supreme-octo-guacamole-cloting\\client\\src\\components\\checkout-item\\checkout-item.styles.jsx": {"path":"C:\\web-dev\\React\\supreme-octo-guacamole-cloting-master\\supreme-octo-guacamole-cloting\\client\\src\\components\\checkout-item\\checkout-item.styles.jsx","statementMap":{"0":{"start":{"line":3,"column":24},"end":{"line":8,"column":1}},"1":{"start":{"line":9,"column":29},"end":{"line":13,"column":1}},"2":{"start":{"line":15,"column":16},"end":{"line":19,"column":1}},"3":{"start":{"line":21,"column":20},"end":{"line":26,"column":1}},"4":{"start":{"line":28,"column":37},"end":{"line":43,"column":1}},"5":{"start":{"line":45,"column":30},"end":{"line":50,"column":1}},"6":{"start":{"line":52,"column":26},"end":{"line":56,"column":1}},"7":{"start":{"line":57,"column":30},"end":{"line":61,"column":1}},"8":{"start":{"line":62,"column":31},"end":{"line":65,"column":1}},"9":{"start":{"line":66,"column":27},"end":{"line":68,"column":1}},"10":{"start":{"line":69,"column":25},"end":{"line":71,"column":1}},"11":{"start":{"line":73,"column":28},"end":{"line":75,"column":1}},"12":{"start":{"line":76,"column":35},"end":{"line":80,"column":1}}},"fnMap":{},"branchMap":{},"s":{"0":2,"1":2,"2":2,"3":2,"4":2,"5":2,"6":2,"7":2,"8":2,"9":2,"10":2,"11":2,"12":2},"f":{},"b":{},"_coverageSchema":"1a1c01bbd47fc00a2c39e90264f33305004495a9","hash":"7f7b70c93fdd439e7da3924bc402e5ce9695c8fc"}
,"C:\\web-dev\\React\\supreme-octo-guacamole-cloting-master\\supreme-octo-guacamole-cloting\\client\\src\\components\\collection-item\\collection-item.component.jsx": {"path":"C:\\web-dev\\React\\supreme-octo-guacamole-cloting-master\\supreme-octo-guacamole-cloting\\client\\src\\components\\collection-item\\collection-item.component.jsx","statementMap":{"0":{"start":{"line":15,"column":40},"end":{"line":15,"column":44}},"1":{"start":{"line":16,"column":2},"end":{"line":34,"column":4}},"2":{"start":{"line":29,"column":23},"end":{"line":29,"column":36}},"3":{"start":{"line":36,"column":27},"end":{"line":38,"column":2}},"4":{"start":{"line":36,"column":42},"end":{"line":38,"column":1}},"5":{"start":{"line":37,"column":21},"end":{"line":37,"column":44}}},"fnMap":{"0":{"name":"CollectionItem","decl":{"start":{"line":14,"column":16},"end":{"line":14,"column":30}},"loc":{"start":{"line":14,"column":50},"end":{"line":35,"column":1}},"line":14},"1":{"name":"(anonymous_1)","decl":{"start":{"line":29,"column":17},"end":{"line":29,"column":18}},"loc":{"start":{"line":29,"column":23},"end":{"line":29,"column":36}},"line":29},"2":{"name":"(anonymous_2)","decl":{"start":{"line":36,"column":27},"end":{"line":36,"column":28}},"loc":{"start":{"line":36,"column":42},"end":{"line":38,"column":1}},"line":36},"3":{"name":"(anonymous_3)","decl":{"start":{"line":37,"column":11},"end":{"line":37,"column":12}},"loc":{"start":{"line":37,"column":21},"end":{"line":37,"column":44}},"line":37}},"branchMap":{},"s":{"0":2,"1":2,"2":1,"3":5,"4":0,"5":0},"f":{"0":2,"1":1,"2":0,"3":0},"b":{},"_coverageSchema":"1a1c01bbd47fc00a2c39e90264f33305004495a9","hash":"dfd50c27188dc3a6bbb41f5940fb9183c2c44260"}
,"C:\\web-dev\\React\\supreme-octo-guacamole-cloting-master\\supreme-octo-guacamole-cloting\\client\\src\\components\\collection-item\\collection-item.styles.jsx": {"path":"C:\\web-dev\\React\\supreme-octo-guacamole-cloting-master\\supreme-octo-guacamole-cloting\\client\\src\\components\\collection-item\\collection-item.styles.jsx","statementMap":{"0":{"start":{"line":7,"column":20},"end":{"line":9,"column":1}},"1":{"start":{"line":8,"column":2},"end":{"line":8,"column":19}},"2":{"start":{"line":11,"column":39},"end":{"line":44,"column":1}},"3":{"start":{"line":46,"column":30},"end":{"line":57,"column":1}},"4":{"start":{"line":58,"column":41},"end":{"line":64,"column":1}},"5":{"start":{"line":66,"column":24},"end":{"line":69,"column":1}},"6":{"start":{"line":70,"column":25},"end":{"line":72,"column":1}},"7":{"start":{"line":74,"column":31},"end":{"line":84,"column":1}},"8":{"start":{"line":85,"column":0},"end":{"line":85,"column":48}}},"fnMap":{"0":{"name":"(anonymous_0)","decl":{"start":{"line":7,"column":20},"end":{"line":7,"column":21}},"loc":{"start":{"line":7,"column":31},"end":{"line":9,"column":1}},"line":7}},"branchMap":{},"s":{"0":5,"1":2,"2":5,"3":5,"4":5,"5":5,"6":5,"7":5,"8":5},"f":{"0":2},"b":{},"_coverageSchema":"1a1c01bbd47fc00a2c39e90264f33305004495a9","hash":"ed2a881cd93923b440c5b7068bbb815ccc8dc792"}
,"C:\\web-dev\\React\\supreme-octo-guacamole-cloting-master\\supreme-octo-guacamole-cloting\\client\\src\\components\\collection-preview\\collection-preview.component.jsx": {"path":"C:\\web-dev\\React\\supreme-octo-guacamole-cloting-master\\supreme-octo-guacamole-cloting\\client\\src\\components\\collection-preview\\collection-preview.component.jsx","statementMap":{"0":{"start":{"line":13,"column":40},"end":{"line":13,"column":51}},"1":{"start":{"line":14,"column":40},"end":{"line":14,"column":55}},"2":{"start":{"line":15,"column":19},"end":{"line":18,"column":3}},"3":{"start":{"line":16,"column":4},"end":{"line":16,"column":22}},"4":{"start":{"line":17,"column":4},"end":{"line":17,"column":33}},"5":{"start":{"line":19,"column":19},"end":{"line":22,"column":3}},"6":{"start":{"line":20,"column":4},"end":{"line":20,"column":33}},"7":{"start":{"line":21,"column":4},"end":{"line":21,"column":33}},"8":{"start":{"line":23,"column":2},"end":{"line":48,"column":4}},"9":{"start":{"line":27,"column":23},"end":{"line":27,"column":65}},"10":{"start":{"line":33,"column":33},"end":{"line":33,"column":50}},"11":{"start":{"line":35,"column":12},"end":{"line":35,"column":56}},"12":{"start":{"line":42,"column":10},"end":{"line":42,"column":48}}},"fnMap":{"0":{"name":"CollectionPreview","decl":{"start":{"line":12,"column":16},"end":{"line":12,"column":33}},"loc":{"start":{"line":12,"column":79},"end":{"line":49,"column":1}},"line":12},"1":{"name":"(anonymous_1)","decl":{"start":{"line":15,"column":19},"end":{"line":15,"column":20}},"loc":{"start":{"line":15,"column":25},"end":{"line":18,"column":3}},"line":15},"2":{"name":"(anonymous_2)","decl":{"start":{"line":19,"column":19},"end":{"line":19,"column":20}},"loc":{"start":{"line":19,"column":25},"end":{"line":22,"column":3}},"line":19},"3":{"name":"(anonymous_3)","decl":{"start":{"line":27,"column":17},"end":{"line":27,"column":18}},"loc":{"start":{"line":27,"column":23},"end":{"line":27,"column":65}},"line":27},"4":{"name":"(anonymous_4)","decl":{"start":{"line":33,"column":18},"end":{"line":33,"column":19}},"loc":{"start":{"line":33,"column":33},"end":{"line":33,"column":50}},"line":33},"5":{"name":"(anonymous_5)","decl":{"start":{"line":34,"column":15},"end":{"line":34,"column":16}},"loc":{"start":{"line":35,"column":12},"end":{"line":35,"column":56}},"line":35},"6":{"name":"(anonymous_6)","decl":{"start":{"line":41,"column":17},"end":{"line":41,"column":18}},"loc":{"start":{"line":41,"column":23},"end":{"line":43,"column":9}},"line":41}},"branchMap":{"0":{"loc":{"start":{"line":42,"column":10},"end":{"line":42,"column":47}},"type":"cond-expr","locations":[{"start":{"line":42,"column":24},"end":{"line":42,"column":34}},{"start":{"line":42,"column":37},"end":{"line":42,"column":47}}],"line":42},"1":{"loc":{"start":{"line":45,"column":9},"end":{"line":45,"column":71}},"type":"cond-expr","locations":[{"start":{"line":45,"column":23},"end":{"line":45,"column":34}},{"start":{"line":45,"column":37},"end":{"line":45,"column":71}}],"line":45}},"s":{"0":2,"1":2,"2":2,"3":0,"4":0,"5":2,"6":0,"7":0,"8":2,"9":1,"10":0,"11":0,"12":0},"f":{"0":2,"1":0,"2":0,"3":1,"4":0,"5":0,"6":0},"b":{"0":[0,0],"1":[0,2]},"_coverageSchema":"1a1c01bbd47fc00a2c39e90264f33305004495a9","hash":"87a4e6cbf726b9d75af20ce2c77d4b37e9a9cce4"}
,"C:\\web-dev\\React\\supreme-octo-guacamole-cloting-master\\supreme-octo-guacamole-cloting\\client\\src\\components\\collection-preview\\collection-preview.styles.jsx": {"path":"C:\\web-dev\\React\\supreme-octo-guacamole-cloting-master\\supreme-octo-guacamole-cloting\\client\\src\\components\\collection-preview\\collection-preview.styles.jsx","statementMap":{"0":{"start":{"line":3,"column":42},"end":{"line":8,"column":1}},"1":{"start":{"line":10,"column":30},"end":{"line":17,"column":1}},"2":{"start":{"line":18,"column":32},"end":{"line":26,"column":1}}},"fnMap":{},"branchMap":{},"s":{"0":3,"1":3,"2":3},"f":{},"b":{},"_coverageSchema":"1a1c01bbd47fc00a2c39e90264f33305004495a9","hash":"b0ee2d984cc0b2c11063751e4ad1d387455661a1"}
,"C:\\web-dev\\React\\supreme-octo-guacamole-cloting-master\\supreme-octo-guacamole-cloting\\client\\src\\components\\collections-overview\\collections-overview.component.jsx": {"path":"C:\\web-dev\\React\\supreme-octo-guacamole-cloting-master\\supreme-octo-guacamole-cloting\\client\\src\\components\\collections-overview\\collections-overview.component.jsx","statementMap":{"0":{"start":{"line":13,"column":2},"end":{"line":19,"column":4}},"1":{"start":{"line":16,"column":8},"end":{"line":16,"column":64}},"2":{"start":{"line":22,"column":24},"end":{"line":24,"column":2}}},"fnMap":{"0":{"name":"CollectionsOverview","decl":{"start":{"line":12,"column":16},"end":{"line":12,"column":35}},"loc":{"start":{"line":12,"column":53},"end":{"line":20,"column":1}},"line":12},"1":{"name":"(anonymous_1)","decl":{"start":{"line":15,"column":23},"end":{"line":15,"column":24}},"loc":{"start":{"line":16,"column":8},"end":{"line":16,"column":64}},"line":16}},"branchMap":{},"s":{"0":2,"1":0,"2":2},"f":{"0":2,"1":0},"b":{},"_coverageSchema":"1a1c01bbd47fc00a2c39e90264f33305004495a9","hash":"1c2fcadf3a352d96e5252c3ef48218428819e0ce"}
,"C:\\web-dev\\React\\supreme-octo-guacamole-cloting-master\\supreme-octo-guacamole-cloting\\client\\src\\components\\collections-overview\\collections-overview.container.jsx": {"path":"C:\\web-dev\\React\\supreme-octo-guacamole-cloting-master\\supreme-octo-guacamole-cloting\\client\\src\\components\\collections-overview\\collections-overview.container.jsx","statementMap":{"0":{"start":{"line":9,"column":24},"end":{"line":11,"column":2}},"1":{"start":{"line":13,"column":37},"end":{"line":16,"column":22}}},"fnMap":{},"branchMap":{},"s":{"0":1,"1":1},"f":{},"b":{},"_coverageSchema":"1a1c01bbd47fc00a2c39e90264f33305004495a9","hash":"2a17e31bf30bf32a8afd0554251954e4eddbc7d1"}
,"C:\\web-dev\\React\\supreme-octo-guacamole-cloting-master\\supreme-octo-guacamole-cloting\\client\\src\\components\\collections-overview\\collections-overview.styles.jsx": {"path":"C:\\web-dev\\React\\supreme-octo-guacamole-cloting-master\\supreme-octo-guacamole-cloting\\client\\src\\components\\collections-overview\\collections-overview.styles.jsx","statementMap":{"0":{"start":{"line":3,"column":44},"end":{"line":6,"column":1}}},"fnMap":{},"branchMap":{},"s":{"0":2},"f":{},"b":{},"_coverageSchema":"1a1c01bbd47fc00a2c39e90264f33305004495a9","hash":"d5e9725b21d312e4b421351056c9f3363b756e57"}
,"C:\\web-dev\\React\\supreme-octo-guacamole-cloting-master\\supreme-octo-guacamole-cloting\\client\\src\\components\\custom-button\\custom-button.component.jsx": {"path":"C:\\web-dev\\React\\supreme-octo-guacamole-cloting-master\\supreme-octo-guacamole-cloting\\client\\src\\components\\custom-button\\custom-button.component.jsx","statementMap":{"0":{"start":{"line":6,"column":2},"end":{"line":6,"column":78}}},"fnMap":{"0":{"name":"CustomButton","decl":{"start":{"line":5,"column":9},"end":{"line":5,"column":21}},"loc":{"start":{"line":5,"column":46},"end":{"line":7,"column":1}},"line":5}},"branchMap":{},"s":{"0":39},"f":{"0":39},"b":{},"_coverageSchema":"1a1c01bbd47fc00a2c39e90264f33305004495a9","hash":"ea42c11396ef3f886808a76edf8f5fd585afddff"}
,"C:\\web-dev\\React\\supreme-octo-guacamole-cloting-master\\supreme-octo-guacamole-cloting\\client\\src\\components\\custom-button\\custom-button.styles.jsx": {"path":"C:\\web-dev\\React\\supreme-octo-guacamole-cloting-master\\supreme-octo-guacamole-cloting\\client\\src\\components\\custom-button\\custom-button.styles.jsx","statementMap":{"0":{"start":{"line":3,"column":21},"end":{"line":10,"column":1}},"1":{"start":{"line":12,"column":29},"end":{"line":21,"column":1}},"2":{"start":{"line":23,"column":27},"end":{"line":35,"column":1}},"3":{"start":{"line":37,"column":24},"end":{"line":42,"column":1}},"4":{"start":{"line":38,"column":2},"end":{"line":40,"column":3}},"5":{"start":{"line":39,"column":4},"end":{"line":39,"column":30}},"6":{"start":{"line":41,"column":2},"end":{"line":41,"column":62}},"7":{"start":{"line":44,"column":37},"end":{"line":74,"column":1}}},"fnMap":{"0":{"name":"(anonymous_0)","decl":{"start":{"line":37,"column":24},"end":{"line":37,"column":25}},"loc":{"start":{"line":37,"column":35},"end":{"line":42,"column":1}},"line":37}},"branchMap":{"0":{"loc":{"start":{"line":38,"column":2},"end":{"line":40,"column":3}},"type":"if","locations":[{"start":{"line":38,"column":2},"end":{"line":40,"column":3}},{"start":{},"end":{}}],"line":38},"1":{"loc":{"start":{"line":41,"column":9},"end":{"line":41,"column":61}},"type":"cond-expr","locations":[{"start":{"line":41,"column":26},"end":{"line":41,"column":46}},{"start":{"line":41,"column":49},"end":{"line":41,"column":61}}],"line":41}},"s":{"0":17,"1":17,"2":17,"3":17,"4":39,"5":3,"6":36,"7":17},"f":{"0":39},"b":{"0":[3,36],"1":[7,29]},"_coverageSchema":"1a1c01bbd47fc00a2c39e90264f33305004495a9","hash":"78d310f240d2a67b38fc782c55567c32da916676"}
,"C:\\web-dev\\React\\supreme-octo-guacamole-cloting-master\\supreme-octo-guacamole-cloting\\client\\src\\components\\directory\\directory.component.jsx": {"path":"C:\\web-dev\\React\\supreme-octo-guacamole-cloting-master\\supreme-octo-guacamole-cloting\\client\\src\\components\\directory\\directory.component.jsx","statementMap":{"0":{"start":{"line":11,"column":2},"end":{"line":17,"column":4}},"1":{"start":{"line":14,"column":8},"end":{"line":14,"column":45}},"2":{"start":{"line":20,"column":24},"end":{"line":22,"column":2}}},"fnMap":{"0":{"name":"Directory","decl":{"start":{"line":10,"column":16},"end":{"line":10,"column":25}},"loc":{"start":{"line":10,"column":40},"end":{"line":18,"column":1}},"line":10},"1":{"name":"(anonymous_1)","decl":{"start":{"line":13,"column":20},"end":{"line":13,"column":21}},"loc":{"start":{"line":14,"column":8},"end":{"line":14,"column":45}},"line":14}},"branchMap":{},"s":{"0":1,"1":0,"2":2},"f":{"0":1,"1":0},"b":{},"_coverageSchema":"1a1c01bbd47fc00a2c39e90264f33305004495a9","hash":"c0fb17b50b0be5228b3fc14a033137292587894e"}
,"C:\\web-dev\\React\\supreme-octo-guacamole-cloting-master\\supreme-octo-guacamole-cloting\\client\\src\\components\\directory\\directory.styles.jsx": {"path":"C:\\web-dev\\React\\supreme-octo-guacamole-cloting-master\\supreme-octo-guacamole-cloting\\client\\src\\components\\directory\\directory.styles.jsx","statementMap":{"0":{"start":{"line":3,"column":38},"end":{"line":11,"column":1}}},"fnMap":{},"branchMap":{},"s":{"0":2},"f":{},"b":{},"_coverageSchema":"1a1c01bbd47fc00a2c39e90264f33305004495a9","hash":"dd98a33f87df5fd2668dc2f5b648477c09b21938"}
,"C:\\web-dev\\React\\supreme-octo-guacamole-cloting-master\\supreme-octo-guacamole-cloting\\client\\src\\components\\error-boundary\\error-boundary.component.jsx": {"path":"C:\\web-dev\\React\\supreme-octo-guacamole-cloting-master\\supreme-octo-guacamole-cloting\\client\\src\\components\\error-boundary\\error-boundary.component.jsx","statementMap":{"0":{"start":{"line":14,"column":4},"end":{"line":14,"column":12}},"1":{"start":{"line":15,"column":4},"end":{"line":17,"column":6}},"2":{"start":{"line":21,"column":4},"end":{"line":21,"column":32}},"3":{"start":{"line":25,"column":4},"end":{"line":25,"column":23}},"4":{"start":{"line":28,"column":4},"end":{"line":50,"column":5}},"5":{"start":{"line":29,"column":6},"end":{"line":47,"column":8}},"6":{"start":{"line":41,"column":14},"end":{"line":41,"column":28}},"7":{"start":{"line":49,"column":6},"end":{"line":49,"column":33}}},"fnMap":{"0":{"name":"(anonymous_0)","decl":{"start":{"line":13,"column":2},"end":{"line":13,"column":3}},"loc":{"start":{"line":13,"column":16},"end":{"line":18,"column":3}},"line":13},"1":{"name":"(anonymous_1)","decl":{"start":{"line":20,"column":2},"end":{"line":20,"column":3}},"loc":{"start":{"line":20,"column":41},"end":{"line":22,"column":3}},"line":20},"2":{"name":"(anonymous_2)","decl":{"start":{"line":24,"column":2},"end":{"line":24,"column":3}},"loc":{"start":{"line":24,"column":33},"end":{"line":26,"column":3}},"line":24},"3":{"name":"(anonymous_3)","decl":{"start":{"line":27,"column":2},"end":{"line":27,"column":3}},"loc":{"start":{"line":27,"column":11},"end":{"line":51,"column":3}},"line":27},"4":{"name":"(anonymous_4)","decl":{"start":{"line":40,"column":21},"end":{"line":40,"column":22}},"loc":{"start":{"line":40,"column":27},"end":{"line":42,"column":13}},"line":40}},"branchMap":{"0":{"loc":{"start":{"line":28,"column":4},"end":{"line":50,"column":5}},"type":"if","locations":[{"start":{"line":28,"column":4},"end":{"line":50,"column":5}},{"start":{"line":48,"column":11},"end":{"line":50,"column":5}}],"line":28}},"s":{"0":1,"1":1,"2":0,"3":0,"4":2,"5":1,"6":0,"7":1},"f":{"0":1,"1":0,"2":0,"3":2,"4":0},"b":{"0":[1,1]},"_coverageSchema":"1a1c01bbd47fc00a2c39e90264f33305004495a9","hash":"e8007447e9906875a15adeafdd69af7cf6e681a9"}
,"C:\\web-dev\\React\\supreme-octo-guacamole-cloting-master\\supreme-octo-guacamole-cloting\\client\\src\\components\\error-boundary\\error-boundary.styles.jsx": {"path":"C:\\web-dev\\React\\supreme-octo-guacamole-cloting-master\\supreme-octo-guacamole-cloting\\client\\src\\components\\error-boundary\\error-boundary.styles.jsx","statementMap":{"0":{"start":{"line":3,"column":33},"end":{"line":21,"column":1}},"1":{"start":{"line":23,"column":35},"end":{"line":30,"column":1}},"2":{"start":{"line":25,"column":40},"end":{"line":25,"column":58}},"3":{"start":{"line":32,"column":31},"end":{"line":34,"column":1}},"4":{"start":{"line":36,"column":30},"end":{"line":38,"column":1}}},"fnMap":{"0":{"name":"(anonymous_0)","decl":{"start":{"line":25,"column":22},"end":{"line":25,"column":23}},"loc":{"start":{"line":25,"column":40},"end":{"line":25,"column":58}},"line":25}},"branchMap":{},"s":{"0":1,"1":1,"2":0,"3":1,"4":1},"f":{"0":0},"b":{},"_coverageSchema":"1a1c01bbd47fc00a2c39e90264f33305004495a9","hash":"4a4358acc60c4cc6e5436eb47a5ffd4552abae8b"}
,"C:\\web-dev\\React\\supreme-octo-guacamole-cloting-master\\supreme-octo-guacamole-cloting\\client\\src\\components\\form-input\\form-input.component.jsx": {"path":"C:\\web-dev\\React\\supreme-octo-guacamole-cloting-master\\supreme-octo-guacamole-cloting\\client\\src\\components\\form-input\\form-input.component.jsx","statementMap":{"0":{"start":{"line":10,"column":2},"end":{"line":26,"column":4}}},"fnMap":{"0":{"name":"FormInput","decl":{"start":{"line":9,"column":9},"end":{"line":9,"column":18}},"loc":{"start":{"line":9,"column":66},"end":{"line":27,"column":1}},"line":9}},"branchMap":{"0":{"loc":{"start":{"line":17,"column":7},"end":{"line":24,"column":14}},"type":"cond-expr","locations":[{"start":{"line":18,"column":8},"end":{"line":23,"column":25}},{"start":{"line":24,"column":10},"end":{"line":24,"column":14}}],"line":17},"1":{"loc":{"start":{"line":20,"column":24},"end":{"line":20,"column":52}},"type":"cond-expr","locations":[{"start":{"line":20,"column":39},"end":{"line":20,"column":47}},{"start":{"line":20,"column":50},"end":{"line":20,"column":52}}],"line":20}},"s":{"0":108},"f":{"0":108},"b":{"0":[107,1],"1":[21,86]},"_coverageSchema":"1a1c01bbd47fc00a2c39e90264f33305004495a9","hash":"a40581dc87b43452cdcf190a5387e1667914e0fd"}
,"C:\\web-dev\\React\\supreme-octo-guacamole-cloting-master\\supreme-octo-guacamole-cloting\\client\\src\\components\\form-input\\form-input.styles.jsx": {"path":"C:\\web-dev\\React\\supreme-octo-guacamole-cloting-master\\supreme-octo-guacamole-cloting\\client\\src\\components\\form-input\\form-input.styles.jsx","statementMap":{"0":{"start":{"line":3,"column":17},"end":{"line":3,"column":24}},"1":{"start":{"line":4,"column":18},"end":{"line":4,"column":25}},"2":{"start":{"line":6,"column":26},"end":{"line":14,"column":1}},"3":{"start":{"line":17,"column":29},"end":{"line":23,"column":1}},"4":{"start":{"line":25,"column":34},"end":{"line":45,"column":1}},"5":{"start":{"line":46,"column":0},"end":{"line":46,"column":54}},"6":{"start":{"line":48,"column":30},"end":{"line":60,"column":1}},"7":{"start":{"line":61,"column":0},"end":{"line":61,"column":46}}},"fnMap":{},"branchMap":{},"s":{"0":6,"1":6,"2":6,"3":6,"4":6,"5":6,"6":6,"7":6},"f":{},"b":{},"_coverageSchema":"1a1c01bbd47fc00a2c39e90264f33305004495a9","hash":"21ca166245a1760587c15b9ed65c8f29bd629713"}
,"C:\\web-dev\\React\\supreme-octo-guacamole-cloting-master\\supreme-octo-guacamole-cloting\\client\\src\\components\\header\\header.component.jsx": {"path":"C:\\web-dev\\React\\supreme-octo-guacamole-cloting-master\\supreme-octo-guacamole-cloting\\client\\src\\components\\header\\header.component.jsx","statementMap":{"0":{"start":{"line":23,"column":38},"end":{"line":23,"column":53}},"1":{"start":{"line":24,"column":28},"end":{"line":26,"column":3}},"2":{"start":{"line":25,"column":4},"end":{"line":25,"column":70}},"3":{"start":{"line":27,"column":2},"end":{"line":29,"column":5}},"4":{"start":{"line":28,"column":4},"end":{"line":28,"column":57}},"5":{"start":{"line":30,"column":2},"end":{"line":60,"column":4}},"6":{"start":{"line":62,"column":24},"end":{"line":65,"column":2}},"7":{"start":{"line":67,"column":27},"end":{"line":69,"column":2}},"8":{"start":{"line":67,"column":42},"end":{"line":69,"column":1}},"9":{"start":{"line":68,"column":22},"end":{"line":68,"column":46}}},"fnMap":{"0":{"name":"Header","decl":{"start":{"line":22,"column":16},"end":{"line":22,"column":22}},"loc":{"start":{"line":22,"column":62},"end":{"line":61,"column":1}},"line":22},"1":{"name":"(anonymous_1)","decl":{"start":{"line":24,"column":28},"end":{"line":24,"column":29}},"loc":{"start":{"line":24,"column":34},"end":{"line":26,"column":3}},"line":24},"2":{"name":"(anonymous_2)","decl":{"start":{"line":27,"column":12},"end":{"line":27,"column":13}},"loc":{"start":{"line":27,"column":18},"end":{"line":29,"column":3}},"line":27},"3":{"name":"(anonymous_3)","decl":{"start":{"line":67,"column":27},"end":{"line":67,"column":28}},"loc":{"start":{"line":67,"column":42},"end":{"line":69,"column":1}},"line":67},"4":{"name":"(anonymous_4)","decl":{"start":{"line":68,"column":16},"end":{"line":68,"column":17}},"loc":{"start":{"line":68,"column":22},"end":{"line":68,"column":46}},"line":68}},"branchMap":{"0":{"loc":{"start":{"line":25,"column":4},"end":{"line":25,"column":69}},"type":"cond-expr","locations":[{"start":{"line":25,"column":27},"end":{"line":25,"column":46}},{"start":{"line":25,"column":49},"end":{"line":25,"column":69}}],"line":25},"1":{"loc":{"start":{"line":39,"column":11},"end":{"line":49,"column":11}},"type":"cond-expr","locations":[{"start":{"line":40,"column":12},"end":{"line":46,"column":25}},{"start":{"line":48,"column":12},"end":{"line":48,"column":57}}],"line":39},"2":{"loc":{"start":{"line":52,"column":9},"end":{"line":56,"column":9}},"type":"cond-expr","locations":[{"start":{"line":52,"column":18},"end":{"line":52,"column":22}},{"start":{"line":53,"column":10},"end":{"line":55,"column":34}}],"line":52},"3":{"loc":{"start":{"line":58,"column":7},"end":{"line":58,"column":45}},"type":"cond-expr","locations":[{"start":{"line":58,"column":20},"end":{"line":58,"column":38}},{"start":{"line":58,"column":41},"end":{"line":58,"column":45}}],"line":58}},"s":{"0":3,"1":3,"2":0,"3":3,"4":3,"5":3,"6":1,"7":1,"8":0,"9":0},"f":{"0":3,"1":0,"2":3,"3":0,"4":0},"b":{"0":[0,0],"1":[3,0],"2":[1,2],"3":[0,3]},"_coverageSchema":"1a1c01bbd47fc00a2c39e90264f33305004495a9","hash":"60b3a2242f12746932f1fc905d21bc46c0209a41"}
,"C:\\web-dev\\React\\supreme-octo-guacamole-cloting-master\\supreme-octo-guacamole-cloting\\client\\src\\components\\header\\header.styles.jsx": {"path":"C:\\web-dev\\React\\supreme-octo-guacamole-cloting-master\\supreme-octo-guacamole-cloting\\client\\src\\components\\header\\header.styles.jsx","statementMap":{"0":{"start":{"line":5,"column":31},"end":{"line":23,"column":1}},"1":{"start":{"line":25,"column":29},"end":{"line":37,"column":1}},"2":{"start":{"line":39,"column":32},"end":{"line":53,"column":1}},"3":{"start":{"line":55,"column":37},"end":{"line":64,"column":1}},"4":{"start":{"line":66,"column":26},"end":{"line":75,"column":1}},"5":{"start":{"line":76,"column":0},"end":{"line":76,"column":38}}},"fnMap":{},"branchMap":{},"s":{"0":1,"1":1,"2":1,"3":1,"4":1,"5":1},"f":{},"b":{},"_coverageSchema":"1a1c01bbd47fc00a2c39e90264f33305004495a9","hash":"c724dcd83e0b6f420ad18364a8cdcad8dc1c9d5b"}
,"C:\\web-dev\\React\\supreme-octo-guacamole-cloting-master\\supreme-octo-guacamole-cloting\\client\\src\\components\\menu-item\\menu-item.component.jsx": {"path":"C:\\web-dev\\React\\supreme-octo-guacamole-cloting-master\\supreme-octo-guacamole-cloting\\client\\src\\components\\menu-item\\menu-item.component.jsx","statementMap":{"0":{"start":{"line":12,"column":24},"end":{"line":34,"column":1}},"1":{"start":{"line":20,"column":2},"end":{"line":33,"column":22}},"2":{"start":{"line":23,"column":19},"end":{"line":23,"column":57}}},"fnMap":{"0":{"name":"(anonymous_0)","decl":{"start":{"line":12,"column":24},"end":{"line":12,"column":25}},"loc":{"start":{"line":20,"column":2},"end":{"line":33,"column":22}},"line":20},"1":{"name":"(anonymous_1)","decl":{"start":{"line":23,"column":13},"end":{"line":23,"column":14}},"loc":{"start":{"line":23,"column":19},"end":{"line":23,"column":57}},"line":23}},"branchMap":{},"s":{"0":3,"1":2,"2":1},"f":{"0":2,"1":1},"b":{},"_coverageSchema":"1a1c01bbd47fc00a2c39e90264f33305004495a9","hash":"de2a49b3bdace0e0e0f04dc3b287dfdf04d7930c"}
,"C:\\web-dev\\React\\supreme-octo-guacamole-cloting-master\\supreme-octo-guacamole-cloting\\client\\src\\components\\menu-item\\menu-item.styles.jsx": {"path":"C:\\web-dev\\React\\supreme-octo-guacamole-cloting-master\\supreme-octo-guacamole-cloting\\client\\src\\components\\menu-item\\menu-item.styles.jsx","statementMap":{"0":{"start":{"line":3,"column":33},"end":{"line":33,"column":1}},"1":{"start":{"line":4,"column":27},"end":{"line":4,"column":51}},"2":{"start":{"line":35,"column":0},"end":{"line":35,"column":52}},"3":{"start":{"line":37,"column":40},"end":{"line":43,"column":1}},"4":{"start":{"line":42,"column":40},"end":{"line":42,"column":58}},"5":{"start":{"line":45,"column":0},"end":{"line":45,"column":66}},"6":{"start":{"line":47,"column":32},"end":{"line":99,"column":1}},"7":{"start":{"line":101,"column":28},"end":{"line":108,"column":1}},"8":{"start":{"line":110,"column":31},"end":{"line":116,"column":1}}},"fnMap":{"0":{"name":"(anonymous_0)","decl":{"start":{"line":4,"column":12},"end":{"line":4,"column":13}},"loc":{"start":{"line":4,"column":27},"end":{"line":4,"column":51}},"line":4},"1":{"name":"(anonymous_1)","decl":{"start":{"line":42,"column":22},"end":{"line":42,"column":23}},"loc":{"start":{"line":42,"column":40},"end":{"line":42,"column":58}},"line":42}},"branchMap":{"0":{"loc":{"start":{"line":4,"column":27},"end":{"line":4,"column":51}},"type":"cond-expr","locations":[{"start":{"line":4,"column":34},"end":{"line":4,"column":41}},{"start":{"line":4,"column":44},"end":{"line":4,"column":51}}],"line":4}},"s":{"0":3,"1":2,"2":3,"3":3,"4":2,"5":3,"6":3,"7":3,"8":3},"f":{"0":2,"1":2},"b":{"0":[2,0]},"_coverageSchema":"1a1c01bbd47fc00a2c39e90264f33305004495a9","hash":"b7aa76cf7e514e8bc578b6ce2d53a9b2be2aa457"}
,"C:\\web-dev\\React\\supreme-octo-guacamole-cloting-master\\supreme-octo-guacamole-cloting\\client\\src\\components\\order-item\\order-item.component.jsx": {"path":"C:\\web-dev\\React\\supreme-octo-guacamole-cloting-master\\supreme-octo-guacamole-cloting\\client\\src\\components\\order-item\\order-item.component.jsx","statementMap":{"0":{"start":{"line":23,"column":2},"end":{"line":58,"column":4}},"1":{"start":{"line":24,"column":36},"end":{"line":24,"column":55}},"2":{"start":{"line":43,"column":10},"end":{"line":52,"column":26}},"3":{"start":{"line":61,"column":24},"end":{"line":63,"column":2}}},"fnMap":{"0":{"name":"OrderItem","decl":{"start":{"line":22,"column":16},"end":{"line":22,"column":25}},"loc":{"start":{"line":22,"column":42},"end":{"line":59,"column":1}},"line":22},"1":{"name":"(anonymous_1)","decl":{"start":{"line":24,"column":29},"end":{"line":24,"column":30}},"loc":{"start":{"line":24,"column":36},"end":{"line":24,"column":55}},"line":24},"2":{"name":"(anonymous_2)","decl":{"start":{"line":42,"column":30},"end":{"line":42,"column":31}},"loc":{"start":{"line":43,"column":10},"end":{"line":52,"column":26}},"line":43}},"branchMap":{},"s":{"0":1,"1":0,"2":0,"3":2},"f":{"0":1,"1":0,"2":0},"b":{},"_coverageSchema":"1a1c01bbd47fc00a2c39e90264f33305004495a9","hash":"b9c9a8eb626c1508d8e151586a166eda4f8b48e5"}
,"C:\\web-dev\\React\\supreme-octo-guacamole-cloting-master\\supreme-octo-guacamole-cloting\\client\\src\\components\\order-item\\order-item.container.jsx": {"path":"C:\\web-dev\\React\\supreme-octo-guacamole-cloting-master\\supreme-octo-guacamole-cloting\\client\\src\\components\\order-item\\order-item.container.jsx","statementMap":{"0":{"start":{"line":9,"column":24},"end":{"line":12,"column":2}},"1":{"start":{"line":10,"column":24},"end":{"line":10,"column":59}},"2":{"start":{"line":14,"column":23},"end":{"line":17,"column":12}}},"fnMap":{"0":{"name":"(anonymous_0)","decl":{"start":{"line":10,"column":13},"end":{"line":10,"column":14}},"loc":{"start":{"line":10,"column":24},"end":{"line":10,"column":59}},"line":10}},"branchMap":{},"s":{"0":1,"1":2,"2":1},"f":{"0":2},"b":{},"_coverageSchema":"1a1c01bbd47fc00a2c39e90264f33305004495a9","hash":"7560ca078608ddd34e1df83c679f6fe8b129df6a"}
,"C:\\web-dev\\React\\supreme-octo-guacamole-cloting-master\\supreme-octo-guacamole-cloting\\client\\src\\components\\order-item\\order-item.styles.jsx": {"path":"C:\\web-dev\\React\\supreme-octo-guacamole-cloting-master\\supreme-octo-guacamole-cloting\\client\\src\\components\\order-item\\order-item.styles.jsx","statementMap":{"0":{"start":{"line":5,"column":22},"end":{"line":7,"column":1}},"1":{"start":{"line":8,"column":16},"end":{"line":13,"column":1}},"2":{"start":{"line":15,"column":19},"end":{"line":20,"column":1}},"3":{"start":{"line":22,"column":30},"end":{"line":42,"column":1}},"4":{"start":{"line":44,"column":29},"end":{"line":53,"column":1}},"5":{"start":{"line":55,"column":21},"end":{"line":63,"column":1}},"6":{"start":{"line":64,"column":24},"end":{"line":68,"column":1}},"7":{"start":{"line":70,"column":26},"end":{"line":75,"column":1}},"8":{"start":{"line":77,"column":28},"end":{"line":100,"column":1}},"9":{"start":{"line":101,"column":28},"end":{"line":106,"column":1}},"10":{"start":{"line":108,"column":28},"end":{"line":113,"column":1}},"11":{"start":{"line":115,"column":29},"end":{"line":127,"column":1}},"12":{"start":{"line":129,"column":24},"end":{"line":132,"column":1}},"13":{"start":{"line":134,"column":27},"end":{"line":143,"column":1}},"14":{"start":{"line":145,"column":24},"end":{"line":150,"column":1}}},"fnMap":{},"branchMap":{},"s":{"0":2,"1":2,"2":2,"3":2,"4":2,"5":2,"6":2,"7":2,"8":2,"9":2,"10":2,"11":2,"12":2,"13":2,"14":2},"f":{},"b":{},"_coverageSchema":"1a1c01bbd47fc00a2c39e90264f33305004495a9","hash":"644e440fd6209833faa8ae746b13db110c71eb55"}
,"C:\\web-dev\\React\\supreme-octo-guacamole-cloting-master\\supreme-octo-guacamole-cloting\\client\\src\\components\\pop-up-msg\\pop-up-msg.component.jsx": {"path":"C:\\web-dev\\React\\supreme-octo-guacamole-cloting-master\\supreme-octo-guacamole-cloting\\client\\src\\components\\pop-up-msg\\pop-up-msg.component.jsx","statementMap":{"0":{"start":{"line":9,"column":2},"end":{"line":19,"column":4}}},"fnMap":{"0":{"name":"PopUpMsg","decl":{"start":{"line":8,"column":9},"end":{"line":8,"column":17}},"loc":{"start":{"line":8,"column":58},"end":{"line":20,"column":1}},"line":8}},"branchMap":{},"s":{"0":3},"f":{"0":3},"b":{},"_coverageSchema":"1a1c01bbd47fc00a2c39e90264f33305004495a9","hash":"da0cdd63bb5bccf7361ce70e72d9628ff80c01b9"}
,"C:\\web-dev\\React\\supreme-octo-guacamole-cloting-master\\supreme-octo-guacamole-cloting\\client\\src\\components\\pop-up-msg\\pop-up-msg.styles.jsx": {"path":"C:\\web-dev\\React\\supreme-octo-guacamole-cloting-master\\supreme-octo-guacamole-cloting\\client\\src\\components\\pop-up-msg\\pop-up-msg.styles.jsx","statementMap":{"0":{"start":{"line":9,"column":19},"end":{"line":16,"column":1}},"1":{"start":{"line":18,"column":28},"end":{"line":36,"column":1}},"2":{"start":{"line":38,"column":20},"end":{"line":40,"column":1}},"3":{"start":{"line":42,"column":24},"end":{"line":50,"column":1}},"4":{"start":{"line":51,"column":0},"end":{"line":51,"column":34}}},"fnMap":{},"branchMap":{},"s":{"0":4,"1":4,"2":4,"3":4,"4":4},"f":{},"b":{},"_coverageSchema":"1a1c01bbd47fc00a2c39e90264f33305004495a9","hash":"ca7eabb189c5cd7fd87a78b165c1c623b4de1614"}
,"C:\\web-dev\\React\\supreme-octo-guacamole-cloting-master\\supreme-octo-guacamole-cloting\\client\\src\\components\\scroll-up-button\\scroll-up-button.component.jsx": {"path":"C:\\web-dev\\React\\supreme-octo-guacamole-cloting-master\\supreme-octo-guacamole-cloting\\client\\src\\components\\scroll-up-button\\scroll-up-button.component.jsx","statementMap":{"0":{"start":{"line":8,"column":2},"end":{"line":15,"column":4}},"1":{"start":{"line":11,"column":21},"end":{"line":11,"column":42}}},"fnMap":{"0":{"name":"ScrollUpButton","decl":{"start":{"line":7,"column":9},"end":{"line":7,"column":23}},"loc":{"start":{"line":7,"column":26},"end":{"line":16,"column":1}},"line":7},"1":{"name":"(anonymous_1)","decl":{"start":{"line":11,"column":15},"end":{"line":11,"column":16}},"loc":{"start":{"line":11,"column":21},"end":{"line":11,"column":42}},"line":11}},"branchMap":{},"s":{"0":2,"1":1},"f":{"0":2,"1":1},"b":{},"_coverageSchema":"1a1c01bbd47fc00a2c39e90264f33305004495a9","hash":"cefd21f1031174113143712dee6a9e23b1612f8a"}
,"C:\\web-dev\\React\\supreme-octo-guacamole-cloting-master\\supreme-octo-guacamole-cloting\\client\\src\\components\\scroll-up-button\\scroll-up-button.styles.jsx": {"path":"C:\\web-dev\\React\\supreme-octo-guacamole-cloting-master\\supreme-octo-guacamole-cloting\\client\\src\\components\\scroll-up-button\\scroll-up-button.styles.jsx","statementMap":{"0":{"start":{"line":9,"column":19},"end":{"line":16,"column":1}},"1":{"start":{"line":18,"column":39},"end":{"line":40,"column":1}},"2":{"start":{"line":41,"column":0},"end":{"line":41,"column":64}}},"fnMap":{},"branchMap":{},"s":{"0":2,"1":2,"2":2},"f":{},"b":{},"_coverageSchema":"1a1c01bbd47fc00a2c39e90264f33305004495a9","hash":"2046738f41700f4fbf60972e24cec26f4ac098f6"}
,"C:\\web-dev\\React\\supreme-octo-guacamole-cloting-master\\supreme-octo-guacamole-cloting\\client\\src\\components\\sign-in\\sign-in.component.jsx": {"path":"C:\\web-dev\\React\\supreme-octo-guacamole-cloting-master\\supreme-octo-guacamole-cloting\\client\\src\\components\\sign-in\\sign-in.component.jsx","statementMap":{"0":{"start":{"line":23,"column":39},"end":{"line":32,"column":10}},"1":{"start":{"line":24,"column":2},"end":{"line":32,"column":10}},"2":{"start":{"line":35,"column":58},"end":{"line":35,"column":72}},"3":{"start":{"line":36,"column":40},"end":{"line":36,"column":77}},"4":{"start":{"line":37,"column":30},"end":{"line":37,"column":41}},"5":{"start":{"line":38,"column":2},"end":{"line":42,"column":18}},"6":{"start":{"line":39,"column":4},"end":{"line":41,"column":5}},"7":{"start":{"line":40,"column":6},"end":{"line":40,"column":36}},"8":{"start":{"line":43,"column":23},"end":{"line":46,"column":3}},"9":{"start":{"line":44,"column":4},"end":{"line":44,"column":23}},"10":{"start":{"line":45,"column":4},"end":{"line":45,"column":38}},"11":{"start":{"line":48,"column":23},"end":{"line":51,"column":3}},"12":{"start":{"line":49,"column":28},"end":{"line":49,"column":36}},"13":{"start":{"line":50,"column":4},"end":{"line":50,"column":54}},"14":{"start":{"line":53,"column":2},"end":{"line":92,"column":4}},"15":{"start":{"line":94,"column":24},"end":{"line":96,"column":2}},"16":{"start":{"line":97,"column":27},"end":{"line":101,"column":2}},"17":{"start":{"line":97,"column":42},"end":{"line":101,"column":1}},"18":{"start":{"line":98,"column":27},"end":{"line":98,"column":56}},"19":{"start":{"line":100,"column":4},"end":{"line":100,"column":51}}},"fnMap":{"0":{"name":"(anonymous_0)","decl":{"start":{"line":23,"column":39},"end":{"line":23,"column":40}},"loc":{"start":{"line":24,"column":2},"end":{"line":32,"column":10}},"line":24},"1":{"name":"SignIn","decl":{"start":{"line":34,"column":16},"end":{"line":34,"column":22}},"loc":{"start":{"line":34,"column":75},"end":{"line":93,"column":1}},"line":34},"2":{"name":"(anonymous_2)","decl":{"start":{"line":38,"column":12},"end":{"line":38,"column":13}},"loc":{"start":{"line":38,"column":18},"end":{"line":42,"column":3}},"line":38},"3":{"name":"(anonymous_3)","decl":{"start":{"line":43,"column":23},"end":{"line":43,"column":24}},"loc":{"start":{"line":43,"column":36},"end":{"line":46,"column":3}},"line":43},"4":{"name":"(anonymous_4)","decl":{"start":{"line":48,"column":23},"end":{"line":48,"column":24}},"loc":{"start":{"line":48,"column":30},"end":{"line":51,"column":3}},"line":48},"5":{"name":"(anonymous_5)","decl":{"start":{"line":97,"column":27},"end":{"line":97,"column":28}},"loc":{"start":{"line":97,"column":42},"end":{"line":101,"column":1}},"line":97},"6":{"name":"(anonymous_6)","decl":{"start":{"line":98,"column":21},"end":{"line":98,"column":22}},"loc":{"start":{"line":98,"column":27},"end":{"line":98,"column":56}},"line":98},"7":{"name":"(anonymous_7)","decl":{"start":{"line":99,"column":20},"end":{"line":99,"column":21}},"loc":{"start":{"line":100,"column":4},"end":{"line":100,"column":51}},"line":100}},"branchMap":{"0":{"loc":{"start":{"line":24,"column":2},"end":{"line":32,"column":10}},"type":"cond-expr","locations":[{"start":{"line":25,"column":4},"end":{"line":31,"column":20}},{"start":{"line":32,"column":6},"end":{"line":32,"column":10}}],"line":24},"1":{"loc":{"start":{"line":27,"column":9},"end":{"line":29,"column":44}},"type":"cond-expr","locations":[{"start":{"line":28,"column":12},"end":{"line":28,"column":188}},{"start":{"line":29,"column":12},"end":{"line":29,"column":44}}],"line":27},"2":{"loc":{"start":{"line":39,"column":4},"end":{"line":41,"column":5}},"type":"if","locations":[{"start":{"line":39,"column":4},"end":{"line":41,"column":5}},{"start":{},"end":{}}],"line":39}},"s":{"0":2,"1":3,"2":3,"3":3,"4":3,"5":3,"6":3,"7":0,"8":3,"9":0,"10":0,"11":3,"12":0,"13":0,"14":3,"15":2,"16":2,"17":1,"18":0,"19":0},"f":{"0":3,"1":3,"2":3,"3":0,"4":0,"5":1,"6":0,"7":0},"b":{"0":[0,3],"1":[0,0],"2":[0,3]},"_coverageSchema":"1a1c01bbd47fc00a2c39e90264f33305004495a9","hash":"6851f6b6dfb2faa1279edcf204b4fd5c1ce73d44"}
,"C:\\web-dev\\React\\supreme-octo-guacamole-cloting-master\\supreme-octo-guacamole-cloting\\client\\src\\components\\sign-in\\sign-in.styles.jsx": {"path":"C:\\web-dev\\React\\supreme-octo-guacamole-cloting-master\\supreme-octo-guacamole-cloting\\client\\src\\components\\sign-in\\sign-in.styles.jsx","statementMap":{"0":{"start":{"line":3,"column":31},"end":{"line":11,"column":1}},"1":{"start":{"line":13,"column":30},"end":{"line":15,"column":1}},"2":{"start":{"line":17,"column":35},"end":{"line":28,"column":1}}},"fnMap":{},"branchMap":{},"s":{"0":2,"1":2,"2":2},"f":{},"b":{},"_coverageSchema":"1a1c01bbd47fc00a2c39e90264f33305004495a9","hash":"1d09047ff409caf4305a99b31b12e3dc5cd43132"}
,"C:\\web-dev\\React\\supreme-octo-guacamole-cloting-master\\supreme-octo-guacamole-cloting\\client\\src\\components\\sign-up\\sign-up.component.jsx": {"path":"C:\\web-dev\\React\\supreme-octo-guacamole-cloting-master\\supreme-octo-guacamole-cloting\\client\\src\\components\\sign-up\\sign-up.component.jsx","statementMap":{"0":{"start":{"line":19,"column":36},"end":{"line":24,"column":10}},"1":{"start":{"line":20,"column":2},"end":{"line":24,"column":10}},"2":{"start":{"line":26,"column":38},"end":{"line":31,"column":10}},"3":{"start":{"line":27,"column":2},"end":{"line":31,"column":10}},"4":{"start":{"line":33,"column":22},"end":{"line":33,"column":73}},"5":{"start":{"line":35,"column":30},"end":{"line":60,"column":1}},"6":{"start":{"line":36,"column":31},"end":{"line":36,"column":79}},"7":{"start":{"line":37,"column":29},"end":{"line":37,"column":68}},"8":{"start":{"line":38,"column":31},"end":{"line":38,"column":70}},"9":{"start":{"line":39,"column":27},"end":{"line":39,"column":69}},"10":{"start":{"line":40,"column":19},"end":{"line":40,"column":58}},"11":{"start":{"line":41,"column":2},"end":{"line":59,"column":11}},"12":{"start":{"line":63,"column":32},"end":{"line":68,"column":4}},"13":{"start":{"line":69,"column":52},"end":{"line":69,"column":66}},"14":{"start":{"line":70,"column":54},"end":{"line":70,"column":69}},"15":{"start":{"line":71,"column":52},"end":{"line":71,"column":66}},"16":{"start":{"line":72,"column":2},"end":{"line":79,"column":50}},"17":{"start":{"line":73,"column":4},"end":{"line":78,"column":5}},"18":{"start":{"line":74,"column":6},"end":{"line":74,"column":33}},"19":{"start":{"line":75,"column":6},"end":{"line":75,"column":13}},"20":{"start":{"line":76,"column":11},"end":{"line":78,"column":5}},"21":{"start":{"line":77,"column":6},"end":{"line":77,"column":34}},"22":{"start":{"line":80,"column":2},"end":{"line":84,"column":18}},"23":{"start":{"line":81,"column":4},"end":{"line":83,"column":5}},"24":{"start":{"line":82,"column":6},"end":{"line":82,"column":33}},"25":{"start":{"line":85,"column":23},"end":{"line":90,"column":3}},"26":{"start":{"line":86,"column":45},"end":{"line":86,"column":52}},"27":{"start":{"line":87,"column":4},"end":{"line":87,"column":23}},"28":{"start":{"line":89,"column":4},"end":{"line":89,"column":56}},"29":{"start":{"line":92,"column":23},"end":{"line":95,"column":3}},"30":{"start":{"line":93,"column":28},"end":{"line":93,"column":36}},"31":{"start":{"line":94,"column":4},"end":{"line":94,"column":46}},"32":{"start":{"line":97,"column":36},"end":{"line":106,"column":5}},"33":{"start":{"line":98,"column":4},"end":{"line":106,"column":5}},"34":{"start":{"line":100,"column":23},"end":{"line":100,"column":65}},"35":{"start":{"line":104,"column":23},"end":{"line":104,"column":65}},"36":{"start":{"line":108,"column":2},"end":{"line":172,"column":4}},"37":{"start":{"line":174,"column":24},"end":{"line":176,"column":2}},"38":{"start":{"line":177,"column":27},"end":{"line":179,"column":2}},"39":{"start":{"line":177,"column":42},"end":{"line":179,"column":1}},"40":{"start":{"line":178,"column":36},"end":{"line":178,"column":74}}},"fnMap":{"0":{"name":"(anonymous_0)","decl":{"start":{"line":19,"column":36},"end":{"line":19,"column":37}},"loc":{"start":{"line":20,"column":2},"end":{"line":24,"column":10}},"line":20},"1":{"name":"(anonymous_1)","decl":{"start":{"line":26,"column":38},"end":{"line":26,"column":39}},"loc":{"start":{"line":27,"column":2},"end":{"line":31,"column":10}},"line":27},"2":{"name":"(anonymous_2)","decl":{"start":{"line":35,"column":30},"end":{"line":35,"column":31}},"loc":{"start":{"line":35,"column":48},"end":{"line":60,"column":1}},"line":35},"3":{"name":"SignUp","decl":{"start":{"line":62,"column":16},"end":{"line":62,"column":22}},"loc":{"start":{"line":62,"column":51},"end":{"line":173,"column":1}},"line":62},"4":{"name":"(anonymous_4)","decl":{"start":{"line":72,"column":12},"end":{"line":72,"column":13}},"loc":{"start":{"line":72,"column":18},"end":{"line":79,"column":3}},"line":72},"5":{"name":"(anonymous_5)","decl":{"start":{"line":80,"column":12},"end":{"line":80,"column":13}},"loc":{"start":{"line":80,"column":18},"end":{"line":84,"column":3}},"line":80},"6":{"name":"(anonymous_6)","decl":{"start":{"line":85,"column":23},"end":{"line":85,"column":24}},"loc":{"start":{"line":85,"column":36},"end":{"line":90,"column":3}},"line":85},"7":{"name":"(anonymous_7)","decl":{"start":{"line":92,"column":23},"end":{"line":92,"column":24}},"loc":{"start":{"line":92,"column":30},"end":{"line":95,"column":3}},"line":92},"8":{"name":"(anonymous_8)","decl":{"start":{"line":97,"column":36},"end":{"line":97,"column":37}},"loc":{"start":{"line":98,"column":4},"end":{"line":106,"column":5}},"line":98},"9":{"name":"(anonymous_9)","decl":{"start":{"line":100,"column":17},"end":{"line":100,"column":18}},"loc":{"start":{"line":100,"column":23},"end":{"line":100,"column":65}},"line":100},"10":{"name":"(anonymous_10)","decl":{"start":{"line":104,"column":17},"end":{"line":104,"column":18}},"loc":{"start":{"line":104,"column":23},"end":{"line":104,"column":65}},"line":104},"11":{"name":"(anonymous_11)","decl":{"start":{"line":177,"column":27},"end":{"line":177,"column":28}},"loc":{"start":{"line":177,"column":42},"end":{"line":179,"column":1}},"line":177},"12":{"name":"(anonymous_12)","decl":{"start":{"line":178,"column":15},"end":{"line":178,"column":16}},"loc":{"start":{"line":178,"column":36},"end":{"line":178,"column":74}},"line":178}},"branchMap":{"0":{"loc":{"start":{"line":20,"column":2},"end":{"line":24,"column":10}},"type":"cond-expr","locations":[{"start":{"line":21,"column":4},"end":{"line":23,"column":20}},{"start":{"line":24,"column":6},"end":{"line":24,"column":10}}],"line":20},"1":{"loc":{"start":{"line":27,"column":2},"end":{"line":31,"column":10}},"type":"cond-expr","locations":[{"start":{"line":28,"column":4},"end":{"line":30,"column":20}},{"start":{"line":31,"column":6},"end":{"line":31,"column":10}}],"line":27},"2":{"loc":{"start":{"line":41,"column":9},"end":{"line":59,"column":10}},"type":"cond-expr","locations":[{"start":{"line":42,"column":4},"end":{"line":58,"column":20}},{"start":{"line":59,"column":6},"end":{"line":59,"column":10}}],"line":41},"3":{"loc":{"start":{"line":43,"column":22},"end":{"line":43,"column":74}},"type":"cond-expr","locations":[{"start":{"line":43,"column":45},"end":{"line":43,"column":67}},{"start":{"line":43,"column":70},"end":{"line":43,"column":74}}],"line":43},"4":{"loc":{"start":{"line":44,"column":9},"end":{"line":44,"column":42}},"type":"cond-expr","locations":[{"start":{"line":44,"column":32},"end":{"line":44,"column":36}},{"start":{"line":44,"column":39},"end":{"line":44,"column":42}}],"line":44},"5":{"loc":{"start":{"line":46,"column":22},"end":{"line":46,"column":72}},"type":"cond-expr","locations":[{"start":{"line":46,"column":43},"end":{"line":46,"column":65}},{"start":{"line":46,"column":68},"end":{"line":46,"column":72}}],"line":46},"6":{"loc":{"start":{"line":47,"column":9},"end":{"line":47,"column":40}},"type":"cond-expr","locations":[{"start":{"line":47,"column":30},"end":{"line":47,"column":34}},{"start":{"line":47,"column":37},"end":{"line":47,"column":40}}],"line":47},"7":{"loc":{"start":{"line":49,"column":22},"end":{"line":49,"column":74}},"type":"cond-expr","locations":[{"start":{"line":49,"column":45},"end":{"line":49,"column":67}},{"start":{"line":49,"column":70},"end":{"line":49,"column":74}}],"line":49},"8":{"loc":{"start":{"line":50,"column":9},"end":{"line":50,"column":42}},"type":"cond-expr","locations":[{"start":{"line":50,"column":32},"end":{"line":50,"column":36}},{"start":{"line":50,"column":39},"end":{"line":50,"column":42}}],"line":50},"9":{"loc":{"start":{"line":52,"column":22},"end":{"line":52,"column":70}},"type":"cond-expr","locations":[{"start":{"line":52,"column":41},"end":{"line":52,"column":63}},{"start":{"line":52,"column":66},"end":{"line":52,"column":70}}],"line":52},"10":{"loc":{"start":{"line":53,"column":9},"end":{"line":53,"column":38}},"type":"cond-expr","locations":[{"start":{"line":53,"column":28},"end":{"line":53,"column":32}},{"start":{"line":53,"column":35},"end":{"line":53,"column":38}}],"line":53},"11":{"loc":{"start":{"line":55,"column":22},"end":{"line":55,"column":62}},"type":"cond-expr","locations":[{"start":{"line":55,"column":33},"end":{"line":55,"column":55}},{"start":{"line":55,"column":58},"end":{"line":55,"column":62}}],"line":55},"12":{"loc":{"start":{"line":56,"column":9},"end":{"line":56,"column":30}},"type":"cond-expr","locations":[{"start":{"line":56,"column":20},"end":{"line":56,"column":24}},{"start":{"line":56,"column":27},"end":{"line":56,"column":30}}],"line":56},"13":{"loc":{"start":{"line":73,"column":4},"end":{"line":78,"column":5}},"type":"if","locations":[{"start":{"line":73,"column":4},"end":{"line":78,"column":5}},{"start":{"line":76,"column":11},"end":{"line":78,"column":5}}],"line":73},"14":{"loc":{"start":{"line":76,"column":11},"end":{"line":78,"column":5}},"type":"if","locations":[{"start":{"line":76,"column":11},"end":{"line":78,"column":5}},{"start":{},"end":{}}],"line":76},"15":{"loc":{"start":{"line":81,"column":4},"end":{"line":83,"column":5}},"type":"if","locations":[{"start":{"line":81,"column":4},"end":{"line":83,"column":5}},{"start":{},"end":{}}],"line":81},"16":{"loc":{"start":{"line":81,"column":8},"end":{"line":81,"column":67}},"type":"binary-expr","locations":[{"start":{"line":81,"column":8},"end":{"line":81,"column":17}},{"start":{"line":81,"column":21},"end":{"line":81,"column":67}}],"line":81},"17":{"loc":{"start":{"line":98,"column":4},"end":{"line":106,"column":5}},"type":"cond-expr","locations":[{"start":{"line":99,"column":6},"end":{"line":101,"column":8}},{"start":{"line":103,"column":6},"end":{"line":105,"column":8}}],"line":98},"18":{"loc":{"start":{"line":137,"column":18},"end":{"line":137,"column":58}},"type":"cond-expr","locations":[{"start":{"line":137,"column":39},"end
[...]
lumn":4},"end":{"line":61,"column":48}},"17":{"start":{"line":62,"column":4},"end":{"line":62,"column":45}},"18":{"start":{"line":64,"column":4},"end":{"line":64,"column":50}},"19":{"start":{"line":69,"column":2},"end":{"line":72,"column":4}},"20":{"start":{"line":76,"column":2},"end":{"line":91,"column":3}},"21":{"start":{"line":77,"column":4},"end":{"line":87,"column":9}},"22":{"start":{"line":86,"column":8},"end":{"line":86,"column":26}},"23":{"start":{"line":88,"column":4},"end":{"line":88,"column":45}},"24":{"start":{"line":90,"column":4},"end":{"line":90,"column":50}},"25":{"start":{"line":95,"column":2},"end":{"line":98,"column":4}},"26":{"start":{"line":102,"column":2},"end":{"line":114,"column":3}},"27":{"start":{"line":103,"column":4},"end":{"line":109,"column":7}},"28":{"start":{"line":110,"column":4},"end":{"line":110,"column":41}},"29":{"start":{"line":111,"column":4},"end":{"line":111,"column":45}},"30":{"start":{"line":113,"column":4},"end":{"line":113,"column":50}},"31":{"start":{"line":118,"column":2},"end":{"line":121,"column":4}},"32":{"start":{"line":125,"column":2},"end":{"line":125,"column":27}},"33":{"start":{"line":129,"column":2},"end":{"line":129,"column":64}},"34":{"start":{"line":133,"column":2},"end":{"line":139,"column":5}}},"fnMap":{"0":{"name":"createClientSecretSTART","decl":{"start":{"line":23,"column":17},"end":{"line":23,"column":40}},"loc":{"start":{"line":23,"column":55},"end":{"line":30,"column":1}},"line":23},"1":{"name":"cancelClientSecretSTART","decl":{"start":{"line":32,"column":17},"end":{"line":32,"column":40}},"loc":{"start":{"line":32,"column":43},"end":{"line":39,"column":1}},"line":32},"2":{"name":"createPaymentIntentSTART","decl":{"start":{"line":41,"column":17},"end":{"line":41,"column":41}},"loc":{"start":{"line":41,"column":70},"end":{"line":66,"column":1}},"line":41},"3":{"name":"(anonymous_3)","decl":{"start":{"line":53,"column":12},"end":{"line":53,"column":13}},"loc":{"start":{"line":53,"column":21},"end":{"line":55,"column":7}},"line":53},"4":{"name":"(anonymous_4)","decl":{"start":{"line":56,"column":12},"end":{"line":56,"column":13}},"loc":{"start":{"line":56,"column":22},"end":{"line":59,"column":7}},"line":56},"5":{"name":"createPaymentIntent","decl":{"start":{"line":68,"column":17},"end":{"line":68,"column":36}},"loc":{"start":{"line":68,"column":39},"end":{"line":73,"column":1}},"line":68},"6":{"name":"updatePaymentIntentSTART","decl":{"start":{"line":75,"column":17},"end":{"line":75,"column":41}},"loc":{"start":{"line":75,"column":55},"end":{"line":92,"column":1}},"line":75},"7":{"name":"(anonymous_7)","decl":{"start":{"line":85,"column":12},"end":{"line":85,"column":13}},"loc":{"start":{"line":85,"column":21},"end":{"line":87,"column":7}},"line":85},"8":{"name":"updatePaymentIntent","decl":{"start":{"line":94,"column":17},"end":{"line":94,"column":36}},"loc":{"start":{"line":94,"column":39},"end":{"line":99,"column":1}},"line":94},"9":{"name":"cancelPaymentIntentSTART","decl":{"start":{"line":101,"column":17},"end":{"line":101,"column":41}},"loc":{"start":{"line":101,"column":63},"end":{"line":115,"column":1}},"line":101},"10":{"name":"cancelPaymentIntent","decl":{"start":{"line":117,"column":17},"end":{"line":117,"column":36}},"loc":{"start":{"line":117,"column":39},"end":{"line":122,"column":1}},"line":117},"11":{"name":"cleanUp","decl":{"start":{"line":124,"column":17},"end":{"line":124,"column":24}},"loc":{"start":{"line":124,"column":27},"end":{"line":126,"column":1}},"line":124},"12":{"name":"paymentIntentSucceded","decl":{"start":{"line":128,"column":17},"end":{"line":128,"column":38}},"loc":{"start":{"line":128,"column":41},"end":{"line":130,"column":1}},"line":128},"13":{"name":"stripeSagas","decl":{"start":{"line":132,"column":17},"end":{"line":132,"column":28}},"loc":{"start":{"line":132,"column":31},"end":{"line":140,"column":1}},"line":132}},"branchMap":{},"s":{"0":0,"1":0,"2":0,"3":0,"4":0,"5":0,"6":0,"7":0,"8":0,"9":0,"10":0,"11":0,"12":0,"13":0,"14":0,"15":0,"16":0,"17":0,"18":0,"19":1,"20":0,"21":0,"22":0,"23":0,"24":0,"25":1,"26":0,"27":0,"28":0,"29":0,"30":0,"31":1,"32":0,"33":1,"34":0},"f":{"0":0,"1":0,"2":0,"3":0,"4":0,"5":1,"6":0,"7":0,"8":1,"9":0,"10":1,"11":0,"12":1,"13":0},"b":{},"_coverageSchema":"1a1c01bbd47fc00a2c39e90264f33305004495a9","hash":"d737fb566af9cc42ee5a61293a417108ed9ba6ee"}
,"C:\\web-dev\\React\\supreme-octo-guacamole-cloting-master\\supreme-octo-guacamole-cloting\\client\\src\\redux\\stripe\\stripe.selectors.js": {"path":"C:\\web-dev\\React\\supreme-octo-guacamole-cloting-master\\supreme-octo-guacamole-cloting\\client\\src\\redux\\stripe\\stripe.selectors.js","statementMap":{"0":{"start":{"line":4,"column":20},"end":{"line":4,"column":43}},"1":{"start":{"line":4,"column":31},"end":{"line":4,"column":43}},"2":{"start":{"line":6,"column":44},"end":{"line":9,"column":1}},"3":{"start":{"line":8,"column":14},"end":{"line":8,"column":36}},"4":{"start":{"line":11,"column":34},"end":{"line":14,"column":1}},"5":{"start":{"line":13,"column":14},"end":{"line":13,"column":33}}},"fnMap":{"0":{"name":"(anonymous_0)","decl":{"start":{"line":4,"column":20},"end":{"line":4,"column":21}},"loc":{"start":{"line":4,"column":31},"end":{"line":4,"column":43}},"line":4},"1":{"name":"(anonymous_1)","decl":{"start":{"line":8,"column":2},"end":{"line":8,"column":3}},"loc":{"start":{"line":8,"column":14},"end":{"line":8,"column":36}},"line":8},"2":{"name":"(anonymous_2)","decl":{"start":{"line":13,"column":2},"end":{"line":13,"column":3}},"loc":{"start":{"line":13,"column":14},"end":{"line":13,"column":33}},"line":13}},"branchMap":{},"s":{"0":1,"1":0,"2":1,"3":0,"4":1,"5":0},"f":{"0":0,"1":0,"2":0},"b":{},"_coverageSchema":"1a1c01bbd47fc00a2c39e90264f33305004495a9","hash":"62bda1fed6ebce91063d30fc9fcbce88beb7f257"}
,"C:\\web-dev\\React\\supreme-octo-guacamole-cloting-master\\supreme-octo-guacamole-cloting\\client\\src\\redux\\stripe\\stripe.types.js": {"path":"C:\\web-dev\\React\\supreme-octo-guacamole-cloting-master\\supreme-octo-guacamole-cloting\\client\\src\\redux\\stripe\\stripe.types.js","statementMap":{"0":{"start":{"line":1,"column":26},"end":{"line":20,"column":1}}},"fnMap":{},"branchMap":{},"s":{"0":9},"f":{},"b":{},"_coverageSchema":"1a1c01bbd47fc00a2c39e90264f33305004495a9","hash":"0c89de59d95772725e37a8f825b4965309d2f875"}
,"C:\\web-dev\\React\\supreme-octo-guacamole-cloting-master\\supreme-octo-guacamole-cloting\\client\\src\\redux\\user\\user.actions.js": {"path":"C:\\web-dev\\React\\supreme-octo-guacamole-cloting-master\\supreme-octo-guacamole-cloting\\client\\src\\redux\\user\\user.actions.js","statementMap":{"0":{"start":{"line":3,"column":33},"end":{"line":5,"column":2}},"1":{"start":{"line":3,"column":40},"end":{"line":5,"column":1}},"2":{"start":{"line":7,"column":29},"end":{"line":10,"column":2}},"3":{"start":{"line":7,"column":40},"end":{"line":10,"column":1}},"4":{"start":{"line":12,"column":29},"end":{"line":15,"column":2}},"5":{"start":{"line":12,"column":41},"end":{"line":15,"column":1}},"6":{"start":{"line":17,"column":32},"end":{"line":20,"column":2}},"7":{"start":{"line":17,"column":55},"end":{"line":20,"column":1}},"8":{"start":{"line":22,"column":32},"end":{"line":24,"column":2}},"9":{"start":{"line":22,"column":39},"end":{"line":24,"column":1}},"10":{"start":{"line":26,"column":28},"end":{"line":28,"column":2}},"11":{"start":{"line":26,"column":35},"end":{"line":28,"column":1}},"12":{"start":{"line":30,"column":30},"end":{"line":32,"column":2}},"13":{"start":{"line":30,"column":37},"end":{"line":32,"column":1}},"14":{"start":{"line":34,"column":30},"end":{"line":37,"column":2}},"15":{"start":{"line":34,"column":42},"end":{"line":37,"column":1}},"16":{"start":{"line":39,"column":27},"end":{"line":42,"column":2}},"17":{"start":{"line":39,"column":49},"end":{"line":42,"column":1}},"18":{"start":{"line":44,"column":29},"end":{"line":47,"column":2}},"19":{"start":{"line":44,"column":41},"end":{"line":47,"column":1}},"20":{"start":{"line":49,"column":29},"end":{"line":52,"column":2}},"21":{"start":{"line":49,"column":63},"end":{"line":52,"column":1}}},"fnMap":{"0":{"name":"(anonymous_0)","decl":{"start":{"line":3,"column":33},"end":{"line":3,"column":34}},"loc":{"start":{"line":3,"column":40},"end":{"line":5,"column":1}},"line":3},"1":{"name":"(anonymous_1)","decl":{"start":{"line":7,"column":29},"end":{"line":7,"column":30}},"loc":{"start":{"line":7,"column":40},"end":{"line":10,"column":1}},"line":7},"2":{"name":"(anonymous_2)","decl":{"start":{"line":12,"column":29},"end":{"line":12,"column":30}},"loc":{"start":{"line":12,"column":41},"end":{"line":15,"column":1}},"line":12},"3":{"name":"(anonymous_3)","decl":{"start":{"line":17,"column":32},"end":{"line":17,"column":33}},"loc":{"start":{"line":17,"column":55},"end":{"line":20,"column":1}},"line":17},"4":{"name":"(anonymous_4)","decl":{"start":{"line":22,"column":32},"end":{"line":22,"column":33}},"loc":{"start":{"line":22,"column":39},"end":{"line":24,"column":1}},"line":22},"5":{"name":"(anonymous_5)","decl":{"start":{"line":26,"column":28},"end":{"line":26,"column":29}},"loc":{"start":{"line":26,"column":35},"end":{"line":28,"column":1}},"line":26},"6":{"name":"(anonymous_6)","decl":{"start":{"line":30,"column":30},"end":{"line":30,"column":31}},"loc":{"start":{"line":30,"column":37},"end":{"line":32,"column":1}},"line":30},"7":{"name":"(anonymous_7)","decl":{"start":{"line":34,"column":30},"end":{"line":34,"column":31}},"loc":{"start":{"line":34,"column":42},"end":{"line":37,"column":1}},"line":34},"8":{"name":"(anonymous_8)","decl":{"start":{"line":39,"column":27},"end":{"line":39,"column":28}},"loc":{"start":{"line":39,"column":49},"end":{"line":42,"column":1}},"line":39},"9":{"name":"(anonymous_9)","decl":{"start":{"line":44,"column":29},"end":{"line":44,"column":30}},"loc":{"start":{"line":44,"column":41},"end":{"line":47,"column":1}},"line":44},"10":{"name":"(anonymous_10)","decl":{"start":{"line":49,"column":29},"end":{"line":49,"column":30}},"loc":{"start":{"line":49,"column":63},"end":{"line":52,"column":1}},"line":49}},"branchMap":{},"s":{"0":5,"1":0,"2":5,"3":0,"4":5,"5":2,"6":5,"7":0,"8":5,"9":0,"10":5,"11":0,"12":5,"13":2,"14":5,"15":2,"16":5,"17":0,"18":5,"19":0,"20":5,"21":0},"f":{"0":0,"1":0,"2":2,"3":0,"4":0,"5":0,"6":2,"7":2,"8":0,"9":0,"10":0},"b":{},"_coverageSchema":"1a1c01bbd47fc00a2c39e90264f33305004495a9","hash":"0416b8eb7f4c4d4d1db5e3b34a0a1499ffc172f2"}
,"C:\\web-dev\\React\\supreme-octo-guacamole-cloting-master\\supreme-octo-guacamole-cloting\\client\\src\\redux\\user\\user.reducer.js": {"path":"C:\\web-dev\\React\\supreme-octo-guacamole-cloting-master\\supreme-octo-guacamole-cloting\\client\\src\\redux\\user\\user.reducer.js","statementMap":{"0":{"start":{"line":3,"column":22},"end":{"line":6,"column":1}},"1":{"start":{"line":8,"column":20},"end":{"line":28,"column":1}},"2":{"start":{"line":9,"column":2},"end":{"line":27,"column":3}},"3":{"start":{"line":11,"column":6},"end":{"line":15,"column":8}},"4":{"start":{"line":17,"column":6},"end":{"line":17,"column":58}},"5":{"start":{"line":21,"column":6},"end":{"line":24,"column":8}},"6":{"start":{"line":26,"column":6},"end":{"line":26,"column":19}}},"fnMap":{"0":{"name":"(anonymous_0)","decl":{"start":{"line":8,"column":20},"end":{"line":8,"column":21}},"loc":{"start":{"line":8,"column":55},"end":{"line":28,"column":1}},"line":8}},"branchMap":{"0":{"loc":{"start":{"line":8,"column":21},"end":{"line":8,"column":42}},"type":"default-arg","locations":[{"start":{"line":8,"column":29},"end":{"line":8,"column":42}}],"line":8},"1":{"loc":{"start":{"line":9,"column":2},"end":{"line":27,"column":3}},"type":"switch","locations":[{"start":{"line":10,"column":4},"end":{"line":15,"column":8}},{"start":{"line":16,"column":4},"end":{"line":17,"column":58}},{"start":{"line":18,"column":4},"end":{"line":18,"column":41}},{"start":{"line":19,"column":4},"end":{"line":19,"column":42}},{"start":{"line":20,"column":4},"end":{"line":24,"column":8}},{"start":{"line":25,"column":4},"end":{"line":26,"column":19}}],"line":9}},"s":{"0":7,"1":7,"2":36,"3":1,"4":1,"5":3,"6":31},"f":{"0":36},"b":{"0":[31],"1":[1,1,1,2,3,31]},"_coverageSchema":"1a1c01bbd47fc00a2c39e90264f33305004495a9","hash":"df5a4127e4fa93835277e737975f1e06672598cf"}
,"C:\\web-dev\\React\\supreme-octo-guacamole-cloting-master\\supreme-octo-guacamole-cloting\\client\\src\\redux\\user\\user.sagas.js": {"path":"C:\\web-dev\\React\\supreme-octo-guacamole-cloting-master\\supreme-octo-guacamole-cloting\\client\\src\\redux\\user\\user.sagas.js","statementMap":{"0":{"start":{"line":27,"column":23},"end":{"line":31,"column":3}},"1":{"start":{"line":32,"column":2},"end":{"line":32,"column":76}},"2":{"start":{"line":36,"column":2},"end":{"line":41,"column":3}},"3":{"start":{"line":37,"column":21},"end":{"line":37,"column":50}},"4":{"start":{"line":38,"column":4},"end":{"line":38,"column":54}},"5":{"start":{"line":40,"column":4},"end":{"line":40,"column":36}},"6":{"start":{"line":45,"column":2},"end":{"line":51,"column":3}},"7":{"start":{"line":46,"column":20},"end":{"line":46,"column":29}},"8":{"start":{"line":47,"column":21},"end":{"line":47,"column":79}},"9":{"start":{"line":48,"column":4},"end":{"line":48,"column":54}},"10":{"start":{"line":50,"column":4},"end":{"line":50,"column":36}},"11":{"start":{"line":55,"column":2},"end":{"line":61,"column":3}},"12":{"start":{"line":56,"column":21},"end":{"line":56,"column":43}},"13":{"start":{"line":57,"column":4},"end":{"line":57,"column":26}},"14":{"start":{"line":57,"column":19},"end":{"line":57,"column":26}},"15":{"start":{"line":58,"column":4},"end":{"line":58,"column":48}},"16":{"start":{"line":60,"column":4},"end":{"line":60,"column":36}},"17":{"start":{"line":65,"column":2},"end":{"line":70,"column":3}},"18":{"start":{"line":66,"column":4},"end":{"line":66,"column":28}},"19":{"start":{"line":67,"column":4},"end":{"line":67,"column":32}},"20":{"start":{"line":69,"column":4},"end":{"line":69,"column":37}},"21":{"start":{"line":74,"column":2},"end":{"line":87,"column":3}},"22":{"start":{"line":75,"column":21},"end":{"line":79,"column":5}},"23":{"start":{"line":80,"column":4},"end":{"line":84,"column":6}},"24":{"start":{"line":86,"column":4},"end":{"line":86,"column":36}},"25":{"start":{"line":91,"column":2},"end":{"line":91,"column":54}},"26":{"start":{"line":95,"column":2},"end":{"line":95,"column":58}},"27":{"start":{"line":99,"column":2},"end":{"line":99,"column":60}},"28":{"start":{"line":103,"column":2},"end":{"line":103,"column":71}},"29":{"start":{"line":107,"column":2},"end":{"line":107,"column":75}},"30":{"start":{"line":111,"column":2},"end":{"line":111,"column":76}},"31":{"start":{"line":115,"column":2},"end":{"line":115,"column":73}},"32":{"start":{"line":119,"column":2},"end":{"line":126,"column":5}}},"fnMap":{"0":{"name":"getSnapshotFromUserAuth","decl":{"start":{"line":26,"column":17},"end":{"line":26,"column":40}},"loc":{"start":{"line":26,"column":67},"end":{"line":33,"column":1}},"line":26},"1":{"name":"signInWithGoogle","decl":{"start":{"line":35,"column":17},"end":{"line":35,"column":33}},"loc":{"start":{"line":35,"column":36},"end":{"line":42,"column":1}},"line":35},"2":{"name":"signInWithEmail","decl":{"start":{"line":44,"column":17},"end":{"line":44,"column":32}},"loc":{"start":{"line":44,"column":67},"end":{"line":52,"column":1}},"line":44},"3":{"name":"isUserAuthenticated","decl":{"start":{"line":54,"column":17},"end":{"line":54,"column":36}},"loc":{"start":{"line":54,"column":39},"end":{"line":62,"column":1}},"line":54},"4":{"name":"signOut","decl":{"start":{"line":64,"column":17},"end":{"line":64,"column":24}},"loc":{"start":{"line":64,"column":27},"end":{"line":71,"column":1}},"line":64},"5":{"name":"signUp","decl":{"start":{"line":73,"column":17},"end":{"line":73,"column":23}},"loc":{"start":{"line":73,"column":71},"end":{"line":88,"column":1}},"line":73},"6":{"name":"signInAfterSignUp","decl":{"start":{"line":90,"column":17},"end":{"line":90,"column":34}},"loc":{"start":{"line":90,"column":70},"end":{"line":92,"column":1}},"line":90},"7":{"name":"onSignUpStart","decl":{"start":{"line":94,"column":17},"end":{"line":94,"column":30}},"loc":{"start":{"line":94,"column":33},"end":{"line":96,"column":1}},"line":94},"8":{"name":"onSignOutStart","decl":{"start":{"line":98,"column":17},"end":{"line":98,"column":31}},"loc":{"start":{"line":98,"column":34},"end":{"line":100,"column":1}},"line":98},"9":{"name":"onSignUpSuccess","decl":{"start":{"line":102,"column":17},"end":{"line":102,"column":32}},"loc":{"start":{"line":102,"column":35},"end":{"line":104,"column":1}},"line":102},"10":{"name":"onGoogleSignInStart","decl":{"start":{"line":106,"column":17},"end":{"line":106,"column":36}},"loc":{"start":{"line":106,"column":39},"end":{"line":108,"column":1}},"line":106},"11":{"name":"onCheckUserSession","decl":{"start":{"line":110,"column":17},"end":{"line":110,"column":35}},"loc":{"start":{"line":110,"column":38},"end":{"line":112,"column":1}},"line":110},"12":{"name":"onEmailSignInStart","decl":{"start":{"line":114,"column":17},"end":{"line":114,"column":35}},"loc":{"start":{"line":114,"column":38},"end":{"line":116,"column":1}},"line":114},"13":{"name":"userSagas","decl":{"start":{"line":118,"column":17},"end":{"line":118,"column":26}},"loc":{"start":{"line":118,"column":29},"end":{"line":127,"column":1}},"line":118}},"branchMap":{"0":{"loc":{"start":{"line":57,"column":4},"end":{"line":57,"column":26}},"type":"if","locations":[{"start":{"line":57,"column":4},"end":{"line":57,"column":26}},{"start":{},"end":{}}],"line":57}},"s":{"0":1,"1":0,"2":0,"3":0,"4":0,"5":0,"6":0,"7":0,"8":0,"9":0,"10":0,"11":2,"12":2,"13":1,"14":0,"15":1,"16":1,"17":2,"18":2,"19":1,"20":1,"21":1,"22":1,"23":0,"24":0,"25":1,"26":1,"27":1,"28":1,"29":1,"30":1,"31":1,"32":0},"f":{"0":1,"1":0,"2":0,"3":2,"4":2,"5":1,"6":1,"7":1,"8":1,"9":1,"10":1,"11":1,"12":1,"13":0},"b":{"0":[0,1]},"_coverageSchema":"1a1c01bbd47fc00a2c39e90264f33305004495a9","hash":"f91e827ef888ffc018238047a9e909b1788c6963"}
,"C:\\web-dev\\React\\supreme-octo-guacamole-cloting-master\\supreme-octo-guacamole-cloting\\client\\src\\redux\\user\\user.selector.js": {"path":"C:\\web-dev\\React\\supreme-octo-guacamole-cloting-master\\supreme-octo-guacamole-cloting\\client\\src\\redux\\user\\user.selector.js","statementMap":{"0":{"start":{"line":3,"column":19},"end":{"line":3,"column":40}},"1":{"start":{"line":3,"column":30},"end":{"line":3,"column":40}},"2":{"start":{"line":4,"column":33},"end":{"line":7,"column":1}},"3":{"start":{"line":6,"column":12},"end":{"line":6,"column":28}},"4":{"start":{"line":8,"column":31},"end":{"line":11,"column":1}},"5":{"start":{"line":10,"column":12},"end":{"line":10,"column":22}}},"fnMap":{"0":{"name":"(anonymous_0)","decl":{"start":{"line":3,"column":19},"end":{"line":3,"column":20}},"loc":{"start":{"line":3,"column":30},"end":{"line":3,"column":40}},"line":3},"1":{"name":"(anonymous_1)","decl":{"start":{"line":6,"column":2},"end":{"line":6,"column":3}},"loc":{"start":{"line":6,"column":12},"end":{"line":6,"column":28}},"line":6},"2":{"name":"(anonymous_2)","decl":{"start":{"line":10,"column":2},"end":{"line":10,"column":3}},"loc":{"start":{"line":10,"column":12},"end":{"line":10,"column":22}},"line":10}},"branchMap":{},"s":{"0":7,"1":2,"2":7,"3":0,"4":7,"5":1},"f":{"0":2,"1":0,"2":1},"b":{},"_coverageSchema":"1a1c01bbd47fc00a2c39e90264f33305004495a9","hash":"bac5326535c87b830305bb656c7ee51c4e751627"}
,"C:\\web-dev\\React\\supreme-octo-guacamole-cloting-master\\supreme-octo-guacamole-cloting\\client\\src\\redux\\user\\user.types.js": {"path":"C:\\web-dev\\React\\supreme-octo-guacamole-cloting-master\\supreme-octo-guacamole-cloting\\client\\src\\redux\\user\\user.types.js","statementMap":{"0":{"start":{"line":1,"column":24},"end":{"line":13,"column":1}}},"fnMap":{},"branchMap":{},"s":{"0":11},"f":{},"b":{},"_coverageSchema":"1a1c01bbd47fc00a2c39e90264f33305004495a9","hash":"82a1a57f38c75aa7d8f0754e3c04b805bc46aefb"}
}
