TN:
SF:src\App.js
FN:17,(anonymous_0)
FN:18,(anonymous_1)
FN:19,(anonymous_2)
FN:20,(anonymous_3)
FN:23,(anonymous_4)
FN:25,App
FN:28,(anonymous_6)
FN:44,(anonymous_7)
FN:60,(anonymous_8)
FN:61,(anonymous_9)
FNF:10
FNH:0
FNDA:0,(anonymous_0)
FNDA:0,(anonymous_1)
FNDA:0,(anonymous_2)
FNDA:0,(anonymous_3)
FNDA:0,(anonymous_4)
FNDA:0,App
FNDA:0,(anonymous_6)
FNDA:0,(anonymous_7)
FNDA:0,(anonymous_8)
FNDA:0,(anonymous_9)
DA:17,0
DA:18,0
DA:19,0
DA:20,0
DA:21,0
DA:23,0
DA:26,0
DA:28,0
DA:29,0
DA:31,0
DA:45,0
DA:57,0
DA:60,0
DA:61,0
LF:14
LH:0
BRDA:45,0,0,0
BRDA:45,0,1,0
BRF:2
BRH:0
end_of_record
TN:
SF:src\global.styles.js
FNF:0
FNH:0
DA:3,15
DA:4,15
DA:5,15
DA:7,15
DA:13,15
DA:22,15
DA:29,15
DA:37,15
DA:54,15
LF:9
LH:9
BRF:0
BRH:0
end_of_record
TN:
SF:src\history.js
FNF:0
FNH:0
LF:0
LH:0
BRF:0
BRH:0
end_of_record
TN:
SF:src\index.js
FNF:0
FNH:0
DA:12,0
DA:23,0
LF:2
LH:0
BRF:0
BRH:0
end_of_record
TN:
SF:src\reportWebVitals.js
FN:1,(anonymous_0)
FN:3,(anonymous_1)
FNF:2
FNH:0
FNDA:0,(anonymous_0)
FNDA:0,(anonymous_1)
DA:1,0
DA:2,0
DA:3,0
DA:4,0
DA:5,0
DA:6,0
DA:7,0
DA:8,0
LF:8
LH:0
BRDA:2,0,0,0
BRDA:2,0,1,0
BRDA:2,1,0,0
BRDA:2,1,1,0
BRF:4
BRH:0
end_of_record
TN:
SF:src\service-worker.js
FN:30,(anonymous_0)
FN:53,(anonymous_1)
FN:67,(anonymous_2)
FNF:3
FNH:0
FNDA:0,(anonymous_0)
FNDA:0,(anonymous_1)
FNDA:0,(anonymous_2)
DA:16,0
DA:22,0
DA:27,0
DA:28,0
DA:32,0
DA:33,0
DA:36,0
DA:37,0
DA:40,0
DA:41,0
DA:44,0
DA:52,0
DA:53,0
DA:67,0
DA:68,0
DA:69,0
LF:16
LH:0
BRDA:32,0,0,0
BRDA:32,0,1,0
BRDA:36,1,0,0
BRDA:36,1,1,0
BRDA:40,2,0,0
BRDA:40,2,1,0
BRDA:68,3,0,0
BRDA:68,3,1,0
BRDA:68,4,0,0
BRDA:68,4,1,0
BRF:10
BRH:0
end_of_record
TN:
SF:src\serviceWorkerRegistration.js
FN:21,register
FN:32,(anonymous_1)
FN:41,(anonymous_2)
FN:55,registerValidSW
FN:58,(anonymous_4)
FN:59,(anonymous_5)
FN:64,(anonymous_6)
FN:94,(anonymous_7)
FN:99,checkValidServiceWorker
FN:104,(anonymous_9)
FN:112,(anonymous_10)
FN:113,(anonymous_11)
FN:122,(anonymous_12)
FN:127,unregister
FN:130,(anonymous_14)
FN:133,(anonymous_15)
FNF:16
FNH:0
FNDA:0,register
FNDA:0,(anonymous_1)
FNDA:0,(anonymous_2)
FNDA:0,registerValidSW
FNDA:0,(anonymous_4)
FNDA:0,(anonymous_5)
FNDA:0,(anonymous_6)
FNDA:0,(anonymous_7)
FNDA:0,checkValidServiceWorker
FNDA:0,(anonymous_9)
FNDA:0,(anonymous_10)
FNDA:0,(anonymous_11)
FNDA:0,(anonymous_12)
FNDA:0,unregister
FNDA:0,(anonymous_14)
FNDA:0,(anonymous_15)
DA:13,0
DA:22,0
DA:24,0
DA:25,0
DA:29,0
DA:32,0
DA:33,0
DA:35,0
DA:37,0
DA:41,0
DA:42,0
DA:49,0
DA:56,0
DA:59,0
DA:60,0
DA:61,0
DA:62,0
DA:64,0
DA:65,0
DA:66,0
DA:70,0
DA:76,0
DA:77,0
DA:83,0
DA:86,0
DA:87,0
DA:95,0
DA:101,0
DA:106,0
DA:107,0
DA:112,0
DA:113,0
DA:114,0
DA:119,0
DA:123,0
DA:128,0
DA:129,0
DA:131,0
DA:134,0
LF:39
LH:0
BRDA:14,0,0,0
BRDA:14,0,1,0
BRDA:14,0,2,0
BRDA:22,1,0,0
BRDA:22,1,1,0
BRDA:22,2,0,0
BRDA:22,2,1,0
BRDA:25,3,0,0
BRDA:25,3,1,0
BRDA:35,4,0,0
BRDA:35,4,1,0
BRDA:61,5,0,0
BRDA:61,5,1,0
BRDA:65,6,0,0
BRDA:65,6,1,0
BRDA:66,7,0,0
BRDA:66,7,1,0
BRDA:76,8,0,0
BRDA:76,8,1,0
BRDA:76,9,0,0
BRDA:76,9,1,0
BRDA:86,10,0,0
BRDA:86,10,1,0
BRDA:86,11,0,0
BRDA:86,11,1,0
BRDA:107,12,0,0
BRDA:107,12,1,0
BRDA:108,13,0,0
BRDA:108,13,1,0
BRDA:108,13,2,0
BRDA:128,14,0,0
BRDA:128,14,1,0
BRF:32
BRH:0
end_of_record
TN:
SF:src\components\cart-dropdown\cart-dropdown.component.jsx
FN:17,(anonymous_0)
FN:21,CartDropdown
FN:26,(anonymous_2)
FN:34,(anonymous_3)
FNF:4
FNH:3
FNDA:1,(anonymous_0)
FNDA:4,CartDropdown
FNDA:0,(anonymous_2)
FNDA:1,(anonymous_3)
DA:17,2
DA:18,1
DA:19,1
DA:22,4
DA:27,0
DA:34,1
DA:41,2
LF:7
LH:6
BRDA:25,0,0,0
BRDA:25,0,1,4
BRF:2
BRH:1
end_of_record
TN:
SF:src\components\cart-dropdown\cart-dropdown.styles.jsx
FNF:0
FNH:0
DA:5,2
DA:14,2
DA:21,2
DA:24,2
DA:26,2
LF:5
LH:5
BRF:0
BRH:0
end_of_record
TN:
SF:src\components\cart-icon\cart-icon.component.jsx
FN:13,CartIcon
FN:21,(anonymous_1)
FN:22,(anonymous_2)
FNF:3
FNH:2
FNDA:5,CartIcon
FNDA:3,(anonymous_1)
FNDA:0,(anonymous_2)
DA:14,5
DA:21,3
DA:22,0
DA:25,2
LF:4
LH:3
BRF:0
BRH:0
end_of_record
TN:
SF:src\components\cart-icon\cart-icon.styles.jsx
FNF:0
FNH:0
DA:4,2
DA:5,2
DA:35,2
DA:36,2
DA:41,2
LF:5
LH:5
BRF:0
BRH:0
end_of_record
TN:
SF:src\components\cart-item\cart-item.component.jsx
FN:9,CartItem
FNF:1
FNH:1
FNDA:1,CartItem
DA:10,1
LF:1
LH:1
BRF:0
BRH:0
end_of_record
TN:
SF:src\components\cart-item\cart-item.styles.jsx
FNF:0
FNH:0
DA:3,3
DA:9,3
DA:13,3
LF:3
LH:3
BRF:0
BRH:0
end_of_record
TN:
SF:src\components\checkout-item\checkout-item.component.jsx
FN:22,CheckoutItem
FN:34,(anonymous_1)
FN:41,(anonymous_2)
FN:52,(anonymous_3)
FN:65,(anonymous_4)
FN:66,(anonymous_5)
FN:67,(anonymous_6)
FN:68,(anonymous_7)
FNF:8
FNH:5
FNDA:6,CheckoutItem
FNDA:1,(anonymous_1)
FNDA:1,(anonymous_2)
FNDA:1,(anonymous_3)
FNDA:4,(anonymous_4)
FNDA:0,(anonymous_5)
FNDA:0,(anonymous_6)
FNDA:0,(anonymous_7)
DA:23,6
DA:24,6
DA:25,6
DA:34,1
DA:41,1
DA:52,1
DA:65,4
DA:66,0
DA:67,0
DA:68,0
LF:10
LH:7
BRDA:47,0,0,0
BRDA:47,0,1,6
BRDA:54,1,0,0
BRDA:54,1,1,6
BRF:4
BRH:2
end_of_record
TN:
SF:src\components\checkout-item\checkout-item.styles.jsx
FNF:0
FNH:0
DA:3,2
DA:9,2
DA:15,2
DA:21,2
DA:28,2
DA:45,2
DA:52,2
DA:57,2
DA:62,2
DA:66,2
DA:69,2
DA:73,2
DA:76,2
LF:13
LH:13
BRF:0
BRH:0
end_of_record
TN:
SF:src\components\collection-item\collection-item.component.jsx
FN:14,CollectionItem
FN:29,(anonymous_1)
FN:36,(anonymous_2)
FN:37,(anonymous_3)
FNF:4
FNH:2
FNDA:2,CollectionItem
FNDA:1,(anonymous_1)
FNDA:0,(anonymous_2)
FNDA:0,(anonymous_3)
DA:15,2
DA:16,2
DA:29,1
DA:36,5
DA:37,0
LF:5
LH:4
BRF:0
BRH:0
end_of_record
TN:
SF:src\components\collection-item\collection-item.styles.jsx
FN:7,(anonymous_0)
FNF:1
FNH:1
FNDA:2,(anonymous_0)
DA:7,5
DA:8,2
DA:11,5
DA:46,5
DA:58,5
DA:66,5
DA:70,5
DA:74,5
DA:85,5
LF:9
LH:9
BRF:0
BRH:0
end_of_record
TN:
SF:src\components\collection-preview\collection-preview.component.jsx
FN:12,CollectionPreview
FN:15,(anonymous_1)
FN:19,(anonymous_2)
FN:27,(anonymous_3)
FN:33,(anonymous_4)
FN:34,(anonymous_5)
FN:41,(anonymous_6)
FNF:7
FNH:2
FNDA:2,CollectionPreview
FNDA:0,(anonymous_1)
FNDA:0,(anonymous_2)
FNDA:1,(anonymous_3)
FNDA:0,(anonymous_4)
FNDA:0,(anonymous_5)
FNDA:0,(anonymous_6)
DA:13,2
DA:14,2
DA:15,2
DA:16,0
DA:17,0
DA:19,2
DA:20,0
DA:21,0
DA:23,2
DA:27,1
DA:33,0
DA:35,0
DA:42,0
LF:13
LH:6
BRDA:42,0,0,0
BRDA:42,0,1,0
BRDA:45,1,0,0
BRDA:45,1,1,2
BRF:4
BRH:1
end_of_record
TN:
SF:src\components\collection-preview\collection-preview.styles.jsx
FNF:0
FNH:0
DA:3,3
DA:10,3
DA:18,3
LF:3
LH:3
BRF:0
BRH:0
end_of_record
TN:
SF:src\components\collections-overview\collections-overview.component.jsx
FN:12,CollectionsOverview
FN:15,(anonymous_1)
FNF:2
FNH:1
FNDA:2,CollectionsOverview
FNDA:0,(anonymous_1)
DA:13,2
DA:16,0
DA:22,2
LF:3
LH:2
BRF:0
BRH:0
end_of_record
TN:
SF:src\components\collections-overview\collections-overview.container.jsx
FNF:0
FNH:0
DA:9,1
DA:13,1
LF:2
LH:2
BRF:0
BRH:0
end_of_record
TN:
SF:src\components\collections-overview\collections-overview.styles.jsx
FNF:0
FNH:0
DA:3,2
LF:1
LH:1
BRF:0
BRH:0
end_of_record
TN:
SF:src\components\custom-button\custom-button.component.jsx
FN:5,CustomButton
FNF:1
FNH:1
FNDA:39,CustomButton
DA:6,39
LF:1
LH:1
BRF:0
BRH:0
end_of_record
TN:
SF:src\components\custom-button\custom-button.styles.jsx
FN:37,(anonymous_0)
FNF:1
FNH:1
FNDA:39,(anonymous_0)
DA:3,17
DA:12,17
DA:23,17
DA:37,17
DA:38,39
DA:39,3
DA:41,36
DA:44,17
LF:8
LH:8
BRDA:38,0,0,3
BRDA:38,0,1,36
BRDA:41,1,0,7
BRDA:41,1,1,29
BRF:4
BRH:4
end_of_record
TN:
SF:src\components\directory\directory.component.jsx
FN:10,Directory
FN:13,(anonymous_1)
FNF:2
FNH:1
FNDA:1,Directory
FNDA:0,(anonymous_1)
DA:11,1
DA:14,0
DA:20,2
LF:3
LH:2
BRF:0
BRH:0
end_of_record
TN:
SF:src\components\directory\directory.styles.jsx
FNF:0
FNH:0
DA:3,2
LF:1
LH:1
BRF:0
BRH:0
end_of_record
TN:
SF:src\components\error-boundary\error-boundary.component.jsx
FN:13,(anonymous_0)
FN:20,(anonymous_1)
FN:24,(anonymous_2)
FN:27,(anonymous_3)
FN:40,(anonymous_4)
FNF:5
FNH:2
FNDA:1,(anonymous_0)
FNDA:0,(anonymous_1)
FNDA:0,(anonymous_2)
FNDA:2,(anonymous_3)
FNDA:0,(anonymous_4)
DA:14,1
DA:15,1
DA:21,0
DA:25,0
DA:28,2
DA:29,1
DA:41,0
DA:49,1
LF:8
LH:5
BRDA:28,0,0,1
BRDA:28,0,1,1
BRF:2
BRH:2
end_of_record
TN:
SF:src\components\error-boundary\error-boundary.styles.jsx
FN:25,(anonymous_0)
FNF:1
FNH:0
FNDA:0,(anonymous_0)
DA:3,1
DA:23,1
DA:25,0
DA:32,1
DA:36,1
LF:5
LH:4
BRF:0
BRH:0
end_of_record
TN:
SF:src\components\form-input\form-input.component.jsx
FN:9,FormInput
FNF:1
FNH:1
FNDA:108,FormInput
DA:10,108
LF:1
LH:1
BRDA:17,0,0,107
BRDA:17,0,1,1
BRDA:20,1,0,21
BRDA:20,1,1,86
BRF:4
BRH:4
end_of_record
TN:
SF:src\components\form-input\form-input.styles.jsx
FNF:0
FNH:0
DA:3,6
DA:4,6
DA:6,6
DA:17,6
DA:25,6
DA:46,6
DA:48,6
DA:61,6
LF:8
LH:8
BRF:0
BRH:0
end_of_record
TN:
SF:src\components\header\header.component.jsx
FN:22,Header
FN:24,(anonymous_1)
FN:27,(anonymous_2)
FN:67,(anonymous_3)
FN:68,(anonymous_4)
FNF:5
FNH:2
FNDA:3,Header
FNDA:0,(anonymous_1)
FNDA:3,(anonymous_2)
FNDA:0,(anonymous_3)
FNDA:0,(anonymous_4)
DA:23,3
DA:24,3
DA:25,0
DA:27,3
DA:28,3
DA:30,3
DA:62,1
DA:67,1
DA:68,0
LF:9
LH:7
BRDA:25,0,0,0
BRDA:25,0,1,0
BRDA:39,1,0,3
BRDA:39,1,1,0
BRDA:52,2,0,1
BRDA:52,2,1,2
BRDA:58,3,0,0
BRDA:58,3,1,3
BRF:8
BRH:4
end_of_record
TN:
SF:src\components\header\header.styles.jsx
FNF:0
FNH:0
DA:5,1
DA:25,1
DA:39,1
DA:55,1
DA:66,1
DA:76,1
LF:6
LH:6
BRF:0
BRH:0
end_of_record
TN:
SF:src\components\menu-item\menu-item.component.jsx
FN:12,(anonymous_0)
FN:23,(anonymous_1)
FNF:2
FNH:2
FNDA:2,(anonymous_0)
FNDA:1,(anonymous_1)
DA:12,3
DA:20,2
DA:23,1
LF:3
LH:3
BRF:0
BRH:0
end_of_record
TN:
SF:src\components\menu-item\menu-item.styles.jsx
FN:4,(anonymous_0)
FN:42,(anonymous_1)
FNF:2
FNH:2
FNDA:2,(anonymous_0)
FNDA:2,(anonymous_1)
DA:3,3
DA:4,2
DA:35,3
DA:37,3
DA:42,2
DA:45,3
DA:47,3
DA:101,3
DA:110,3
LF:9
LH:9
BRDA:4,0,0,2
BRDA:4,0,1,0
BRF:2
BRH:1
end_of_record
TN:
SF:src\components\order-item\order-item.component.jsx
FN:22,OrderItem
FN:24,(anonymous_1)
FN:42,(anonymous_2)
FNF:3
FNH:1
FNDA:1,OrderItem
FNDA:0,(anonymous_1)
FNDA:0,(anonymous_2)
DA:23,1
DA:24,0
DA:43,0
DA:61,2
LF:4
LH:2
BRF:0
BRH:0
end_of_record
TN:
SF:src\components\order-item\order-item.container.jsx
FN:10,(anonymous_0)
FNF:1
FNH:1
FNDA:2,(anonymous_0)
DA:9,1
DA:10,2
DA:14,1
LF:3
LH:3
BRF:0
BRH:0
end_of_record
TN:
SF:src\components\order-item\order-item.styles.jsx
FNF:0
FNH:0
DA:5,2
DA:8,2
DA:15,2
DA:22,2
DA:44,2
DA:55,2
DA:64,2
DA:70,2
DA:77,2
DA:101,2
DA:108,2
DA:115,2
DA:129,2
DA:134,2
DA:145,2
LF:15
LH:15
BRF:0
BRH:0
end_of_record
TN:
SF:src\components\pop-up-msg\pop-up-msg.component.jsx
FN:8,PopUpMsg
FNF:1
FNH:1
FNDA:3,PopUpMsg
DA:9,3
LF:1
LH:1
BRF:0
BRH:0
end_of_record
TN:
SF:src\components\pop-up-msg\pop-up-msg.styles.jsx
FNF:0
FNH:0
DA:9,4
DA:18,4
DA:38,4
DA:42,4
DA:51,4
LF:5
LH:5
BRF:0
BRH:0
end_of_record
TN:
SF:src\components\scroll-up-button\scroll-up-button.component.jsx
FN:7,ScrollUpButton
FN:11,(anonymous_1)
FNF:2
FNH:2
FNDA:2,ScrollUpButton
FNDA:1,(anonymous_1)
DA:8,2
DA:11,1
LF:2
LH:2
BRF:0
BRH:0
end_of_record
TN:
SF:src\components\scroll-up-button\scroll-up-button.styles.jsx
FNF:0
FNH:0
DA:9,2
DA:18,2
DA:41,2
LF:3
LH:3
BRF:0
BRH:0
end_of_record
TN:
SF:src\components\sign-in\sign-in.component.jsx
FN:23,(anonymous_0)
FN:34,SignIn
FN:38,(anonymous_2)
FN:43,(anonymous_3)
FN:48,(anonymous_4)
FN:97,(anonymous_5)
FN:98,(anonymous_6)
FN:99,(anonymous_7)
FNF:8
FNH:4
FNDA:3,(anonymous_0)
FNDA:3,SignIn
FNDA:3,(anonymous_2)
FNDA:0,(anonymous_3)
FNDA:0,(anonymous_4)
FNDA:1,(anonymous_5)
FNDA:0,(anonymous_6)
FNDA:0,(anonymous_7)
DA:23,2
DA:24,3
DA:35,3
DA:36,3
DA:37,3
DA:38,3
DA:39,3
DA:40,0
DA:43,3
DA:44,0
DA:45,0
DA:48,3
DA:49,0
DA:50,0
DA:53,3
DA:94,2
DA:97,2
DA:98,0
DA:100,0
LF:19
LH:12
BRDA:24,0,0,0
BRDA:24,0,1,3
BRDA:27,1,0,0
BRDA:27,1,1,0
BRDA:39,2,0,0
BRDA:39,2,1,3
BRF:6
BRH:2
end_of_record
TN:
SF:src\components\sign-in\sign-in.styles.jsx
FNF:0
FNH:0
DA:3,2
DA:13,2
DA:17,2
LF:3
LH:3
BRF:0
BRH:0
end_of_record
TN:
SF:src\components\sign-up\sign-up.component.jsx
FN:19,(anonymous_0)
FN:26,(anonymous_1)
FN:35,(anonymous_2)
FN:62,SignUp
FN:72,(anonymous_4)
FN:80,(anonymous_5)
FN:85,(anonymous_6)
FN:92,(anonymous_7)
FN:97,(anonymous_8)
FN:100,(anonymous_9)
FN:104,(anonymous_10)
FN:177,(anonymous_11)
FN:178,(anonymous_12)
FNF:13
FNH:10
FNDA:12,(anonymous_0)
FNDA:12,(anonymous_1)
FNDA:12,(anonymous_2)
FNDA:12,SignUp
FNDA:5,(anonymous_4)
FNDA:3,(anonymous_5)
FNDA:1,(anonymous_6)
FNDA:4,(anonymous_7)
FNDA:24,(anonymous_8)
FNDA:0,(anonymous_9)
FNDA:0,(anonymous_10)
FNDA:1,(anonymous_11)
FNDA:0,(anonymous_12)
DA:19,2
DA:20,12
DA:26,2
DA:27,12
DA:33,2
DA:35,2
DA:36,12
DA:37,12
DA:38,12
DA:39,12
DA:40,12
DA:41,12
DA:63,12
DA:69,12
DA:70,12
DA:71,12
DA:72,12
DA:73,5
DA:74,1
DA:75,1
DA:76,4
DA:77,4
DA:80,12
DA:81,3
DA:82,0
DA:85,12
DA:86,1
DA:87,1
DA:89,1
DA:92,12
DA:93,4
DA:94,4
DA:97,12
DA:98,24
DA:100,0
DA:104,0
DA:108,12
DA:174,2
DA:177,2
DA:178,0
LF:40
LH:36
BRDA:20,0,0,0
BRDA:20,0,1,12
BRDA:27,1,0,2
BRDA:27,1,1,10
BRDA:41,2,0,4
BRDA:41,2,1,8
BRDA:43,3,0,0
BRDA:43,3,1,4
BRDA:44,4,0,0
BRDA:44,4,1,4
BRDA:46,5,0,0
BRDA:46,5,1,4
BRDA:47,6,0,0
BRDA:47,6,1,4
BRDA:49,7,0,4
BRDA:49,7,1,0
BRDA:50,8,0,4
BRDA:50,8,1,0
BRDA:52,9,0,0
BRDA:52,9,1,4
BRDA:53,10,0,0
BRDA:53,10,1,4
BRDA:55,11,0,0
BRDA:55,11,1,4
BRDA:56,12,0,0
BRDA:56,12,1,4
BRDA:73,13,0,1
BRDA:73,13,1,4
BRDA:76,14,0,4
BRDA:76,14,1,0
BRDA:81,15,0,0
BRDA:81,15,1,3
BRDA:81,16,0,3
BRDA:81,16,1,0
BRDA:98,17,0,0
BRDA:98,17,1,24
BRDA:137,18,0,0
BRDA:137,18,1,12
BRDA:150,19,0,0
BRDA:150,19,1,12
BRF:40
BRH:23
end_of_record
TN:
SF:src\components\sign-up\sign-up.styles.jsx
FNF:0
FNH:0
DA:4,3
DA:14,3
DA:25,3
DA:28,3
DA:31,3
DA:34,3
DA:37,3
DA:47,3
DA:48,3
LF:9
LH:9
BRF:0
BRH:0
end_of_record
TN:
SF:src\components\spinner\spinner.component.jsx
FN:5,(anonymous_0)
FNF:1
FNH:1
FNDA:3,(anonymous_0)
DA:5,4
DA:6,3
LF:2
LH:2
BRF:0
BRH:0
end_of_record
TN:
SF:src\components\spinner\spinner.styles.jsx
FNF:0
FNH:0
DA:3,4
DA:11,4
LF:2
LH:2
BRF:0
BRH:0
end_of_record
TN:
SF:src\components\stripe-checkout\stripe-checkout.component.jsx
FN:15,CheckoutForm
FN:41,(anonymous_1)
FN:42,(anonymous_2)
FN:69,(anonymous_3)
FN:99,(anonymous_4)
FN:117,(anonymous_5)
FN:128,(anonymous_6)
FN:139,(anonymous_7)
FN:155,(anonymous_8)
FN:165,(anonymous_9)
FN:176,(anonymous_10)
FN:186,(anonymous_11)
FN:201,(anonymous_12)
FN:203,(anonymous_13)
FN:209,(anonymous_14)
FNF:15
FNH:6
FNDA:7,CheckoutForm
FNDA:7,(anonymous_1)
FNDA:7,(anonymous_2)
FNDA:1,(anonymous_3)
FNDA:7,(anonymous_4)
FNDA:0,(anonymous_5)
FNDA:0,(anonymous_6)
FNDA:0,(anonymous_7)
FNDA:0,(anonymous_8)
FNDA:0,(anonymous_9)
FNDA:0,(anonymous_10)
FNDA:0,(anonymous_11)
FNDA:0,(anonymous_12)
FNDA:0,(anonymous_13)
FNDA:1,(anonymous_14)
DA:26,7
DA:27,7
DA:28,7
DA:29,7
DA:34,7
DA:41,7
DA:42,7
DA:43,7
DA:44,6
DA:45,1
DA:50,0
DA:53,0
DA:57,0
DA:69,7
DA:70,1
DA:71,1
DA:75,1
DA:82,1
DA:83,0
DA:84,1
DA:88,1
DA:89,1
DA:99,7
DA:100,7
DA:109,7
DA:118,0
DA:129,0
DA:140,0
DA:147,7
DA:156,0
DA:166,0
DA:177,0
DA:187,0
DA:193,7
DA:201,0
DA:203,0
DA:207,7
DA:209,1
LF:38
LH:25
BRDA:43,0,0,6
BRDA:43,0,1,1
BRDA:45,1,0,0
BRDA:45,1,1,1
BRDA:46,2,0,1
BRDA:46,2,1,1
BRDA:46,2,2,0
BRDA:53,3,0,0
BRDA:53,3,1,0
BRDA:54,4,0,0
BRDA:54,4,1,0
BRDA:82,5,0,0
BRDA:82,5,1,1
BRDA:84,6,0,1
BRDA:84,6,1,0
BRDA:85,7,0,1
BRDA:85,7,1,1
BRDA:101,8,0,1
BRDA:101,8,1,6
BRDA:103,9,0,1
BRDA:103,9,1,5
BRDA:193,10,0,0
BRDA:193,10,1,7
BRDA:219,11,0,1
BRDA:219,11,1,6
BRF:25
BRH:16
end_of_record
TN:
SF:src\components\stripe-checkout\stripe-checkout.styles.jsx
FNF:0
FNH:0
DA:7,2
DA:32,2
DA:33,2
DA:35,2
DA:39,2
DA:54,2
DA:64,2
DA:72,2
LF:8
LH:8
BRF:0
BRH:0
end_of_record
TN:
SF:src\components\stripe-payments\stripe-payments.component.jsx
FN:25,StripePayments
FN:37,(anonymous_1)
FN:82,(anonymous_2)
FN:83,(anonymous_3)
FN:85,(anonymous_4)
FN:87,(anonymous_5)
FN:89,(anonymous_6)
FNF:7
FNH:2
FNDA:3,StripePayments
FNDA:3,(anonymous_1)
FNDA:0,(anonymous_2)
FNDA:0,(anonymous_3)
FNDA:0,(anonymous_4)
FNDA:0,(anonymous_5)
FNDA:0,(anonymous_6)
DA:21,1
DA:37,3
DA:38,3
DA:39,1
DA:40,2
DA:41,1
DA:54,3
DA:73,1
DA:82,1
DA:84,0
DA:86,0
DA:88,0
DA:90,0
LF:13
LH:9
BRDA:38,0,0,1
BRDA:38,0,1,2
BRDA:38,1,0,3
BRDA:38,1,1,1
BRDA:40,2,0,1
BRDA:40,2,1,1
BRDA:40,3,0,2
BRDA:40,3,1,1
BRF:8
BRH:8
end_of_record
TN:
SF:src\components\stripe-payments\stripe-payments.styles.jsx
FNF:0
FNH:0
DA:2,1
DA:10,1
LF:2
LH:2
BRF:0
BRH:0
end_of_record
TN:
SF:src\components\with-spinner\with-spinner.component.jsx
FN:6,(anonymous_0)
FN:7,(anonymous_1)
FNF:2
FNH:2
FNDA:3,(anonymous_0)
FNDA:7,(anonymous_1)
DA:6,3
DA:7,3
DA:8,7
LF:3
LH:3
BRDA:8,0,0,4
BRDA:8,0,1,3
BRF:2
BRH:2
end_of_record
TN:
SF:src\components\with-spinner\with-spinner.styles.jsx
FNF:0
FNH:0
DA:3,0
DA:11,0
LF:2
LH:0
BRF:0
BRH:0
end_of_record
TN:
SF:src\firebase\firebase.utils.js
FN:35,(anonymous_0)
FN:53,(anonymous_1)
FN:77,(anonymous_2)
FN:81,(anonymous_3)
FN:89,(anonymous_4)
FN:90,(anonymous_5)
FN:99,(anonymous_6)
FN:105,(anonymous_7)
FN:110,(anonymous_8)
FN:111,(anonymous_9)
FN:114,(anonymous_10)
FN:123,(anonymous_11)
FN:129,(anonymous_12)
FNF:13
FNH:3
FNDA:0,(anonymous_0)
FNDA:0,(anonymous_1)
FNDA:0,(anonymous_2)
FNDA:0,(anonymous_3)
FNDA:0,(anonymous_4)
FNDA:0,(anonymous_5)
FNDA:0,(anonymous_6)
FNDA:0,(anonymous_7)
FNDA:3,(anonymous_8)
FNDA:3,(anonymous_9)
FNDA:3,(anonymous_10)
FNDA:0,(anonymous_11)
FNDA:0,(anonymous_12)
DA:21,6
DA:31,6
DA:32,6
DA:33,6
DA:35,6
DA:36,0
DA:40,0
DA:41,0
DA:42,0
DA:43,0
DA:47,0
DA:49,0
DA:53,6
DA:54,0
DA:55,0
DA:57,0
DA:58,0
DA:60,0
DA:61,0
DA:62,0
DA:63,0
DA:64,0
DA:65,0
DA:71,0
DA:74,0
DA:77,6
DA:78,0
DA:80,0
DA:81,0
DA:82,0
DA:83,0
DA:86,0
DA:89,6
DA:90,0
DA:91,0
DA:92,0
DA:99,0
DA:100,0
DA:101,0
DA:105,6
DA:106,0
DA:107,0
DA:108,0
DA:110,6
DA:111,3
DA:112,3
DA:115,3
DA:116,3
DA:123,6
DA:124,0
DA:126,6
DA:127,6
DA:129,6
DA:130,0
LF:54
LH:18
BRDA:41,0,0,0
BRDA:41,0,1,0
BRDA:54,1,0,0
BRDA:54,1,1,0
BRDA:60,2,0,0
BRDA:60,2,1,0
BRF:6
BRH:0
end_of_record
TN:
SF:src\pages\checkout\checkout.component.jsx
FN:29,(anonymous_0)
FN:33,CheckoutPage
FN:41,(anonymous_2)
FN:47,(anonymous_3)
FN:48,(anonymous_4)
FN:68,(anonymous_5)
FN:85,(anonymous_6)
FN:93,(anonymous_7)
FN:95,(anonymous_8)
FN:125,(anonymous_9)
FN:126,(anonymous_10)
FNF:11
FNH:5
FNDA:0,(anonymous_0)
FNDA:2,CheckoutPage
FNDA:1,(anonymous_2)
FNDA:0,(anonymous_3)
FNDA:2,(anonymous_4)
FNDA:4,(anonymous_5)
FNDA:1,(anonymous_6)
FNDA:0,(anonymous_7)
FNDA:0,(anonymous_8)
FNDA:0,(anonymous_9)
FNDA:0,(anonymous_10)
DA:29,1
DA:30,0
DA:40,2
DA:41,2
DA:42,1
DA:47,2
DA:48,2
DA:49,2
DA:67,2
DA:68,2
DA:69,4
DA:72,2
DA:80,2
DA:85,1
DA:91,2
DA:93,0
DA:95,0
DA:100,2
DA:118,1
DA:125,1
DA:126,0
LF:21
LH:17
BRDA:42,0,0,1
BRDA:42,0,1,0
BRDA:43,1,0,1
BRDA:43,1,1,0
BRDA:67,2,0,0
BRDA:67,2,1,2
BRDA:72,3,0,0
BRDA:72,3,1,2
BRDA:80,4,0,2
BRDA:80,4,1,0
BRDA:91,5,0,0
BRDA:91,5,1,2
BRF:12
BRH:6
end_of_record
TN:
SF:src\pages\checkout\checkout.styles.jsx
FNF:0
FNH:0
DA:5,1
DA:13,1
DA:14,1
DA:16,1
DA:30,1
DA:47,1
DA:58,1
DA:70,1
DA:75,1
LF:9
LH:9
BRF:0
BRH:0
end_of_record
TN:
SF:src\pages\collection\collection.component.jsx
FN:14,CollectionPage
FN:20,(anonymous_1)
FN:28,(anonymous_2)
FNF:3
FNH:1
FNDA:1,CollectionPage
FNDA:0,(anonymous_1)
FNDA:0,(anonymous_2)
DA:15,1
DA:16,1
DA:21,0
DA:28,1
LF:4
LH:3
BRF:0
BRH:0
end_of_record
TN:
SF:src\pages\collection\collection.container.jsx
FN:10,(anonymous_0)
FNF:1
FNH:0
FNDA:0,(anonymous_0)
DA:9,0
DA:10,0
DA:13,0
LF:3
LH:0
BRF:0
BRH:0
end_of_record
TN:
SF:src\pages\collection\collection.styles.jsx
FNF:0
FNH:0
DA:3,1
DA:9,1
DA:14,1
LF:3
LH:3
BRF:0
BRH:0
end_of_record
TN:
SF:src\pages\homepage\homepage.component.jsx
FN:6,HomePage
FNF:1
FNH:1
FNDA:1,HomePage
DA:7,1
LF:1
LH:1
BRF:0
BRH:0
end_of_record
TN:
SF:src\pages\homepage\homepage.styles.jsx
FNF:0
FNH:0
DA:3,1
LF:1
LH:1
BRF:0
BRH:0
end_of_record
TN:
SF:src\pages\invoice\invoice.component.jsx
FN:8,InvoicePage
FN:10,(anonymous_1)
FN:18,(anonymous_2)
FN:19,(anonymous_3)
FNF:4
FNH:2
FNDA:2,InvoicePage
FNDA:2,(anonymous_1)
FNDA:0,(anonymous_2)
FNDA:0,(anonymous_3)
DA:9,2
DA:10,2
DA:11,2
DA:13,2
DA:18,1
DA:19,0
LF:6
LH:5
BRF:0
BRH:0
end_of_record
TN:
SF:src\pages\shop\shop.component.jsx
FN:12,(anonymous_0)
FN:16,(anonymous_1)
FN:20,ShopPage
FN:23,(anonymous_3)
FN:43,(anonymous_4)
FN:44,(anonymous_5)
FNF:6
FNH:3
FNDA:1,(anonymous_0)
FNDA:0,(anonymous_1)
FNDA:2,ShopPage
FNDA:2,(anonymous_3)
FNDA:0,(anonymous_4)
FNDA:0,(anonymous_5)
DA:12,1
DA:13,1
DA:16,1
DA:17,0
DA:21,2
DA:23,2
DA:24,2
DA:26,2
DA:43,1
DA:44,0
LF:10
LH:8
BRF:0
BRH:0
end_of_record
TN:
SF:src\pages\shop\shop.styles.jsx
FNF:0
FNH:0
DA:3,1
LF:1
LH:1
BRF:0
BRH:0
end_of_record
TN:
SF:src\pages\sign-in-and-sign-up\sign-in-and-sign-up.component.jsx
FN:8,SignInAndSignUpPage
FN:12,(anonymous_1)
FN:13,(anonymous_2)
FN:31,(anonymous_3)
FN:35,(anonymous_4)
FN:49,(anonymous_5)
FN:59,(anonymous_6)
FNF:7
FNH:4
FNDA:1,SignInAndSignUpPage
FNDA:1,(anonymous_1)
FNDA:0,(anonymous_2)
FNDA:1,(anonymous_3)
FNDA:1,(anonymous_4)
FNDA:0,(anonymous_5)
FNDA:0,(anonymous_6)
DA:9,1
DA:10,1
DA:11,1
DA:12,1
DA:13,1
DA:14,0
DA:15,0
DA:16,0
DA:17,0
DA:22,1
DA:27,0
DA:29,1
DA:31,1
DA:32,1
DA:35,1
DA:36,1
DA:37,1
DA:43,0
DA:44,0
DA:49,0
DA:55,0
DA:56,0
DA:59,0
DA:66,1
LF:24
LH:13
BRDA:14,0,0,0
BRDA:14,0,1,0
BRDA:17,1,0,0
BRDA:17,1,1,0
BRDA:22,2,0,0
BRDA:22,2,1,1
BRDA:36,3,0,1
BRDA:36,3,1,0
BRDA:43,4,0,0
BRDA:43,4,1,0
BRDA:43,5,0,0
BRDA:43,5,1,0
BRDA:55,6,0,0
BRDA:55,6,1,0
BRDA:55,7,0,0
BRDA:55,7,1,0
BRF:16
BRH:2
end_of_record
TN:
SF:src\pages\sign-in-and-sign-up\sign-in-and-sign-up.styles.jsx
FNF:0
FNH:0
DA:4,1
LF:1
LH:1
BRF:0
BRH:0
end_of_record
TN:
SF:src\redux\mockStore.js
FN:4,(anonymous_0)
FNF:1
FNH:1
FNDA:6,(anonymous_0)
DA:4,6
DA:5,6
DA:9,6
LF:3
LH:3
BRF:0
BRH:0
end_of_record
TN:
SF:src\redux\root-reducer.js
FN:27,(anonymous_0)
FNF:1
FNH:1
FNDA:12,(anonymous_0)
DA:13,6
DA:18,6
DA:27,6
DA:28,12
DA:29,0
DA:31,12
LF:6
LH:5
BRDA:28,0,0,0
BRDA:28,0,1,12
BRF:2
BRH:1
end_of_record
TN:
SF:src\redux\root-saga.js
FN:10,rootSaga
FNF:1
FNH:0
FNDA:0,rootSaga
DA:11,0
LF:1
LH:0
BRF:0
BRH:0
end_of_record
TN:
SF:src\redux\saga-testing.utils.js
FN:3,recordSaga
FN:8,(anonymous_1)
FNF:2
FNH:0
FNDA:0,recordSaga
FNDA:0,(anonymous_1)
DA:4,0
DA:6,0
DA:8,0
DA:14,0
LF:4
LH:0
BRF:0
BRH:0
end_of_record
TN:
SF:src\redux\store.js
FNF:0
FNH:0
DA:9,0
DA:11,0
DA:13,0
DA:17,0
DA:18,0
DA:20,0
DA:25,0
DA:27,0
LF:8
LH:0
BRDA:13,0,0,0
BRDA:13,0,1,0
BRDA:13,0,2,0
BRDA:13,0,3,0
BRDA:17,1,0,0
BRDA:17,1,1,0
BRF:6
BRH:0
end_of_record
TN:
SF:src\redux\cart\cart.actions.js
FN:3,(anonymous_0)
FN:9,(anonymous_1)
FN:16,(anonymous_2)
FN:21,(anonymous_3)
FN:26,(anonymous_4)
FN:29,(anonymous_5)
FNF:6
FNH:6
FNDA:2,(anonymous_0)
FNDA:1,(anonymous_1)
FNDA:1,(anonymous_2)
FNDA:1,(anonymous_3)
FNDA:3,(anonymous_4)
FNDA:1,(anonymous_5)
DA:3,13
DA:4,2
DA:9,13
DA:10,1
DA:16,13
DA:21,13
DA:26,13
DA:29,13
LF:8
LH:8
BRF:0
BRH:0
end_of_record
TN:
SF:src\redux\cart\cart.reducer.js
FN:10,(anonymous_0)
FN:31,(anonymous_1)
FNF:2
FNH:2
FNDA:37,(anonymous_0)
FNDA:2,(anonymous_1)
DA:4,7
DA:10,7
DA:11,37
DA:13,1
DA:18,1
DA:23,1
DA:28,1
DA:31,2
DA:36,1
DA:38,1
DA:43,31
LF:11
LH:11
BRDA:10,0,0,31
BRDA:11,1,0,1
BRDA:11,1,1,1
BRDA:11,1,2,1
BRDA:11,1,3,1
BRDA:11,1,4,1
BRDA:11,1,5,1
BRDA:11,1,6,31
BRF:8
BRH:8
end_of_record
TN:
SF:src\redux\cart\cart.sagas.js
FN:14,clearCartOnSignOut
FN:18,updateCartInFirebase
FN:31,checkCartFromFirebase
FN:37,onSignOutSuccess
FN:41,onUserSignIn
FN:45,onCartChange
FN:56,cartSagas
FNF:7
FNH:2
FNDA:1,clearCartOnSignOut
FNDA:0,updateCartInFirebase
FNDA:0,checkCartFromFirebase
FNDA:1,onSignOutSuccess
FNDA:0,onUserSignIn
FNDA:0,onCartChange
FNDA:0,cartSagas
DA:15,1
DA:19,0
DA:20,0
DA:21,0
DA:22,0
DA:23,0
DA:24,0
DA:26,0
DA:32,0
DA:33,0
DA:34,0
DA:38,1
DA:42,0
DA:46,0
DA:57,0
LF:15
LH:2
BRDA:20,0,0,0
BRDA:20,0,1,0
BRF:2
BRH:0
end_of_record
TN:
SF:src\redux\cart\cart.selector.js
FN:3,(anonymous_0)
FN:6,(anonymous_1)
FN:10,(anonymous_2)
FN:14,(anonymous_3)
FN:16,(anonymous_4)
FN:20,(anonymous_5)
FN:22,(anonymous_6)
FNF:7
FNH:3
FNDA:5,(anonymous_0)
FNDA:1,(anonymous_1)
FNDA:0,(anonymous_2)
FNDA:1,(anonymous_3)
FNDA:0,(anonymous_4)
FNDA:0,(anonymous_5)
FNDA:0,(anonymous_6)
DA:3,6
DA:4,6
DA:6,1
DA:8,6
DA:10,0
DA:12,6
DA:15,1
DA:16,0
DA:20,6
DA:21,0
DA:22,0
LF:11
LH:7
BRF:0
BRH:0
end_of_record
TN:
SF:src\redux\cart\cart.types.js
FNF:0
FNH:0
DA:1,17
LF:1
LH:1
BRF:0
BRH:0
end_of_record
TN:
SF:src\redux\cart\cart.utils.js
FN:1,(anonymous_0)
FN:3,(anonymous_1)
FN:7,(anonymous_2)
FN:17,(anonymous_3)
FN:19,(anonymous_4)
FN:23,(anonymous_5)
FN:26,(anonymous_6)
FNF:7
FNH:6
FNDA:1,(anonymous_0)
FNDA:1,(anonymous_1)
FNDA:2,(anonymous_2)
FNDA:1,(anonymous_3)
FNDA:1,(anonymous_4)
FNDA:0,(anonymous_5)
FNDA:2,(anonymous_6)
DA:1,7
DA:2,1
DA:3,1
DA:6,1
DA:7,1
DA:8,2
DA:14,0
DA:17,7
DA:18,1
DA:19,1
DA:22,1
DA:23,0
DA:26,1
DA:27,2
LF:14
LH:12
BRDA:6,0,0,1
BRDA:6,0,1,0
BRDA:8,1,0,1
BRDA:8,1,1,1
BRDA:22,2,0,0
BRDA:22,2,1,1
BRDA:27,3,0,1
BRDA:27,3,1,1
BRF:8
BRH:6
end_of_record
TN:
SF:src\redux\checkout\checkout.actions.js
FN:3,(anonymous_0)
FN:7,(anonymous_1)
FN:11,(anonymous_2)
FN:15,(anonymous_3)
FN:19,(anonymous_4)
FN:23,(anonymous_5)
FN:27,(anonymous_6)
FNF:7
FNH:7
FNDA:1,(anonymous_0)
FNDA:1,(anonymous_1)
FNDA:1,(anonymous_2)
FNDA:1,(anonymous_3)
FNDA:1,(anonymous_4)
FNDA:1,(anonymous_5)
FNDA:1,(anonymous_6)
DA:3,4
DA:7,4
DA:11,4
DA:15,4
DA:19,4
DA:23,4
DA:27,4
LF:7
LH:7
BRF:0
BRH:0
end_of_record
TN:
SF:src\redux\checkout\checkout.reducer.js
FN:8,(anonymous_0)
FNF:1
FNH:1
FNDA:36,(anonymous_0)
DA:3,7
DA:8,7
DA:9,36
DA:11,1
DA:13,1
DA:15,1
DA:17,1
DA:19,1
DA:24,0
DA:29,31
LF:10
LH:9
BRDA:8,0,0,31
BRDA:9,1,0,1
BRDA:9,1,1,1
BRDA:9,1,2,1
BRDA:9,1,3,1
BRDA:9,1,4,1
BRDA:9,1,5,0
BRDA:9,1,6,31
BRF:8
BRH:7
end_of_record
TN:
SF:src\redux\checkout\checkout.sagas.js
FN:14,resetCheckoutAndCart
FN:20,createOrderSTART
FN:40,onCheckoutSuccess
FN:44,checkoutSagas
FNF:4
FNH:1
FNDA:0,resetCheckoutAndCart
FNDA:0,createOrderSTART
FNDA:1,onCheckoutSuccess
FNDA:0,checkoutSagas
DA:15,0
DA:16,0
DA:17,0
DA:23,0
DA:24,0
DA:31,0
DA:32,0
DA:33,0
DA:35,0
DA:36,0
DA:41,1
DA:45,0
LF:12
LH:1
BRF:0
BRH:0
end_of_record
TN:
SF:src\redux\checkout\checkout.selectors.js
FN:3,(anonymous_0)
FN:6,(anonymous_1)
FNF:2
FNH:0
FNDA:0,(anonymous_0)
FNDA:0,(anonymous_1)
DA:3,2
DA:4,2
DA:6,0
LF:3
LH:2
BRF:0
BRH:0
end_of_record
TN:
SF:src\redux\checkout\checkout.types.js
FNF:0
FNH:0
DA:1,10
LF:1
LH:1
BRF:0
BRH:0
end_of_record
TN:
SF:src\redux\directory\directory.reducer.js
FN:38,(anonymous_0)
FNF:1
FNH:1
FNDA:31,(anonymous_0)
DA:1,7
DA:38,7
DA:39,31
DA:41,31
LF:4
LH:4
BRDA:38,0,0,31
BRDA:39,1,0,31
BRF:2
BRH:2
end_of_record
TN:
SF:src\redux\directory\directory.selectors.js
FN:3,(anonymous_0)
FN:7,(anonymous_1)
FNF:2
FNH:0
FNDA:0,(anonymous_0)
FNDA:0,(anonymous_1)
DA:3,2
DA:5,2
DA:7,0
LF:3
LH:2
BRF:0
BRH:0
end_of_record
TN:
SF:src\redux\order\order.actions.js
FN:3,(anonymous_0)
FN:8,(anonymous_1)
FN:13,(anonymous_2)
FNF:3
FNH:3
FNDA:1,(anonymous_0)
FNDA:1,(anonymous_1)
FNDA:1,(anonymous_2)
DA:3,3
DA:8,3
DA:13,3
LF:3
LH:3
BRF:0
BRH:0
end_of_record
TN:
SF:src\redux\order\order.reducer.js
FN:9,(anonymous_0)
FNF:1
FNH:1
FNDA:34,(anonymous_0)
DA:3,7
DA:9,7
DA:10,34
DA:12,1
DA:14,1
DA:16,1
DA:18,31
LF:7
LH:7
BRDA:9,0,0,31
BRDA:10,1,0,1
BRDA:10,1,1,1
BRDA:10,1,2,1
BRDA:10,1,3,31
BRF:5
BRH:5
end_of_record
TN:
SF:src\redux\order\order.sagas.js
FN:9,fetchOrderAsyncSTART
FN:18,fetchOrderStart
FN:22,orderSagas
FNF:3
FNH:1
FNDA:0,fetchOrderAsyncSTART
FNDA:1,fetchOrderStart
FNDA:0,orderSagas
DA:10,0
DA:11,0
DA:12,0
DA:14,0
DA:19,1
DA:23,0
LF:6
LH:1
BRF:0
BRH:0
end_of_record
TN:
SF:src\redux\order\order.selectors.js
FN:3,(anonymous_0)
FN:7,(anonymous_1)
FN:12,(anonymous_2)
FNF:3
FNH:2
FNDA:1,(anonymous_0)
FNDA:0,(anonymous_1)
FNDA:1,(anonymous_2)
DA:3,2
DA:5,2
DA:7,0
DA:10,2
DA:12,1
LF:5
LH:4
BRF:0
BRH:0
end_of_record
TN:
SF:src\redux\order\order.types.js
FNF:0
FNH:0
DA:1,9
LF:1
LH:1
BRF:0
BRH:0
end_of_record
TN:
SF:src\redux\shop\shop.actions.js
FN:10,(anonymous_0)
FN:14,(anonymous_1)
FN:19,(anonymous_2)
FN:23,(anonymous_3)
FN:24,(anonymous_4)
FN:29,(anonymous_5)
FN:33,(anonymous_6)
FNF:7
FNH:5
FNDA:3,(anonymous_0)
FNDA:3,(anonymous_1)
FNDA:3,(anonymous_2)
FNDA:1,(anonymous_3)
FNDA:1,(anonymous_4)
FNDA:0,(anonymous_5)
FNDA:0,(anonymous_6)
DA:10,3
DA:14,3
DA:19,3
DA:23,3
DA:24,1
DA:25,1
DA:26,1
DA:28,1
DA:30,0
DA:31,0
DA:33,0
LF:11
LH:8
BRF:0
BRH:0
end_of_record
TN:
SF:src\redux\shop\shop.reducer.js
FN:9,(anonymous_0)
FNF:1
FNH:1
FNDA:34,(anonymous_0)
DA:3,7
DA:9,7
DA:10,34
DA:12,1
DA:14,1
DA:16,1
DA:18,31
LF:7
LH:7
BRDA:9,0,0,31
BRDA:10,1,0,1
BRDA:10,1,1,1
BRDA:10,1,2,1
BRDA:10,1,3,31
BRF:5
BRH:5
end_of_record
TN:
SF:src\redux\shop\shop.sagas.js
FN:16,fetchCollectionsAsync
FN:30,fetchCollectionsStart
FN:37,shopSagas
FNF:3
FNH:2
FNDA:2,fetchCollectionsAsync
FNDA:1,fetchCollectionsStart
FNDA:0,shopSagas
DA:17,2
DA:18,2
DA:19,2
DA:20,1
DA:24,1
DA:26,1
DA:31,1
DA:38,0
LF:8
LH:7
BRF:0
BRH:0
end_of_record
TN:
SF:src\redux\shop\shop.selectors.js
FN:3,(anonymous_0)
FN:7,(anonymous_1)
FN:11,(anonymous_2)
FN:12,(anonymous_3)
FN:14,(anonymous_4)
FN:15,(anonymous_5)
FN:21,(anonymous_6)
FN:25,(anonymous_7)
FNF:8
FNH:4
FNDA:2,(anonymous_0)
FNDA:1,(anonymous_1)
FNDA:1,(anonymous_2)
FNDA:0,(anonymous_3)
FNDA:0,(anonymous_4)
FNDA:0,(anonymous_5)
FNDA:1,(anonymous_6)
FNDA:0,(anonymous_7)
DA:3,3
DA:5,3
DA:7,1
DA:9,3
DA:12,1
DA:14,3
DA:15,0
DA:16,0
DA:19,3
DA:21,1
DA:23,3
DA:25,0
LF:12
LH:9
BRDA:12,0,0,0
BRDA:12,0,1,1
BRDA:16,1,0,0
BRDA:16,1,1,0
BRF:4
BRH:1
end_of_record
TN:
SF:src\redux\shop\shop.types.js
FNF:0
FNH:0
DA:1,9
LF:1
LH:1
BRF:0
BRH:0
end_of_record
TN:
SF:src\redux\stripe\stripe.actions.js
FN:2,(anonymous_0)
FN:7,(anonymous_1)
FN:12,(anonymous_2)
FN:17,(anonymous_3)
FN:22,(anonymous_4)
FN:26,(anonymous_5)
FN:30,(anonymous_6)
FN:34,(anonymous_7)
FN:39,(anonymous_8)
FN:44,(anonymous_9)
FN:49,(anonymous_10)
FN:53,(anonymous_11)
FN:57,(anonymous_12)
FN:62,(anonymous_13)
FN:67,(anonymous_14)
FN:72,(anonymous_15)
FN:75,(anonymous_16)
FNF:17
FNH:16
FNDA:1,(anonymous_0)
FNDA:1,(anonymous_1)
FNDA:1,(anonymous_2)
FNDA:1,(anonymous_3)
FNDA:1,(anonymous_4)
FNDA:1,(anonymous_5)
FNDA:1,(anonymous_6)
FNDA:1,(anonymous_7)
FNDA:1,(anonymous_8)
FNDA:1,(anonymous_9)
FNDA:1,(anonymous_10)
FNDA:1,(anonymous_11)
FNDA:1,(anonymous_12)
FNDA:1,(anonymous_13)
FNDA:1,(anonymous_14)
FNDA:1,(anonymous_15)
FNDA:0,(anonymous_16)
DA:2,3
DA:7,3
DA:12,3
DA:17,3
DA:22,3
DA:26,3
DA:30,3
DA:34,3
DA:39,3
DA:44,3
DA:49,3
DA:53,3
DA:57,3
DA:62,3
DA:67,3
DA:72,3
DA:75,3
LF:17
LH:17
BRF:0
BRH:0
end_of_record
TN:
SF:src\redux\stripe\stripe.reducer.js
FN:10,(anonymous_0)
FNF:1
FNH:1
FNDA:40,(anonymous_0)
DA:3,7
DA:10,7
DA:11,40
DA:13,1
DA:19,1
DA:21,3
DA:27,1
DA:31,0
DA:37,2
DA:42,1
DA:50,31
LF:11
LH:10
BRDA:10,0,0,31
BRDA:11,1,0,1
BRDA:11,1,1,1
BRDA:11,1,2,3
BRDA:11,1,3,1
BRDA:11,1,4,0
BRDA:11,1,5,0
BRDA:11,1,6,0
BRDA:11,1,7,1
BRDA:11,1,8,2
BRDA:11,1,9,1
BRDA:11,1,10,31
BRF:12
BRH:9
end_of_record
TN:
SF:src\redux\stripe\stripe.sagas.js
FN:23,createClientSecretSTART
FN:32,cancelClientSecretSTART
FN:41,createPaymentIntentSTART
FN:53,(anonymous_3)
FN:56,(anonymous_4)
FN:68,createPaymentIntent
FN:75,updatePaymentIntentSTART
FN:85,(anonymous_7)
FN:94,updatePaymentIntent
FN:101,cancelPaymentIntentSTART
FN:117,cancelPaymentIntent
FN:124,cleanUp
FN:128,paymentIntentSucceded
FN:132,stripeSagas
FNF:14
FNH:4
FNDA:0,createClientSecretSTART
FNDA:0,cancelClientSecretSTART
FNDA:0,createPaymentIntentSTART
FNDA:0,(anonymous_3)
FNDA:0,(anonymous_4)
FNDA:1,createPaymentIntent
FNDA:0,updatePaymentIntentSTART
FNDA:0,(anonymous_7)
FNDA:1,updatePaymentIntent
FNDA:0,cancelPaymentIntentSTART
FNDA:1,cancelPaymentIntent
FNDA:0,cleanUp
FNDA:1,paymentIntentSucceded
FNDA:0,stripeSagas
DA:24,0
DA:25,0
DA:26,0
DA:28,0
DA:33,0
DA:34,0
DA:35,0
DA:37,0
DA:42,0
DA:43,0
DA:44,0
DA:45,0
DA:54,0
DA:57,0
DA:58,0
DA:60,0
DA:61,0
DA:62,0
DA:64,0
DA:69,1
DA:76,0
DA:77,0
DA:86,0
DA:88,0
DA:90,0
DA:95,1
DA:102,0
DA:103,0
DA:110,0
DA:111,0
DA:113,0
DA:118,1
DA:125,0
DA:129,1
DA:133,0
LF:35
LH:4
BRF:0
BRH:0
end_of_record
TN:
SF:src\redux\stripe\stripe.selectors.js
FN:4,(anonymous_0)
FN:8,(anonymous_1)
FN:13,(anonymous_2)
FNF:3
FNH:0
FNDA:0,(anonymous_0)
FNDA:0,(anonymous_1)
FNDA:0,(anonymous_2)
DA:4,1
DA:6,1
DA:8,0
DA:11,1
DA:13,0
LF:5
LH:3
BRF:0
BRH:0
end_of_record
TN:
SF:src\redux\stripe\stripe.types.js
FNF:0
FNH:0
DA:1,9
LF:1
LH:1
BRF:0
BRH:0
end_of_record
TN:
SF:src\redux\user\user.actions.js
FN:3,(anonymous_0)
FN:7,(anonymous_1)
FN:12,(anonymous_2)
FN:17,(anonymous_3)
FN:22,(anonymous_4)
FN:26,(anonymous_5)
FN:30,(anonymous_6)
FN:34,(anonymous_7)
FN:39,(anonymous_8)
FN:44,(anonymous_9)
FN:49,(anonymous_10)
FNF:11
FNH:3
FNDA:0,(anonymous_0)
FNDA:0,(anonymous_1)
FNDA:2,(anonymous_2)
FNDA:0,(anonymous_3)
FNDA:0,(anonymous_4)
FNDA:0,(anonymous_5)
FNDA:2,(anonymous_6)
FNDA:2,(anonymous_7)
FNDA:0,(anonymous_8)
FNDA:0,(anonymous_9)
FNDA:0,(anonymous_10)
DA:3,5
DA:7,5
DA:12,5
DA:17,5
DA:22,5
DA:26,5
DA:30,5
DA:34,5
DA:39,5
DA:44,5
DA:49,5
LF:11
LH:11
BRF:0
BRH:0
end_of_record
TN:
SF:src\redux\user\user.reducer.js
FN:8,(anonymous_0)
FNF:1
FNH:1
FNDA:36,(anonymous_0)
DA:3,7
DA:8,7
DA:9,36
DA:11,1
DA:17,1
DA:21,3
DA:26,31
LF:7
LH:7
BRDA:8,0,0,31
BRDA:9,1,0,1
BRDA:9,1,1,1
BRDA:9,1,2,1
BRDA:9,1,3,2
BRDA:9,1,4,3
BRDA:9,1,5,31
BRF:7
BRH:7
end_of_record
TN:
SF:src\redux\user\user.sagas.js
FN:26,getSnapshotFromUserAuth
FN:35,signInWithGoogle
FN:44,signInWithEmail
FN:54,isUserAuthenticated
FN:64,signOut
FN:73,signUp
FN:90,signInAfterSignUp
FN:94,onSignUpStart
FN:98,onSignOutStart
FN:102,onSignUpSuccess
FN:106,onGoogleSignInStart
FN:110,onCheckUserSession
FN:114,onEmailSignInStart
FN:118,userSagas
FNF:14
FNH:11
FNDA:1,getSnapshotFromUserAuth
FNDA:0,signInWithGoogle
FNDA:0,signInWithEmail
FNDA:2,isUserAuthenticated
FNDA:2,signOut
FNDA:1,signUp
FNDA:1,signInAfterSignUp
FNDA:1,onSignUpStart
FNDA:1,onSignOutStart
FNDA:1,onSignUpSuccess
FNDA:1,onGoogleSignInStart
FNDA:1,onCheckUserSession
FNDA:1,onEmailSignInStart
FNDA:0,userSagas
DA:27,1
DA:32,0
DA:36,0
DA:37,0
DA:38,0
DA:40,0
DA:45,0
DA:46,0
DA:47,0
DA:48,0
DA:50,0
DA:55,2
DA:56,2
DA:57,1
DA:58,1
DA:60,1
DA:65,2
DA:66,2
DA:67,1
DA:69,1
DA:74,1
DA:75,1
DA:80,0
DA:86,0
DA:91,1
DA:95,1
DA:99,1
DA:103,1
DA:107,1
DA:111,1
DA:115,1
DA:119,0
LF:32
LH:19
BRDA:57,0,0,0
BRDA:57,0,1,1
BRF:2
BRH:1
end_of_record
TN:
SF:src\redux\user\user.selector.js
FN:3,(anonymous_0)
FN:6,(anonymous_1)
FN:10,(anonymous_2)
FNF:3
FNH:2
FNDA:2,(anonymous_0)
FNDA:0,(anonymous_1)
FNDA:1,(anonymous_2)
DA:3,7
DA:4,7
DA:6,0
DA:8,7
DA:10,1
LF:5
LH:4
BRF:0
BRH:0
end_of_record
TN:
SF:src\redux\user\user.types.js
FNF:0
FNH:0
DA:1,11
LF:1
LH:1
BRF:0
BRH:0
end_of_record
